have_header: checking for iconv.h... -------------------- yes

"/usr/bin/clang -o conftest -I/Users/mc975/.rvm/rubies/ruby-2.0.0-p481/include/ruby-2.0.0/x86_64-darwin13.1.0 -I/Users/mc975/.rvm/rubies/ruby-2.0.0-p481/include/ruby-2.0.0/ruby/backward -I/Users/mc975/.rvm/rubies/ruby-2.0.0-p481/include/ruby-2.0.0 -I. -I/usr/include -D_XOPEN_SOURCE -D_DARWIN_C_SOURCE -D_DARWIN_UNLIMITED_SELECT -D_REENTRANT   -O3 -I/Users/travis/.sm/pkg/active/include -fPIC -mmacosx-version-min=10.7 -pipe  -Wno-error=unused-command-line-argument-hard-error-in-future conftest.c  -L. -L/Users/mc975/.rvm/rubies/ruby-2.0.0-p481/lib -L/usr/lib -L.  -L/Users/travis/.sm/pkg/active/lib -L/usr/lib -fPIC -Bstatic -fstack-protector   -arch x86_64   -lruby-static  -lpthread -ldl -lobjc  "
ld: warning: directory not found for option '-L/Users/travis/.sm/pkg/active/lib'
checked program was:
/* begin */
1: #include "ruby.h"
2: 
3: int main(int argc, char **argv)
4: {
5:   return 0;
6: }
/* end */

"/usr/bin/clang -E -I/Users/mc975/.rvm/rubies/ruby-2.0.0-p481/include/ruby-2.0.0/x86_64-darwin13.1.0 -I/Users/mc975/.rvm/rubies/ruby-2.0.0-p481/include/ruby-2.0.0/ruby/backward -I/Users/mc975/.rvm/rubies/ruby-2.0.0-p481/include/ruby-2.0.0 -I. -I/usr/include -D_XOPEN_SOURCE -D_DARWIN_C_SOURCE -D_DARWIN_UNLIMITED_SELECT -D_REENTRANT   -O3 -I/Users/travis/.sm/pkg/active/include -fPIC -mmacosx-version-min=10.7 -pipe  -Wno-error=unused-command-line-argument-hard-error-in-future  conftest.c -o conftest.i"
checked program was:
/* begin */
1: #include "ruby.h"
2: 
3: #include <iconv.h>
/* end */

--------------------

have_func: checking for iconv_open() in iconv.h... -------------------- no

"/usr/bin/clang -o conftest -I/Users/mc975/.rvm/rubies/ruby-2.0.0-p481/include/ruby-2.0.0/x86_64-darwin13.1.0 -I/Users/mc975/.rvm/rubies/ruby-2.0.0-p481/include/ruby-2.0.0/ruby/backward -I/Users/mc975/.rvm/rubies/ruby-2.0.0-p481/include/ruby-2.0.0 -I. -I/usr/include -D_XOPEN_SOURCE -D_DARWIN_C_SOURCE -D_DARWIN_UNLIMITED_SELECT -D_REENTRANT   -O3 -I/Users/travis/.sm/pkg/active/include -fPIC -mmacosx-version-min=10.7 -pipe  -Wno-error=unused-command-line-argument-hard-error-in-future conftest.c  -L. -L/Users/mc975/.rvm/rubies/ruby-2.0.0-p481/lib -L/usr/lib -L.  -L/Users/travis/.sm/pkg/active/lib -L/usr/lib -fPIC -Bstatic -fstack-protector   -arch x86_64   -lruby-static  -lpthread -ldl -lobjc  "
ld: warning: directory not found for option '-L/Users/travis/.sm/pkg/active/lib'
Undefined symbols for architecture x86_64:
  "_iconv_open", referenced from:
      _t in conftest-1a31d1.o
ld: symbol(s) not found for architecture x86_64
clang: error: linker command failed with exit code 1 (use -v to see invocation)
checked program was:
/* begin */
 1: #include "ruby.h"
 2: 
 3: #include <iconv.h>
 4: 
 5: /*top*/
 6: extern int t(void);
 7: int t(void) { void ((*volatile p)()); p = (void ((*)()))iconv_open; return 0; }
 8: int main(int argc, char **argv)
 9: {
10:   if (argc > 1000000) {
11:     printf("%p", &t);
12:   }
13: 
14:   return 0;
15: }
/* end */

"/usr/bin/clang -o conftest -I/Users/mc975/.rvm/rubies/ruby-2.0.0-p481/include/ruby-2.0.0/x86_64-darwin13.1.0 -I/Users/mc975/.rvm/rubies/ruby-2.0.0-p481/include/ruby-2.0.0/ruby/backward -I/Users/mc975/.rvm/rubies/ruby-2.0.0-p481/include/ruby-2.0.0 -I. -I/usr/include -D_XOPEN_SOURCE -D_DARWIN_C_SOURCE -D_DARWIN_UNLIMITED_SELECT -D_REENTRANT   -O3 -I/Users/travis/.sm/pkg/active/include -fPIC -mmacosx-version-min=10.7 -pipe  -Wno-error=unused-command-line-argument-hard-error-in-future conftest.c  -L. -L/Users/mc975/.rvm/rubies/ruby-2.0.0-p481/lib -L/usr/lib -L.  -L/Users/travis/.sm/pkg/active/lib -L/usr/lib -fPIC -Bstatic -fstack-protector   -arch x86_64   -lruby-static  -lpthread -ldl -lobjc  "
conftest.c:7:26: error: too few arguments to function call, expected 2, have 0
int t(void) { iconv_open(); return 0; }
              ~~~~~~~~~~ ^
/usr/include/iconv.h:62:1: note: 'iconv_open' declared here
iconv_t iconv_open (const char* /*tocode*/, const char* /*fromcode*/);
^
1 error generated.
checked program was:
/* begin */
 1: #include "ruby.h"
 2: 
 3: #include <iconv.h>
 4: 
 5: /*top*/
 6: extern int t(void);
 7: int t(void) { iconv_open(); return 0; }
 8: int main(int argc, char **argv)
 9: {
10:   if (argc > 1000000) {
11:     printf("%p", &t);
12:   }
13: 
14:   return 0;
15: }
/* end */

--------------------

have_library: checking for iconv_open() in -liconv... -------------------- yes

"/usr/bin/clang -o conftest -I/Users/mc975/.rvm/rubies/ruby-2.0.0-p481/include/ruby-2.0.0/x86_64-darwin13.1.0 -I/Users/mc975/.rvm/rubies/ruby-2.0.0-p481/include/ruby-2.0.0/ruby/backward -I/Users/mc975/.rvm/rubies/ruby-2.0.0-p481/include/ruby-2.0.0 -I. -I/usr/include -D_XOPEN_SOURCE -D_DARWIN_C_SOURCE -D_DARWIN_UNLIMITED_SELECT -D_REENTRANT   -O3 -I/Users/travis/.sm/pkg/active/include -fPIC -mmacosx-version-min=10.7 -pipe  -Wno-error=unused-command-line-argument-hard-error-in-future conftest.c  -L. -L/Users/mc975/.rvm/rubies/ruby-2.0.0-p481/lib -L/usr/lib -L.  -L/Users/travis/.sm/pkg/active/lib -L/usr/lib -fPIC -Bstatic -fstack-protector   -arch x86_64   -lruby-static -liconv  -lpthread -ldl -lobjc  "
ld: warning: directory not found for option '-L/Users/travis/.sm/pkg/active/lib'
checked program was:
/* begin */
 1: #include "ruby.h"
 2: 
 3: #include <iconv.h>
 4: 
 5: /*top*/
 6: extern int t(void);
 7: int t(void) { void ((*volatile p)()); p = (void ((*)()))iconv_open; return 0; }
 8: int main(int argc, char **argv)
 9: {
10:   if (argc > 1000000) {
11:     printf("%p", &t);
12:   }
13: 
14:   return 0;
15: }
/* end */

--------------------

have_library: checking for main() in -llzma... -------------------- yes

"/usr/bin/clang -o conftest -I/Users/mc975/.rvm/rubies/ruby-2.0.0-p481/include/ruby-2.0.0/x86_64-darwin13.1.0 -I/Users/mc975/.rvm/rubies/ruby-2.0.0-p481/include/ruby-2.0.0/ruby/backward -I/Users/mc975/.rvm/rubies/ruby-2.0.0-p481/include/ruby-2.0.0 -I. -D_XOPEN_SOURCE -D_DARWIN_C_SOURCE -D_DARWIN_UNLIMITED_SELECT -D_REENTRANT   -O3 -I/Users/travis/.sm/pkg/active/include -fPIC -mmacosx-version-min=10.7 -pipe  -Wno-error=unused-command-line-argument-hard-error-in-future -DNOKOGIRI_USE_PACKAGED_LIBRARIES conftest.c  -L. -L/Users/mc975/.rvm/rubies/ruby-2.0.0-p481/lib -L.  -L/Users/travis/.sm/pkg/active/lib -L/usr/lib -fPIC -Bstatic -fstack-protector   -arch x86_64   -lruby-static -llzma  -lpthread -ldl -lobjc  "
conftest.c:5:57: error: use of undeclared identifier 'main'
int t(void) { void ((*volatile p)()); p = (void ((*)()))main; return 0; }
                                                        ^
1 error generated.
checked program was:
/* begin */
 1: #include "ruby.h"
 2: 
 3: /*top*/
 4: extern int t(void);
 5: int t(void) { void ((*volatile p)()); p = (void ((*)()))main; return 0; }
 6: int main(int argc, char **argv)
 7: {
 8:   if (argc > 1000000) {
 9:     printf("%p", &t);
10:   }
11: 
12:   return 0;
13: }
/* end */

"/usr/bin/clang -o conftest -I/Users/mc975/.rvm/rubies/ruby-2.0.0-p481/include/ruby-2.0.0/x86_64-darwin13.1.0 -I/Users/mc975/.rvm/rubies/ruby-2.0.0-p481/include/ruby-2.0.0/ruby/backward -I/Users/mc975/.rvm/rubies/ruby-2.0.0-p481/include/ruby-2.0.0 -I. -D_XOPEN_SOURCE -D_DARWIN_C_SOURCE -D_DARWIN_UNLIMITED_SELECT -D_REENTRANT   -O3 -I/Users/travis/.sm/pkg/active/include -fPIC -mmacosx-version-min=10.7 -pipe  -Wno-error=unused-command-line-argument-hard-error-in-future -DNOKOGIRI_USE_PACKAGED_LIBRARIES conftest.c  -L. -L/Users/mc975/.rvm/rubies/ruby-2.0.0-p481/lib -L.  -L/Users/travis/.sm/pkg/active/lib -L/usr/lib -fPIC -Bstatic -fstack-protector   -arch x86_64   -lruby-static -llzma  -lpthread -ldl -lobjc  "
conftest.c:5:15: warning: implicit declaration of function 'main' is invalid in C99 [-Wimplicit-function-declaration]
int t(void) { main(); return 0; }
              ^
1 warning generated.
ld: warning: directory not found for option '-L/Users/travis/.sm/pkg/active/lib'
checked program was:
/* begin */
 1: #include "ruby.h"
 2: 
 3: /*top*/
 4: extern int t(void);
 5: int t(void) { main(); return 0; }
 6: int main(int argc, char **argv)
 7: {
 8:   if (argc > 1000000) {
 9:     printf("%p", &t);
10:   }
11: 
12:   return 0;
13: }
/* end */

--------------------

have_func: checking for xmlParseDoc() in libxml/parser.h... -------------------- yes

"/usr/bin/clang -o conftest -I/Users/mc975/.rvm/rubies/ruby-2.0.0-p481/include/ruby-2.0.0/x86_64-darwin13.1.0 -I/Users/mc975/.rvm/rubies/ruby-2.0.0-p481/include/ruby-2.0.0/ruby/backward -I/Users/mc975/.rvm/rubies/ruby-2.0.0-p481/include/ruby-2.0.0 -I. -I/Users/mc975/Downloads/web-crawler/webapp/foody_crawler/vendor/bundle/ruby/2.0.0/gems/nokogiri-1.6.3.1/ports/x86_64-apple-darwin13.1.0/libxslt/1.1.28/include -I/Users/mc975/Downloads/web-crawler/webapp/foody_crawler/vendor/bundle/ruby/2.0.0/gems/nokogiri-1.6.3.1/ports/x86_64-apple-darwin13.1.0/libxml2/2.8.0/include/libxml2 -I/usr/include -I/Users/mc975/Downloads/web-crawler/webapp/foody_crawler/vendor/bundle/ruby/2.0.0/gems/nokogiri-1.6.3.1/ports/x86_64-apple-darwin13.1.0/libxml2/2.8.0/include/libxml2 -I/usr/include -D_XOPEN_SOURCE -D_DARWIN_C_SOURCE -D_DARWIN_UNLIMITED_SELECT -D_REENTRANT   -DNOKOGIRI_LIBXML2_PATH\=\"/Users/mc975/Downloads/web-crawler/webapp/foody_crawler/vendor/bundle/ruby/2.0.0/gems/nokogiri-1.6.3.1/ports/x86_64-apple-darwin13.1.0/libxml2/2.8.0\" -DNOKOGIRI_LIBXSLT_PATH\=\"/Users/mc975/Downloads/web-crawler/webapp/foody_crawler/vendor/bundle/ruby/2.0.0/gems/nokogiri-1.6.3.1/ports/x86_64-apple-darwin13.1.0/libxslt/1.1.28\" -O3 -I/Users/travis/.sm/pkg/active/include -fPIC -mmacosx-version-min=10.7 -pipe  -Wno-error=unused-command-line-argument-hard-error-in-future -DNOKOGIRI_USE_PACKAGED_LIBRARIES conftest.c  -L. -L/Users/mc975/.rvm/rubies/ruby-2.0.0-p481/lib -L/Users/mc975/Downloads/web-crawler/webapp/foody_crawler/vendor/bundle/ruby/2.0.0/gems/nokogiri-1.6.3.1/ports/x86_64-apple-darwin13.1.0/libxml2/2.8.0/lib -L/Users/mc975/Downloads/web-crawler/webapp/foody_crawler/vendor/bundle/ruby/2.0.0/gems/nokogiri-1.6.3.1/ports/x86_64-apple-darwin13.1.0/libxslt/1.1.28/lib -L/usr/lib -L.  -L/Users/travis/.sm/pkg/active/lib -L/usr/lib -fPIC -Bstatic -fstack-protector   -arch x86_64  /Users/mc975/Downloads/web-crawler/webapp/foody_crawler/vendor/bundle/ruby/2.0.0/gems/nokogiri-1.6.3.1/ports/x86_64-apple-darwin13.1.0/libxslt/1.1.28/lib/libexslt.a -lm -liconv -lpthread -lz /Users/mc975/Downloads/web-crawler/webapp/foody_crawler/vendor/bundle/ruby/2.0.0/gems/nokogiri-1.6.3.1/ports/x86_64-apple-darwin13.1.0/libxml2/2.8.0/lib/libxml2.a /Users/mc975/Downloads/web-crawler/webapp/foody_crawler/vendor/bundle/ruby/2.0.0/gems/nokogiri-1.6.3.1/ports/x86_64-apple-darwin13.1.0/libxslt/1.1.28/lib/libxslt.a -lm -liconv -lpthread -lz /Users/mc975/Downloads/web-crawler/webapp/foody_crawler/vendor/bundle/ruby/2.0.0/gems/nokogiri-1.6.3.1/ports/x86_64-apple-darwin13.1.0/libxml2/2.8.0/lib/libxml2.a -llzma -lruby-static /Users/mc975/Downloads/web-crawler/webapp/foody_crawler/vendor/bundle/ruby/2.0.0/gems/nokogiri-1.6.3.1/ports/x86_64-apple-darwin13.1.0/libxslt/1.1.28/lib/libexslt.a -lm -liconv -lpthread -lz /Users/mc975/Downloads/web-crawler/webapp/foody_crawler/vendor/bundle/ruby/2.0.0/gems/nokogiri-1.6.3.1/ports/x86_64-apple-darwin13.1.0/libxml2/2.8.0/lib/libxml2.a /Users/mc975/Downloads/web-crawler/webapp/foody_crawler/vendor/bundle/ruby/2.0.0/gems/nokogiri-1.6.3.1/ports/x86_64-apple-darwin13.1.0/libxslt/1.1.28/lib/libxslt.a -lm -liconv -lpthread -lz /Users/mc975/Downloads/web-crawler/webapp/foody_crawler/vendor/bundle/ruby/2.0.0/gems/nokogiri-1.6.3.1/ports/x86_64-apple-darwin13.1.0/libxml2/2.8.0/lib/libxml2.a -llzma -lpthread -ldl -lobjc  "
ld: warning: directory not found for option '-L/Users/travis/.sm/pkg/active/lib'
checked program was:
/* begin */
 1: #include "ruby.h"
 2: 
 3: #include <libxml/parser.h>
 4: 
 5: /*top*/
 6: extern int t(void);
 7: int t(void) { void ((*volatile p)()); p = (void ((*)()))xmlParseDoc; return 0; }
 8: int main(int argc, char **argv)
 9: {
10:   if (argc > 1000000) {
11:     printf("%p", &t);
12:   }
13: 
14:   return 0;
15: }
/* end */

--------------------

have_func: checking for xsltParseStylesheetDoc() in libxslt/xslt.h... -------------------- yes

"/usr/bin/clang -o conftest -I/Users/mc975/.rvm/rubies/ruby-2.0.0-p481/include/ruby-2.0.0/x86_64-darwin13.1.0 -I/Users/mc975/.rvm/rubies/ruby-2.0.0-p481/include/ruby-2.0.0/ruby/backward -I/Users/mc975/.rvm/rubies/ruby-2.0.0-p481/include/ruby-2.0.0 -I. -I/Users/mc975/Downloads/web-crawler/webapp/foody_crawler/vendor/bundle/ruby/2.0.0/gems/nokogiri-1.6.3.1/ports/x86_64-apple-darwin13.1.0/libxslt/1.1.28/include -I/Users/mc975/Downloads/web-crawler/webapp/foody_crawler/vendor/bundle/ruby/2.0.0/gems/nokogiri-1.6.3.1/ports/x86_64-apple-darwin13.1.0/libxml2/2.8.0/include/libxml2 -I/usr/include -I/Users/mc975/Downloads/web-crawler/webapp/foody_crawler/vendor/bundle/ruby/2.0.0/gems/nokogiri-1.6.3.1/ports/x86_64-apple-darwin13.1.0/libxml2/2.8.0/include/libxml2 -I/usr/include -D_XOPEN_SOURCE -D_DARWIN_C_SOURCE -D_DARWIN_UNLIMITED_SELECT -D_REENTRANT   -DNOKOGIRI_LIBXML2_PATH\=\"/Users/mc975/Downloads/web-crawler/webapp/foody_crawler/vendor/bundle/ruby/2.0.0/gems/nokogiri-1.6.3.1/ports/x86_64-apple-darwin13.1.0/libxml2/2.8.0\" -DNOKOGIRI_LIBXSLT_PATH\=\"/Users/mc975/Downloads/web-crawler/webapp/foody_crawler/vendor/bundle/ruby/2.0.0/gems/nokogiri-1.6.3.1/ports/x86_64-apple-darwin13.1.0/libxslt/1.1.28\" -O3 -I/Users/travis/.sm/pkg/active/include -fPIC -mmacosx-version-min=10.7 -pipe  -Wno-error=unused-command-line-argument-hard-error-in-future -DNOKOGIRI_USE_PACKAGED_LIBRARIES conftest.c  -L. -L/Users/mc975/.rvm/rubies/ruby-2.0.0-p481/lib -L/Users/mc975/Downloads/web-crawler/webapp/foody_crawler/vendor/bundle/ruby/2.0.0/gems/nokogiri-1.6.3.1/ports/x86_64-apple-darwin13.1.0/libxml2/2.8.0/lib -L/Users/mc975/Downloads/web-crawler/webapp/foody_crawler/vendor/bundle/ruby/2.0.0/gems/nokogiri-1.6.3.1/ports/x86_64-apple-darwin13.1.0/libxslt/1.1.28/lib -L/usr/lib -L.  -L/Users/travis/.sm/pkg/active/lib -L/usr/lib -fPIC -Bstatic -fstack-protector   -arch x86_64  /Users/mc975/Downloads/web-crawler/webapp/foody_crawler/vendor/bundle/ruby/2.0.0/gems/nokogiri-1.6.3.1/ports/x86_64-apple-darwin13.1.0/libxslt/1.1.28/lib/libexslt.a -lm -liconv -lpthread -lz /Users/mc975/Downloads/web-crawler/webapp/foody_crawler/vendor/bundle/ruby/2.0.0/gems/nokogiri-1.6.3.1/ports/x86_64-apple-darwin13.1.0/libxml2/2.8.0/lib/libxml2.a /Users/mc975/Downloads/web-crawler/webapp/foody_crawler/vendor/bundle/ruby/2.0.0/gems/nokogiri-1.6.3.1/ports/x86_64-apple-darwin13.1.0/libxslt/1.1.28/lib/libxslt.a -lm -liconv -lpthread -lz /Users/mc975/Downloads/web-crawler/webapp/foody_crawler/vendor/bundle/ruby/2.0.0/gems/nokogiri-1.6.3.1/ports/x86_64-apple-darwin13.1.0/libxml2/2.8.0/lib/libxml2.a -llzma -lruby-static /Users/mc975/Downloads/web-crawler/webapp/foody_crawler/vendor/bundle/ruby/2.0.0/gems/nokogiri-1.6.3.1/ports/x86_64-apple-darwin13.1.0/libxslt/1.1.28/lib/libexslt.a -lm -liconv -lpthread -lz /Users/mc975/Downloads/web-crawler/webapp/foody_crawler/vendor/bundle/ruby/2.0.0/gems/nokogiri-1.6.3.1/ports/x86_64-apple-darwin13.1.0/libxml2/2.8.0/lib/libxml2.a /Users/mc975/Downloads/web-crawler/webapp/foody_crawler/vendor/bundle/ruby/2.0.0/gems/nokogiri-1.6.3.1/ports/x86_64-apple-darwin13.1.0/libxslt/1.1.28/lib/libxslt.a -lm -liconv -lpthread -lz /Users/mc975/Downloads/web-crawler/webapp/foody_crawler/vendor/bundle/ruby/2.0.0/gems/nokogiri-1.6.3.1/ports/x86_64-apple-darwin13.1.0/libxml2/2.8.0/lib/libxml2.a -llzma -lpthread -ldl -lobjc  "
conftest.c:7:57: error: use of undeclared identifier 'xsltParseStylesheetDoc'
int t(void) { void ((*volatile p)()); p = (void ((*)()))xsltParseStylesheetDoc; return 0; }
                                                        ^
1 error generated.
checked program was:
/* begin */
 1: #include "ruby.h"
 2: 
 3: #include <libxslt/xslt.h>
 4: 
 5: /*top*/
 6: extern int t(void);
 7: int t(void) { void ((*volatile p)()); p = (void ((*)()))xsltParseStylesheetDoc; return 0; }
 8: int main(int argc, char **argv)
 9: {
10:   if (argc > 1000000) {
11:     printf("%p", &t);
12:   }
13: 
14:   return 0;
15: }
/* end */

"/usr/bin/clang -o conftest -I/Users/mc975/.rvm/rubies/ruby-2.0.0-p481/include/ruby-2.0.0/x86_64-darwin13.1.0 -I/Users/mc975/.rvm/rubies/ruby-2.0.0-p481/include/ruby-2.0.0/ruby/backward -I/Users/mc975/.rvm/rubies/ruby-2.0.0-p481/include/ruby-2.0.0 -I. -I/Users/mc975/Downloads/web-crawler/webapp/foody_crawler/vendor/bundle/ruby/2.0.0/gems/nokogiri-1.6.3.1/ports/x86_64-apple-darwin13.1.0/libxslt/1.1.28/include -I/Users/mc975/Downloads/web-crawler/webapp/foody_crawler/vendor/bundle/ruby/2.0.0/gems/nokogiri-1.6.3.1/ports/x86_64-apple-darwin13.1.0/libxml2/2.8.0/include/libxml2 -I/usr/include -I/Users/mc975/Downloads/web-crawler/webapp/foody_crawler/vendor/bundle/ruby/2.0.0/gems/nokogiri-1.6.3.1/ports/x86_64-apple-darwin13.1.0/libxml2/2.8.0/include/libxml2 -I/usr/include -D_XOPEN_SOURCE -D_DARWIN_C_SOURCE -D_DARWIN_UNLIMITED_SELECT -D_REENTRANT   -DNOKOGIRI_LIBXML2_PATH\=\"/Users/mc975/Downloads/web-crawler/webapp/foody_crawler/vendor/bundle/ruby/2.0.0/gems/nokogiri-1.6.3.1/ports/x86_64-apple-darwin13.1.0/libxml2/2.8.0\" -DNOKOGIRI_LIBXSLT_PATH\=\"/Users/mc975/Downloads/web-crawler/webapp/foody_crawler/vendor/bundle/ruby/2.0.0/gems/nokogiri-1.6.3.1/ports/x86_64-apple-darwin13.1.0/libxslt/1.1.28\" -O3 -I/Users/travis/.sm/pkg/active/include -fPIC -mmacosx-version-min=10.7 -pipe  -Wno-error=unused-command-line-argument-hard-error-in-future -DNOKOGIRI_USE_PACKAGED_LIBRARIES conftest.c  -L. -L/Users/mc975/.rvm/rubies/ruby-2.0.0-p481/lib -L/Users/mc975/Downloads/web-crawler/webapp/foody_crawler/vendor/bundle/ruby/2.0.0/gems/nokogiri-1.6.3.1/ports/x86_64-apple-darwin13.1.0/libxml2/2.8.0/lib -L/Users/mc975/Downloads/web-crawler/webapp/foody_crawler/vendor/bundle/ruby/2.0.0/gems/nokogiri-1.6.3.1/ports/x86_64-apple-darwin13.1.0/libxslt/1.1.28/lib -L/usr/lib -L.  -L/Users/travis/.sm/pkg/active/lib -L/usr/lib -fPIC -Bstatic -fstack-protector   -arch x86_64  /Users/mc975/Downloads/web-crawler/webapp/foody_crawler/vendor/bundle/ruby/2.0.0/gems/nokogiri-1.6.3.1/ports/x86_64-apple-darwin13.1.0/libxslt/1.1.28/lib/libexslt.a -lm -liconv -lpthread -lz /Users/mc975/Downloads/web-crawler/webapp/foody_crawler/vendor/bundle/ruby/2.0.0/gems/nokogiri-1.6.3.1/ports/x86_64-apple-darwin13.1.0/libxml2/2.8.0/lib/libxml2.a /Users/mc975/Downloads/web-crawler/webapp/foody_crawler/vendor/bundle/ruby/2.0.0/gems/nokogiri-1.6.3.1/ports/x86_64-apple-darwin13.1.0/libxslt/1.1.28/lib/libxslt.a -lm -liconv -lpthread -lz /Users/mc975/Downloads/web-crawler/webapp/foody_crawler/vendor/bundle/ruby/2.0.0/gems/nokogiri-1.6.3.1/ports/x86_64-apple-darwin13.1.0/libxml2/2.8.0/lib/libxml2.a -llzma -lruby-static /Users/mc975/Downloads/web-crawler/webapp/foody_crawler/vendor/bundle/ruby/2.0.0/gems/nokogiri-1.6.3.1/ports/x86_64-apple-darwin13.1.0/libxslt/1.1.28/lib/libexslt.a -lm -liconv -lpthread -lz /Users/mc975/Downloads/web-crawler/webapp/foody_crawler/vendor/bundle/ruby/2.0.0/gems/nokogiri-1.6.3.1/ports/x86_64-apple-darwin13.1.0/libxml2/2.8.0/lib/libxml2.a /Users/mc975/Downloads/web-crawler/webapp/foody_crawler/vendor/bundle/ruby/2.0.0/gems/nokogiri-1.6.3.1/ports/x86_64-apple-darwin13.1.0/libxslt/1.1.28/lib/libxslt.a -lm -liconv -lpthread -lz /Users/mc975/Downloads/web-crawler/webapp/foody_crawler/vendor/bundle/ruby/2.0.0/gems/nokogiri-1.6.3.1/ports/x86_64-apple-darwin13.1.0/libxml2/2.8.0/lib/libxml2.a -llzma -lpthread -ldl -lobjc  "
conftest.c:7:15: warning: implicit declaration of function 'xsltParseStylesheetDoc' is invalid in C99 [-Wimplicit-function-declaration]
int t(void) { xsltParseStylesheetDoc(); return 0; }
              ^
1 warning generated.
ld: warning: directory not found for option '-L/Users/travis/.sm/pkg/active/lib'
checked program was:
/* begin */
 1: #include "ruby.h"
 2: 
 3: #include <libxslt/xslt.h>
 4: 
 5: /*top*/
 6: extern int t(void);
 7: int t(void) { xsltParseStylesheetDoc(); return 0; }
 8: int main(int argc, char **argv)
 9: {
10:   if (argc > 1000000) {
11:     printf("%p", &t);
12:   }
13: 
14:   return 0;
15: }
/* end */

--------------------

have_func: checking for exsltFuncRegister() in libexslt/exslt.h... -------------------- yes

"/usr/bin/clang -o conftest -I/Users/mc975/.rvm/rubies/ruby-2.0.0-p481/include/ruby-2.0.0/x86_64-darwin13.1.0 -I/Users/mc975/.rvm/rubies/ruby-2.0.0-p481/include/ruby-2.0.0/ruby/backward -I/Users/mc975/.rvm/rubies/ruby-2.0.0-p481/include/ruby-2.0.0 -I. -I/Users/mc975/Downloads/web-crawler/webapp/foody_crawler/vendor/bundle/ruby/2.0.0/gems/nokogiri-1.6.3.1/ports/x86_64-apple-darwin13.1.0/libxslt/1.1.28/include -I/Users/mc975/Downloads/web-crawler/webapp/foody_crawler/vendor/bundle/ruby/2.0.0/gems/nokogiri-1.6.3.1/ports/x86_64-apple-darwin13.1.0/libxml2/2.8.0/include/libxml2 -I/usr/include -I/Users/mc975/Downloads/web-crawler/webapp/foody_crawler/vendor/bundle/ruby/2.0.0/gems/nokogiri-1.6.3.1/ports/x86_64-apple-darwin13.1.0/libxml2/2.8.0/include/libxml2 -I/usr/include -D_XOPEN_SOURCE -D_DARWIN_C_SOURCE -D_DARWIN_UNLIMITED_SELECT -D_REENTRANT   -DNOKOGIRI_LIBXML2_PATH\=\"/Users/mc975/Downloads/web-crawler/webapp/foody_crawler/vendor/bundle/ruby/2.0.0/gems/nokogiri-1.6.3.1/ports/x86_64-apple-darwin13.1.0/libxml2/2.8.0\" -DNOKOGIRI_LIBXSLT_PATH\=\"/Users/mc975/Downloads/web-crawler/webapp/foody_crawler/vendor/bundle/ruby/2.0.0/gems/nokogiri-1.6.3.1/ports/x86_64-apple-darwin13.1.0/libxslt/1.1.28\" -O3 -I/Users/travis/.sm/pkg/active/include -fPIC -mmacosx-version-min=10.7 -pipe  -Wno-error=unused-command-line-argument-hard-error-in-future -DNOKOGIRI_USE_PACKAGED_LIBRARIES conftest.c  -L. -L/Users/mc975/.rvm/rubies/ruby-2.0.0-p481/lib -L/Users/mc975/Downloads/web-crawler/webapp/foody_crawler/vendor/bundle/ruby/2.0.0/gems/nokogiri-1.6.3.1/ports/x86_64-apple-darwin13.1.0/libxml2/2.8.0/lib -L/Users/mc975/Downloads/web-crawler/webapp/foody_crawler/vendor/bundle/ruby/2.0.0/gems/nokogiri-1.6.3.1/ports/x86_64-apple-darwin13.1.0/libxslt/1.1.28/lib -L/usr/lib -L.  -L/Users/travis/.sm/pkg/active/lib -L/usr/lib -fPIC -Bstatic -fstack-protector   -arch x86_64  /Users/mc975/Downloads/web-crawler/webapp/foody_crawler/vendor/bundle/ruby/2.0.0/gems/nokogiri-1.6.3.1/ports/x86_64-apple-darwin13.1.0/libxslt/1.1.28/lib/libexslt.a -lm -liconv -lpthread -lz /Users/mc975/Downloads/web-crawler/webapp/foody_crawler/vendor/bundle/ruby/2.0.0/gems/nokogiri-1.6.3.1/ports/x86_64-apple-darwin13.1.0/libxml2/2.8.0/lib/libxml2.a /Users/mc975/Downloads/web-crawler/webapp/foody_crawler/vendor/bundle/ruby/2.0.0/gems/nokogiri-1.6.3.1/ports/x86_64-apple-darwin13.1.0/libxslt/1.1.28/lib/libxslt.a -lm -liconv -lpthread -lz /Users/mc975/Downloads/web-crawler/webapp/foody_crawler/vendor/bundle/ruby/2.0.0/gems/nokogiri-1.6.3.1/ports/x86_64-apple-darwin13.1.0/libxml2/2.8.0/lib/libxml2.a -llzma -lruby-static /Users/mc975/Downloads/web-crawler/webapp/foody_crawler/vendor/bundle/ruby/2.0.0/gems/nokogiri-1.6.3.1/ports/x86_64-apple-darwin13.1.0/libxslt/1.1.28/lib/libexslt.a -lm -liconv -lpthread -lz /Users/mc975/Downloads/web-crawler/webapp/foody_crawler/vendor/bundle/ruby/2.0.0/gems/nokogiri-1.6.3.1/ports/x86_64-apple-darwin13.1.0/libxml2/2.8.0/lib/libxml2.a /Users/mc975/Downloads/web-crawler/webapp/foody_crawler/vendor/bundle/ruby/2.0.0/gems/nokogiri-1.6.3.1/ports/x86_64-apple-darwin13.1.0/libxslt/1.1.28/lib/libxslt.a -lm -liconv -lpthread -lz /Users/mc975/Downloads/web-crawler/webapp/foody_crawler/vendor/bundle/ruby/2.0.0/gems/nokogiri-1.6.3.1/ports/x86_64-apple-darwin13.1.0/libxml2/2.8.0/lib/libxml2.a -llzma -lpthread -ldl -lobjc  "
ld: warning: directory not found for option '-L/Users/travis/.sm/pkg/active/lib'
checked program was:
/* begin */
 1: #include "ruby.h"
 2: 
 3: #include <libexslt/exslt.h>
 4: 
 5: /*top*/
 6: extern int t(void);
 7: int t(void) { void ((*volatile p)()); p = (void ((*)()))exsltFuncRegister; return 0; }
 8: int main(int argc, char **argv)
 9: {
10:   if (argc > 1000000) {
11:     printf("%p", &t);
12:   }
13: 
14:   return 0;
15: }
/* end */

--------------------

have_func: checking for xmlHasFeature()... -------------------- yes

"/usr/bin/clang -o conftest -I/Users/mc975/.rvm/rubies/ruby-2.0.0-p481/include/ruby-2.0.0/x86_64-darwin13.1.0 -I/Users/mc975/.rvm/rubies/ruby-2.0.0-p481/include/ruby-2.0.0/ruby/backward -I/Users/mc975/.rvm/rubies/ruby-2.0.0-p481/include/ruby-2.0.0 -I. -I/Users/mc975/Downloads/web-crawler/webapp/foody_crawler/vendor/bundle/ruby/2.0.0/gems/nokogiri-1.6.3.1/ports/x86_64-apple-darwin13.1.0/libxslt/1.1.28/include -I/Users/mc975/Downloads/web-crawler/webapp/foody_crawler/vendor/bundle/ruby/2.0.0/gems/nokogiri-1.6.3.1/ports/x86_64-apple-darwin13.1.0/libxml2/2.8.0/include/libxml2 -I/usr/include -I/Users/mc975/Downloads/web-crawler/webapp/foody_crawler/vendor/bundle/ruby/2.0.0/gems/nokogiri-1.6.3.1/ports/x86_64-apple-darwin13.1.0/libxml2/2.8.0/include/libxml2 -I/usr/include -D_XOPEN_SOURCE -D_DARWIN_C_SOURCE -D_DARWIN_UNLIMITED_SELECT -D_REENTRANT   -DNOKOGIRI_LIBXML2_PATH\=\"/Users/mc975/Downloads/web-crawler/webapp/foody_crawler/vendor/bundle/ruby/2.0.0/gems/nokogiri-1.6.3.1/ports/x86_64-apple-darwin13.1.0/libxml2/2.8.0\" -DNOKOGIRI_LIBXSLT_PATH\=\"/Users/mc975/Downloads/web-crawler/webapp/foody_crawler/vendor/bundle/ruby/2.0.0/gems/nokogiri-1.6.3.1/ports/x86_64-apple-darwin13.1.0/libxslt/1.1.28\" -O3 -I/Users/travis/.sm/pkg/active/include -fPIC -mmacosx-version-min=10.7 -pipe  -Wno-error=unused-command-line-argument-hard-error-in-future -DNOKOGIRI_USE_PACKAGED_LIBRARIES conftest.c  -L. -L/Users/mc975/.rvm/rubies/ruby-2.0.0-p481/lib -L/Users/mc975/Downloads/web-crawler/webapp/foody_crawler/vendor/bundle/ruby/2.0.0/gems/nokogiri-1.6.3.1/ports/x86_64-apple-darwin13.1.0/libxml2/2.8.0/lib -L/Users/mc975/Downloads/web-crawler/webapp/foody_crawler/vendor/bundle/ruby/2.0.0/gems/nokogiri-1.6.3.1/ports/x86_64-apple-darwin13.1.0/libxslt/1.1.28/lib -L/usr/lib -L.  -L/Users/travis/.sm/pkg/active/lib -L/usr/lib -fPIC -Bstatic -fstack-protector   -arch x86_64  /Users/mc975/Downloads/web-crawler/webapp/foody_crawler/vendor/bundle/ruby/2.0.0/gems/nokogiri-1.6.3.1/ports/x86_64-apple-darwin13.1.0/libxslt/1.1.28/lib/libexslt.a -lm -liconv -lpthread -lz /Users/mc975/Downloads/web-crawler/webapp/foody_crawler/vendor/bundle/ruby/2.0.0/gems/nokogiri-1.6.3.1/ports/x86_64-apple-darwin13.1.0/libxml2/2.8.0/lib/libxml2.a /Users/mc975/Downloads/web-crawler/webapp/foody_crawler/vendor/bundle/ruby/2.0.0/gems/nokogiri-1.6.3.1/ports/x86_64-apple-darwin13.1.0/libxslt/1.1.28/lib/libxslt.a -lm -liconv -lpthread -lz /Users/mc975/Downloads/web-crawler/webapp/foody_crawler/vendor/bundle/ruby/2.0.0/gems/nokogiri-1.6.3.1/ports/x86_64-apple-darwin13.1.0/libxml2/2.8.0/lib/libxml2.a -llzma -lruby-static /Users/mc975/Downloads/web-crawler/webapp/foody_crawler/vendor/bundle/ruby/2.0.0/gems/nokogiri-1.6.3.1/ports/x86_64-apple-darwin13.1.0/libxslt/1.1.28/lib/libexslt.a -lm -liconv -lpthread -lz /Users/mc975/Downloads/web-crawler/webapp/foody_crawler/vendor/bundle/ruby/2.0.0/gems/nokogiri-1.6.3.1/ports/x86_64-apple-darwin13.1.0/libxml2/2.8.0/lib/libxml2.a /Users/mc975/Downloads/web-crawler/webapp/foody_crawler/vendor/bundle/ruby/2.0.0/gems/nokogiri-1.6.3.1/ports/x86_64-apple-darwin13.1.0/libxslt/1.1.28/lib/libxslt.a -lm -liconv -lpthread -lz /Users/mc975/Downloads/web-crawler/webapp/foody_crawler/vendor/bundle/ruby/2.0.0/gems/nokogiri-1.6.3.1/ports/x86_64-apple-darwin13.1.0/libxml2/2.8.0/lib/libxml2.a -llzma -lpthread -ldl -lobjc  "
conftest.c:5:57: error: use of undeclared identifier 'xmlHasFeature'
int t(void) { void ((*volatile p)()); p = (void ((*)()))xmlHasFeature; return 0; }
                                                        ^
1 error generated.
checked program was:
/* begin */
 1: #include "ruby.h"
 2: 
 3: /*top*/
 4: extern int t(void);
 5: int t(void) { void ((*volatile p)()); p = (void ((*)()))xmlHasFeature; return 0; }
 6: int main(int argc, char **argv)
 7: {
 8:   if (argc > 1000000) {
 9:     printf("%p", &t);
10:   }
11: 
12:   return 0;
13: }
/* end */

"/usr/bin/clang -o conftest -I/Users/mc975/.rvm/rubies/ruby-2.0.0-p481/include/ruby-2.0.0/x86_64-darwin13.1.0 -I/Users/mc975/.rvm/rubies/ruby-2.0.0-p481/include/ruby-2.0.0/ruby/backward -I/Users/mc975/.rvm/rubies/ruby-2.0.0-p481/include/ruby-2.0.0 -I. -I/Users/mc975/Downloads/web-crawler/webapp/foody_crawler/vendor/bundle/ruby/2.0.0/gems/nokogiri-1.6.3.1/ports/x86_64-apple-darwin13.1.0/libxslt/1.1.28/include -I/Users/mc975/Downloads/web-crawler/webapp/foody_crawler/vendor/bundle/ruby/2.0.0/gems/nokogiri-1.6.3.1/ports/x86_64-apple-darwin13.1.0/libxml2/2.8.0/include/libxml2 -I/usr/include -I/Users/mc975/Downloads/web-crawler/webapp/foody_crawler/vendor/bundle/ruby/2.0.0/gems/nokogiri-1.6.3.1/ports/x86_64-apple-darwin13.1.0/libxml2/2.8.0/include/libxml2 -I/usr/include -D_XOPEN_SOURCE -D_DARWIN_C_SOURCE -D_DARWIN_UNLIMITED_SELECT -D_REENTRANT   -DNOKOGIRI_LIBXML2_PATH\=\"/Users/mc975/Downloads/web-crawler/webapp/foody_crawler/vendor/bundle/ruby/2.0.0/gems/nokogiri-1.6.3.1/ports/x86_64-apple-darwin13.1.0/libxml2/2.8.0\" -DNOKOGIRI_LIBXSLT_PATH\=\"/Users/mc975/Downloads/web-crawler/webapp/foody_crawler/vendor/bundle/ruby/2.0.0/gems/nokogiri-1.6.3.1/ports/x86_64-apple-darwin13.1.0/libxslt/1.1.28\" -O3 -I/Users/travis/.sm/pkg/active/include -fPIC -mmacosx-version-min=10.7 -pipe  -Wno-error=unused-command-line-argument-hard-error-in-future -DNOKOGIRI_USE_PACKAGED_LIBRARIES conftest.c  -L. -L/Users/mc975/.rvm/rubies/ruby-2.0.0-p481/lib -L/Users/mc975/Downloads/web-crawler/webapp/foody_crawler/vendor/bundle/ruby/2.0.0/gems/nokogiri-1.6.3.1/ports/x86_64-apple-darwin13.1.0/libxml2/2.8.0/lib -L/Users/mc975/Downloads/web-crawler/webapp/foody_crawler/vendor/bundle/ruby/2.0.0/gems/nokogiri-1.6.3.1/ports/x86_64-apple-darwin13.1.0/libxslt/1.1.28/lib -L/usr/lib -L.  -L/Users/travis/.sm/pkg/active/lib -L/usr/lib -fPIC -Bstatic -fstack-protector   -arch x86_64  /Users/mc975/Downloads/web-crawler/webapp/foody_crawler/vendor/bundle/ruby/2.0.0/gems/nokogiri-1.6.3.1/ports/x86_64-apple-darwin13.1.0/libxslt/1.1.28/lib/libexslt.a -lm -liconv -lpthread -lz /Users/mc975/Downloads/web-crawler/webapp/foody_crawler/vendor/bundle/ruby/2.0.0/gems/nokogiri-1.6.3.1/ports/x86_64-apple-darwin13.1.0/libxml2/2.8.0/lib/libxml2.a /Users/mc975/Downloads/web-crawler/webapp/foody_crawler/vendor/bundle/ruby/2.0.0/gems/nokogiri-1.6.3.1/ports/x86_64-apple-darwin13.1.0/libxslt/1.1.28/lib/libxslt.a -lm -liconv -lpthread -lz /Users/mc975/Downloads/web-crawler/webapp/foody_crawler/vendor/bundle/ruby/2.0.0/gems/nokogiri-1.6.3.1/ports/x86_64-apple-darwin13.1.0/libxml2/2.8.0/lib/libxml2.a -llzma -lruby-static /Users/mc975/Downloads/web-crawler/webapp/foody_crawler/vendor/bundle/ruby/2.0.0/gems/nokogiri-1.6.3.1/ports/x86_64-apple-darwin13.1.0/libxslt/1.1.28/lib/libexslt.a -lm -liconv -lpthread -lz /Users/mc975/Downloads/web-crawler/webapp/foody_crawler/vendor/bundle/ruby/2.0.0/gems/nokogiri-1.6.3.1/ports/x86_64-apple-darwin13.1.0/libxml2/2.8.0/lib/libxml2.a /Users/mc975/Downloads/web-crawler/webapp/foody_crawler/vendor/bundle/ruby/2.0.0/gems/nokogiri-1.6.3.1/ports/x86_64-apple-darwin13.1.0/libxslt/1.1.28/lib/libxslt.a -lm -liconv -lpthread -lz /Users/mc975/Downloads/web-crawler/webapp/foody_crawler/vendor/bundle/ruby/2.0.0/gems/nokogiri-1.6.3.1/ports/x86_64-apple-darwin13.1.0/libxml2/2.8.0/lib/libxml2.a -llzma -lpthread -ldl -lobjc  "
conftest.c:5:15: warning: implicit declaration of function 'xmlHasFeature' is invalid in C99 [-Wimplicit-function-declaration]
int t(void) { xmlHasFeature(); return 0; }
              ^
1 warning generated.
ld: warning: directory not found for option '-L/Users/travis/.sm/pkg/active/lib'
checked program was:
/* begin */
 1: #include "ruby.h"
 2: 
 3: /*top*/
 4: extern int t(void);
 5: int t(void) { xmlHasFeature(); return 0; }
 6: int main(int argc, char **argv)
 7: {
 8:   if (argc > 1000000) {
 9:     printf("%p", &t);
10:   }
11: 
12:   return 0;
13: }
/* end */

--------------------

have_func: checking for xmlFirstElementChild()... -------------------- yes

"/usr/bin/clang -o conftest -I/Users/mc975/.rvm/rubies/ruby-2.0.0-p481/include/ruby-2.0.0/x86_64-darwin13.1.0 -I/Users/mc975/.rvm/rubies/ruby-2.0.0-p481/include/ruby-2.0.0/ruby/backward -I/Users/mc975/.rvm/rubies/ruby-2.0.0-p481/include/ruby-2.0.0 -I. -I/Users/mc975/Downloads/web-crawler/webapp/foody_crawler/vendor/bundle/ruby/2.0.0/gems/nokogiri-1.6.3.1/ports/x86_64-apple-darwin13.1.0/libxslt/1.1.28/include -I/Users/mc975/Downloads/web-crawler/webapp/foody_crawler/vendor/bundle/ruby/2.0.0/gems/nokogiri-1.6.3.1/ports/x86_64-apple-darwin13.1.0/libxml2/2.8.0/include/libxml2 -I/usr/include -I/Users/mc975/Downloads/web-crawler/webapp/foody_crawler/vendor/bundle/ruby/2.0.0/gems/nokogiri-1.6.3.1/ports/x86_64-apple-darwin13.1.0/libxml2/2.8.0/include/libxml2 -I/usr/include -D_XOPEN_SOURCE -D_DARWIN_C_SOURCE -D_DARWIN_UNLIMITED_SELECT -D_REENTRANT   -DNOKOGIRI_LIBXML2_PATH\=\"/Users/mc975/Downloads/web-crawler/webapp/foody_crawler/vendor/bundle/ruby/2.0.0/gems/nokogiri-1.6.3.1/ports/x86_64-apple-darwin13.1.0/libxml2/2.8.0\" -DNOKOGIRI_LIBXSLT_PATH\=\"/Users/mc975/Downloads/web-crawler/webapp/foody_crawler/vendor/bundle/ruby/2.0.0/gems/nokogiri-1.6.3.1/ports/x86_64-apple-darwin13.1.0/libxslt/1.1.28\" -O3 -I/Users/travis/.sm/pkg/active/include -fPIC -mmacosx-version-min=10.7 -pipe  -Wno-error=unused-command-line-argument-hard-error-in-future -DNOKOGIRI_USE_PACKAGED_LIBRARIES conftest.c  -L. -L/Users/mc975/.rvm/rubies/ruby-2.0.0-p481/lib -L/Users/mc975/Downloads/web-crawler/webapp/foody_crawler/vendor/bundle/ruby/2.0.0/gems/nokogiri-1.6.3.1/ports/x86_64-apple-darwin13.1.0/libxml2/2.8.0/lib -L/Users/mc975/Downloads/web-crawler/webapp/foody_crawler/vendor/bundle/ruby/2.0.0/gems/nokogiri-1.6.3.1/ports/x86_64-apple-darwin13.1.0/libxslt/1.1.28/lib -L/usr/lib -L.  -L/Users/travis/.sm/pkg/active/lib -L/usr/lib -fPIC -Bstatic -fstack-protector   -arch x86_64  /Users/mc975/Downloads/web-crawler/webapp/foody_crawler/vendor/bundle/ruby/2.0.0/gems/nokogiri-1.6.3.1/ports/x86_64-apple-darwin13.1.0/libxslt/1.1.28/lib/libexslt.a -lm -liconv -lpthread -lz /Users/mc975/Downloads/web-crawler/webapp/foody_crawler/vendor/bundle/ruby/2.0.0/gems/nokogiri-1.6.3.1/ports/x86_64-apple-darwin13.1.0/libxml2/2.8.0/lib/libxml2.a /Users/mc975/Downloads/web-crawler/webapp/foody_crawler/vendor/bundle/ruby/2.0.0/gems/nokogiri-1.6.3.1/ports/x86_64-apple-darwin13.1.0/libxslt/1.1.28/lib/libxslt.a -lm -liconv -lpthread -lz /Users/mc975/Downloads/web-crawler/webapp/foody_crawler/vendor/bundle/ruby/2.0.0/gems/nokogiri-1.6.3.1/ports/x86_64-apple-darwin13.1.0/libxml2/2.8.0/lib/libxml2.a -llzma -lruby-static /Users/mc975/Downloads/web-crawler/webapp/foody_crawler/vendor/bundle/ruby/2.0.0/gems/nokogiri-1.6.3.1/ports/x86_64-apple-darwin13.1.0/libxslt/1.1.28/lib/libexslt.a -lm -liconv -lpthread -lz /Users/mc975/Downloads/web-crawler/webapp/foody_crawler/vendor/bundle/ruby/2.0.0/gems/nokogiri-1.6.3.1/ports/x86_64-apple-darwin13.1.0/libxml2/2.8.0/lib/libxml2.a /Users/mc975/Downloads/web-crawler/webapp/foody_crawler/vendor/bundle/ruby/2.0.0/gems/nokogiri-1.6.3.1/ports/x86_64-apple-darwin13.1.0/libxslt/1.1.28/lib/libxslt.a -lm -liconv -lpthread -lz /Users/mc975/Downloads/web-crawler/webapp/foody_crawler/vendor/bundle/ruby/2.0.0/gems/nokogiri-1.6.3.1/ports/x86_64-apple-darwin13.1.0/libxml2/2.8.0/lib/libxml2.a -llzma -lpthread -ldl -lobjc  "
conftest.c:5:57: error: use of undeclared identifier 'xmlFirstElementChild'
int t(void) { void ((*volatile p)()); p = (void ((*)()))xmlFirstElementChild; return 0; }
                                                        ^
1 error generated.
checked program was:
/* begin */
 1: #include "ruby.h"
 2: 
 3: /*top*/
 4: extern int t(void);
 5: int t(void) { void ((*volatile p)()); p = (void ((*)()))xmlFirstElementChild; return 0; }
 6: int main(int argc, char **argv)
 7: {
 8:   if (argc > 1000000) {
 9:     printf("%p", &t);
10:   }
11: 
12:   return 0;
13: }
/* end */

"/usr/bin/clang -o conftest -I/Users/mc975/.rvm/rubies/ruby-2.0.0-p481/include/ruby-2.0.0/x86_64-darwin13.1.0 -I/Users/mc975/.rvm/rubies/ruby-2.0.0-p481/include/ruby-2.0.0/ruby/backward -I/Users/mc975/.rvm/rubies/ruby-2.0.0-p481/include/ruby-2.0.0 -I. -I/Users/mc975/Downloads/web-crawler/webapp/foody_crawler/vendor/bundle/ruby/2.0.0/gems/nokogiri-1.6.3.1/ports/x86_64-apple-darwin13.1.0/libxslt/1.1.28/include -I/Users/mc975/Downloads/web-crawler/webapp/foody_crawler/vendor/bundle/ruby/2.0.0/gems/nokogiri-1.6.3.1/ports/x86_64-apple-darwin13.1.0/libxml2/2.8.0/include/libxml2 -I/usr/include -I/Users/mc975/Downloads/web-crawler/webapp/foody_crawler/vendor/bundle/ruby/2.0.0/gems/nokogiri-1.6.3.1/ports/x86_64-apple-darwin13.1.0/libxml2/2.8.0/include/libxml2 -I/usr/include -D_XOPEN_SOURCE -D_DARWIN_C_SOURCE -D_DARWIN_UNLIMITED_SELECT -D_REENTRANT   -DNOKOGIRI_LIBXML2_PATH\=\"/Users/mc975/Downloads/web-crawler/webapp/foody_crawler/vendor/bundle/ruby/2.0.0/gems/nokogiri-1.6.3.1/ports/x86_64-apple-darwin13.1.0/libxml2/2.8.0\" -DNOKOGIRI_LIBXSLT_PATH\=\"/Users/mc975/Downloads/web-crawler/webapp/foody_crawler/vendor/bundle/ruby/2.0.0/gems/nokogiri-1.6.3.1/ports/x86_64-apple-darwin13.1.0/libxslt/1.1.28\" -O3 -I/Users/travis/.sm/pkg/active/include -fPIC -mmacosx-version-min=10.7 -pipe  -Wno-error=unused-command-line-argument-hard-error-in-future -DNOKOGIRI_USE_PACKAGED_LIBRARIES conftest.c  -L. -L/Users/mc975/.rvm/rubies/ruby-2.0.0-p481/lib -L/Users/mc975/Downloads/web-crawler/webapp/foody_crawler/vendor/bundle/ruby/2.0.0/gems/nokogiri-1.6.3.1/ports/x86_64-apple-darwin13.1.0/libxml2/2.8.0/lib -L/Users/mc975/Downloads/web-crawler/webapp/foody_crawler/vendor/bundle/ruby/2.0.0/gems/nokogiri-1.6.3.1/ports/x86_64-apple-darwin13.1.0/libxslt/1.1.28/lib -L/usr/lib -L.  -L/Users/travis/.sm/pkg/active/lib -L/usr/lib -fPIC -Bstatic -fstack-protector   -arch x86_64  /Users/mc975/Downloads/web-crawler/webapp/foody_crawler/vendor/bundle/ruby/2.0.0/gems/nokogiri-1.6.3.1/ports/x86_64-apple-darwin13.1.0/libxslt/1.1.28/lib/libexslt.a -lm -liconv -lpthread -lz /Users/mc975/Downloads/web-crawler/webapp/foody_crawler/vendor/bundle/ruby/2.0.0/gems/nokogiri-1.6.3.1/ports/x86_64-apple-darwin13.1.0/libxml2/2.8.0/lib/libxml2.a /Users/mc975/Downloads/web-crawler/webapp/foody_crawler/vendor/bundle/ruby/2.0.0/gems/nokogiri-1.6.3.1/ports/x86_64-apple-darwin13.1.0/libxslt/1.1.28/lib/libxslt.a -lm -liconv -lpthread -lz /Users/mc975/Downloads/web-crawler/webapp/foody_crawler/vendor/bundle/ruby/2.0.0/gems/nokogiri-1.6.3.1/ports/x86_64-apple-darwin13.1.0/libxml2/2.8.0/lib/libxml2.a -llzma -lruby-static /Users/mc975/Downloads/web-crawler/webapp/foody_crawler/vendor/bundle/ruby/2.0.0/gems/nokogiri-1.6.3.1/ports/x86_64-apple-darwin13.1.0/libxslt/1.1.28/lib/libexslt.a -lm -liconv -lpthread -lz /Users/mc975/Downloads/web-crawler/webapp/foody_crawler/vendor/bundle/ruby/2.0.0/gems/nokogiri-1.6.3.1/ports/x86_64-apple-darwin13.1.0/libxml2/2.8.0/lib/libxml2.a /Users/mc975/Downloads/web-crawler/webapp/foody_crawler/vendor/bundle/ruby/2.0.0/gems/nokogiri-1.6.3.1/ports/x86_64-apple-darwin13.1.0/libxslt/1.1.28/lib/libxslt.a -lm -liconv -lpthread -lz /Users/mc975/Downloads/web-crawler/webapp/foody_crawler/vendor/bundle/ruby/2.0.0/gems/nokogiri-1.6.3.1/ports/x86_64-apple-darwin13.1.0/libxml2/2.8.0/lib/libxml2.a -llzma -lpthread -ldl -lobjc  "
conftest.c:5:15: warning: implicit declaration of function 'xmlFirstElementChild' is invalid in C99 [-Wimplicit-function-declaration]
int t(void) { xmlFirstElementChild(); return 0; }
              ^
1 warning generated.
ld: warning: directory not found for option '-L/Users/travis/.sm/pkg/active/lib'
checked program was:
/* begin */
 1: #include "ruby.h"
 2: 
 3: /*top*/
 4: extern int t(void);
 5: int t(void) { xmlFirstElementChild(); return 0; }
 6: int main(int argc, char **argv)
 7: {
 8:   if (argc > 1000000) {
 9:     printf("%p", &t);
10:   }
11: 
12:   return 0;
13: }
/* end */

--------------------

have_func: checking for xmlRelaxNGSetParserStructuredErrors()... -------------------- yes

"/usr/bin/clang -o conftest -I/Users/mc975/.rvm/rubies/ruby-2.0.0-p481/include/ruby-2.0.0/x86_64-darwin13.1.0 -I/Users/mc975/.rvm/rubies/ruby-2.0.0-p481/include/ruby-2.0.0/ruby/backward -I/Users/mc975/.rvm/rubies/ruby-2.0.0-p481/include/ruby-2.0.0 -I. -I/Users/mc975/Downloads/web-crawler/webapp/foody_crawler/vendor/bundle/ruby/2.0.0/gems/nokogiri-1.6.3.1/ports/x86_64-apple-darwin13.1.0/libxslt/1.1.28/include -I/Users/mc975/Downloads/web-crawler/webapp/foody_crawler/vendor/bundle/ruby/2.0.0/gems/nokogiri-1.6.3.1/ports/x86_64-apple-darwin13.1.0/libxml2/2.8.0/include/libxml2 -I/usr/include -I/Users/mc975/Downloads/web-crawler/webapp/foody_crawler/vendor/bundle/ruby/2.0.0/gems/nokogiri-1.6.3.1/ports/x86_64-apple-darwin13.1.0/libxml2/2.8.0/include/libxml2 -I/usr/include -D_XOPEN_SOURCE -D_DARWIN_C_SOURCE -D_DARWIN_UNLIMITED_SELECT -D_REENTRANT   -DNOKOGIRI_LIBXML2_PATH\=\"/Users/mc975/Downloads/web-crawler/webapp/foody_crawler/vendor/bundle/ruby/2.0.0/gems/nokogiri-1.6.3.1/ports/x86_64-apple-darwin13.1.0/libxml2/2.8.0\" -DNOKOGIRI_LIBXSLT_PATH\=\"/Users/mc975/Downloads/web-crawler/webapp/foody_crawler/vendor/bundle/ruby/2.0.0/gems/nokogiri-1.6.3.1/ports/x86_64-apple-darwin13.1.0/libxslt/1.1.28\" -O3 -I/Users/travis/.sm/pkg/active/include -fPIC -mmacosx-version-min=10.7 -pipe  -Wno-error=unused-command-line-argument-hard-error-in-future -DNOKOGIRI_USE_PACKAGED_LIBRARIES conftest.c  -L. -L/Users/mc975/.rvm/rubies/ruby-2.0.0-p481/lib -L/Users/mc975/Downloads/web-crawler/webapp/foody_crawler/vendor/bundle/ruby/2.0.0/gems/nokogiri-1.6.3.1/ports/x86_64-apple-darwin13.1.0/libxml2/2.8.0/lib -L/Users/mc975/Downloads/web-crawler/webapp/foody_crawler/vendor/bundle/ruby/2.0.0/gems/nokogiri-1.6.3.1/ports/x86_64-apple-darwin13.1.0/libxslt/1.1.28/lib -L/usr/lib -L.  -L/Users/travis/.sm/pkg/active/lib -L/usr/lib -fPIC -Bstatic -fstack-protector   -arch x86_64  /Users/mc975/Downloads/web-crawler/webapp/foody_crawler/vendor/bundle/ruby/2.0.0/gems/nokogiri-1.6.3.1/ports/x86_64-apple-darwin13.1.0/libxslt/1.1.28/lib/libexslt.a -lm -liconv -lpthread -lz /Users/mc975/Downloads/web-crawler/webapp/foody_crawler/vendor/bundle/ruby/2.0.0/gems/nokogiri-1.6.3.1/ports/x86_64-apple-darwin13.1.0/libxml2/2.8.0/lib/libxml2.a /Users/mc975/Downloads/web-crawler/webapp/foody_crawler/vendor/bundle/ruby/2.0.0/gems/nokogiri-1.6.3.1/ports/x86_64-apple-darwin13.1.0/libxslt/1.1.28/lib/libxslt.a -lm -liconv -lpthread -lz /Users/mc975/Downloads/web-crawler/webapp/foody_crawler/vendor/bundle/ruby/2.0.0/gems/nokogiri-1.6.3.1/ports/x86_64-apple-darwin13.1.0/libxml2/2.8.0/lib/libxml2.a -llzma -lruby-static /Users/mc975/Downloads/web-crawler/webapp/foody_crawler/vendor/bundle/ruby/2.0.0/gems/nokogiri-1.6.3.1/ports/x86_64-apple-darwin13.1.0/libxslt/1.1.28/lib/libexslt.a -lm -liconv -lpthread -lz /Users/mc975/Downloads/web-crawler/webapp/foody_crawler/vendor/bundle/ruby/2.0.0/gems/nokogiri-1.6.3.1/ports/x86_64-apple-darwin13.1.0/libxml2/2.8.0/lib/libxml2.a /Users/mc975/Downloads/web-crawler/webapp/foody_crawler/vendor/bundle/ruby/2.0.0/gems/nokogiri-1.6.3.1/ports/x86_64-apple-darwin13.1.0/libxslt/1.1.28/lib/libxslt.a -lm -liconv -lpthread -lz /Users/mc975/Downloads/web-crawler/webapp/foody_crawler/vendor/bundle/ruby/2.0.0/gems/nokogiri-1.6.3.1/ports/x86_64-apple-darwin13.1.0/libxml2/2.8.0/lib/libxml2.a -llzma -lpthread -ldl -lobjc  "
conftest.c:5:57: error: use of undeclared identifier 'xmlRelaxNGSetParserStructuredErrors'
int t(void) { void ((*volatile p)()); p = (void ((*)()))xmlRelaxNGSetParserStructuredErrors; return 0; }
                                                        ^
1 error generated.
checked program was:
/* begin */
 1: #include "ruby.h"
 2: 
 3: /*top*/
 4: extern int t(void);
 5: int t(void) { void ((*volatile p)()); p = (void ((*)()))xmlRelaxNGSetParserStructuredErrors; return 0; }
 6: int main(int argc, char **argv)
 7: {
 8:   if (argc > 1000000) {
 9:     printf("%p", &t);
10:   }
11: 
12:   return 0;
13: }
/* end */

"/usr/bin/clang -o conftest -I/Users/mc975/.rvm/rubies/ruby-2.0.0-p481/include/ruby-2.0.0/x86_64-darwin13.1.0 -I/Users/mc975/.rvm/rubies/ruby-2.0.0-p481/include/ruby-2.0.0/ruby/backward -I/Users/mc975/.rvm/rubies/ruby-2.0.0-p481/include/ruby-2.0.0 -I. -I/Users/mc975/Downloads/web-crawler/webapp/foody_crawler/vendor/bundle/ruby/2.0.0/gems/nokogiri-1.6.3.1/ports/x86_64-apple-darwin13.1.0/libxslt/1.1.28/include -I/Users/mc975/Downloads/web-crawler/webapp/foody_crawler/vendor/bundle/ruby/2.0.0/gems/nokogiri-1.6.3.1/ports/x86_64-apple-darwin13.1.0/libxml2/2.8.0/include/libxml2 -I/usr/include -I/Users/mc975/Downloads/web-crawler/webapp/foody_crawler/vendor/bundle/ruby/2.0.0/gems/nokogiri-1.6.3.1/ports/x86_64-apple-darwin13.1.0/libxml2/2.8.0/include/libxml2 -I/usr/include -D_XOPEN_SOURCE -D_DARWIN_C_SOURCE -D_DARWIN_UNLIMITED_SELECT -D_REENTRANT   -DNOKOGIRI_LIBXML2_PATH\=\"/Users/mc975/Downloads/web-crawler/webapp/foody_crawler/vendor/bundle/ruby/2.0.0/gems/nokogiri-1.6.3.1/ports/x86_64-apple-darwin13.1.0/libxml2/2.8.0\" -DNOKOGIRI_LIBXSLT_PATH\=\"/Users/mc975/Downloads/web-crawler/webapp/foody_crawler/vendor/bundle/ruby/2.0.0/gems/nokogiri-1.6.3.1/ports/x86_64-apple-darwin13.1.0/libxslt/1.1.28\" -O3 -I/Users/travis/.sm/pkg/active/include -fPIC -mmacosx-version-min=10.7 -pipe  -Wno-error=unused-command-line-argument-hard-error-in-future -DNOKOGIRI_USE_PACKAGED_LIBRARIES conftest.c  -L. -L/Users/mc975/.rvm/rubies/ruby-2.0.0-p481/lib -L/Users/mc975/Downloads/web-crawler/webapp/foody_crawler/vendor/bundle/ruby/2.0.0/gems/nokogiri-1.6.3.1/ports/x86_64-apple-darwin13.1.0/libxml2/2.8.0/lib -L/Users/mc975/Downloads/web-crawler/webapp/foody_crawler/vendor/bundle/ruby/2.0.0/gems/nokogiri-1.6.3.1/ports/x86_64-apple-darwin13.1.0/libxslt/1.1.28/lib -L/usr/lib -L.  -L/Users/travis/.sm/pkg/active/lib -L/usr/lib -fPIC -Bstatic -fstack-protector   -arch x86_64  /Users/mc975/Downloads/web-crawler/webapp/foody_crawler/vendor/bundle/ruby/2.0.0/gems/nokogiri-1.6.3.1/ports/x86_64-apple-darwin13.1.0/libxslt/1.1.28/lib/libexslt.a -lm -liconv -lpthread -lz /Users/mc975/Downloads/web-crawler/webapp/foody_crawler/vendor/bundle/ruby/2.0.0/gems/nokogiri-1.6.3.1/ports/x86_64-apple-darwin13.1.0/libxml2/2.8.0/lib/libxml2.a /Users/mc975/Downloads/web-crawler/webapp/foody_crawler/vendor/bundle/ruby/2.0.0/gems/nokogiri-1.6.3.1/ports/x86_64-apple-darwin13.1.0/libxslt/1.1.28/lib/libxslt.a -lm -liconv -lpthread -lz /Users/mc975/Downloads/web-crawler/webapp/foody_crawler/vendor/bundle/ruby/2.0.0/gems/nokogiri-1.6.3.1/ports/x86_64-apple-darwin13.1.0/libxml2/2.8.0/lib/libxml2.a -llzma -lruby-static /Users/mc975/Downloads/web-crawler/webapp/foody_crawler/vendor/bundle/ruby/2.0.0/gems/nokogiri-1.6.3.1/ports/x86_64-apple-darwin13.1.0/libxslt/1.1.28/lib/libexslt.a -lm -liconv -lpthread -lz /Users/mc975/Downloads/web-crawler/webapp/foody_crawler/vendor/bundle/ruby/2.0.0/gems/nokogiri-1.6.3.1/ports/x86_64-apple-darwin13.1.0/libxml2/2.8.0/lib/libxml2.a /Users/mc975/Downloads/web-crawler/webapp/foody_crawler/vendor/bundle/ruby/2.0.0/gems/nokogiri-1.6.3.1/ports/x86_64-apple-darwin13.1.0/libxslt/1.1.28/lib/libxslt.a -lm -liconv -lpthread -lz /Users/mc975/Downloads/web-crawler/webapp/foody_crawler/vendor/bundle/ruby/2.0.0/gems/nokogiri-1.6.3.1/ports/x86_64-apple-darwin13.1.0/libxml2/2.8.0/lib/libxml2.a -llzma -lpthread -ldl -lobjc  "
conftest.c:5:15: warning: implicit declaration of function 'xmlRelaxNGSetParserStructuredErrors' is invalid in C99 [-Wimplicit-function-declaration]
int t(void) { xmlRelaxNGSetParserStructuredErrors(); return 0; }
              ^
1 warning generated.
ld: warning: directory not found for option '-L/Users/travis/.sm/pkg/active/lib'
checked program was:
/* begin */
 1: #include "ruby.h"
 2: 
 3: /*top*/
 4: extern int t(void);
 5: int t(void) { xmlRelaxNGSetParserStructuredErrors(); return 0; }
 6: int main(int argc, char **argv)
 7: {
 8:   if (argc > 1000000) {
 9:     printf("%p", &t);
10:   }
11: 
12:   return 0;
13: }
/* end */

--------------------

have_func: checking for xmlRelaxNGSetParserStructuredErrors()... -------------------- yes

"/usr/bin/clang -o conftest -I/Users/mc975/.rvm/rubies/ruby-2.0.0-p481/include/ruby-2.0.0/x86_64-darwin13.1.0 -I/Users/mc975/.rvm/rubies/ruby-2.0.0-p481/include/ruby-2.0.0/ruby/backward -I/Users/mc975/.rvm/rubies/ruby-2.0.0-p481/include/ruby-2.0.0 -I. -I/Users/mc975/Downloads/web-crawler/webapp/foody_crawler/vendor/bundle/ruby/2.0.0/gems/nokogiri-1.6.3.1/ports/x86_64-apple-darwin13.1.0/libxslt/1.1.28/include -I/Users/mc975/Downloads/web-crawler/webapp/foody_crawler/vendor/bundle/ruby/2.0.0/gems/nokogiri-1.6.3.1/ports/x86_64-apple-darwin13.1.0/libxml2/2.8.0/include/libxml2 -I/usr/include -I/Users/mc975/Downloads/web-crawler/webapp/foody_crawler/vendor/bundle/ruby/2.0.0/gems/nokogiri-1.6.3.1/ports/x86_64-apple-darwin13.1.0/libxml2/2.8.0/include/libxml2 -I/usr/include -D_XOPEN_SOURCE -D_DARWIN_C_SOURCE -D_DARWIN_UNLIMITED_SELECT -D_REENTRANT   -DNOKOGIRI_LIBXML2_PATH\=\"/Users/mc975/Downloads/web-crawler/webapp/foody_crawler/vendor/bundle/ruby/2.0.0/gems/nokogiri-1.6.3.1/ports/x86_64-apple-darwin13.1.0/libxml2/2.8.0\" -DNOKOGIRI_LIBXSLT_PATH\=\"/Users/mc975/Downloads/web-crawler/webapp/foody_crawler/vendor/bundle/ruby/2.0.0/gems/nokogiri-1.6.3.1/ports/x86_64-apple-darwin13.1.0/libxslt/1.1.28\" -O3 -I/Users/travis/.sm/pkg/active/include -fPIC -mmacosx-version-min=10.7 -pipe  -Wno-error=unused-command-line-argument-hard-error-in-future -DNOKOGIRI_USE_PACKAGED_LIBRARIES conftest.c  -L. -L/Users/mc975/.rvm/rubies/ruby-2.0.0-p481/lib -L/Users/mc975/Downloads/web-crawler/webapp/foody_crawler/vendor/bundle/ruby/2.0.0/gems/nokogiri-1.6.3.1/ports/x86_64-apple-darwin13.1.0/libxml2/2.8.0/lib -L/Users/mc975/Downloads/web-crawler/webapp/foody_crawler/vendor/bundle/ruby/2.0.0/gems/nokogiri-1.6.3.1/ports/x86_64-apple-darwin13.1.0/libxslt/1.1.28/lib -L/usr/lib -L.  -L/Users/travis/.sm/pkg/active/lib -L/usr/lib -fPIC -Bstatic -fstack-protector   -arch x86_64  /Users/mc975/Downloads/web-crawler/webapp/foody_crawler/vendor/bundle/ruby/2.0.0/gems/nokogiri-1.6.3.1/ports/x86_64-apple-darwin13.1.0/libxslt/1.1.28/lib/libexslt.a -lm -liconv -lpthread -lz /Users/mc975/Downloads/web-crawler/webapp/foody_crawler/vendor/bundle/ruby/2.0.0/gems/nokogiri-1.6.3.1/ports/x86_64-apple-darwin13.1.0/libxml2/2.8.0/lib/libxml2.a /Users/mc975/Downloads/web-crawler/webapp/foody_crawler/vendor/bundle/ruby/2.0.0/gems/nokogiri-1.6.3.1/ports/x86_64-apple-darwin13.1.0/libxslt/1.1.28/lib/libxslt.a -lm -liconv -lpthread -lz /Users/mc975/Downloads/web-crawler/webapp/foody_crawler/vendor/bundle/ruby/2.0.0/gems/nokogiri-1.6.3.1/ports/x86_64-apple-darwin13.1.0/libxml2/2.8.0/lib/libxml2.a -llzma -lruby-static /Users/mc975/Downloads/web-crawler/webapp/foody_crawler/vendor/bundle/ruby/2.0.0/gems/nokogiri-1.6.3.1/ports/x86_64-apple-darwin13.1.0/libxslt/1.1.28/lib/libexslt.a -lm -liconv -lpthread -lz /Users/mc975/Downloads/web-crawler/webapp/foody_crawler/vendor/bundle/ruby/2.0.0/gems/nokogiri-1.6.3.1/ports/x86_64-apple-darwin13.1.0/libxml2/2.8.0/lib/libxml2.a /Users/mc975/Downloads/web-crawler/webapp/foody_crawler/vendor/bundle/ruby/2.0.0/gems/nokogiri-1.6.3.1/ports/x86_64-apple-darwin13.1.0/libxslt/1.1.28/lib/libxslt.a -lm -liconv -lpthread -lz /Users/mc975/Downloads/web-crawler/webapp/foody_crawler/vendor/bundle/ruby/2.0.0/gems/nokogiri-1.6.3.1/ports/x86_64-apple-darwin13.1.0/libxml2/2.8.0/lib/libxml2.a -llzma -lpthread -ldl -lobjc  "
conftest.c:5:57: error: use of undeclared identifier 'xmlRelaxNGSetParserStructuredErrors'
int t(void) { void ((*volatile p)()); p = (void ((*)()))xmlRelaxNGSetParserStructuredErrors; return 0; }
                                                        ^
1 error generated.
checked program was:
/* begin */
 1: #include "ruby.h"
 2: 
 3: /*top*/
 4: extern int t(void);
 5: int t(void) { void ((*volatile p)()); p = (void ((*)()))xmlRelaxNGSetParserStructuredErrors; return 0; }
 6: int main(int argc, char **argv)
 7: {
 8:   if (argc > 1000000) {
 9:     printf("%p", &t);
10:   }
11: 
12:   return 0;
13: }
/* end */

"/usr/bin/clang -o conftest -I/Users/mc975/.rvm/rubies/ruby-2.0.0-p481/include/ruby-2.0.0/x86_64-darwin13.1.0 -I/Users/mc975/.rvm/rubies/ruby-2.0.0-p481/include/ruby-2.0.0/ruby/backward -I/Users/mc975/.rvm/rubies/ruby-2.0.0-p481/include/ruby-2.0.0 -I. -I/Users/mc975/Downloads/web-crawler/webapp/foody_crawler/vendor/bundle/ruby/2.0.0/gems/nokogiri-1.6.3.1/ports/x86_64-apple-darwin13.1.0/libxslt/1.1.28/include -I/Users/mc975/Downloads/web-crawler/webapp/foody_crawler/vendor/bundle/ruby/2.0.0/gems/nokogiri-1.6.3.1/ports/x86_64-apple-darwin13.1.0/libxml2/2.8.0/include/libxml2 -I/usr/include -I/Users/mc975/Downloads/web-crawler/webapp/foody_crawler/vendor/bundle/ruby/2.0.0/gems/nokogiri-1.6.3.1/ports/x86_64-apple-darwin13.1.0/libxml2/2.8.0/include/libxml2 -I/usr/include -D_XOPEN_SOURCE -D_DARWIN_C_SOURCE -D_DARWIN_UNLIMITED_SELECT -D_REENTRANT   -DNOKOGIRI_LIBXML2_PATH\=\"/Users/mc975/Downloads/web-crawler/webapp/foody_crawler/vendor/bundle/ruby/2.0.0/gems/nokogiri-1.6.3.1/ports/x86_64-apple-darwin13.1.0/libxml2/2.8.0\" -DNOKOGIRI_LIBXSLT_PATH\=\"/Users/mc975/Downloads/web-crawler/webapp/foody_crawler/vendor/bundle/ruby/2.0.0/gems/nokogiri-1.6.3.1/ports/x86_64-apple-darwin13.1.0/libxslt/1.1.28\" -O3 -I/Users/travis/.sm/pkg/active/include -fPIC -mmacosx-version-min=10.7 -pipe  -Wno-error=unused-command-line-argument-hard-error-in-future -DNOKOGIRI_USE_PACKAGED_LIBRARIES conftest.c  -L. -L/Users/mc975/.rvm/rubies/ruby-2.0.0-p481/lib -L/Users/mc975/Downloads/web-crawler/webapp/foody_crawler/vendor/bundle/ruby/2.0.0/gems/nokogiri-1.6.3.1/ports/x86_64-apple-darwin13.1.0/libxml2/2.8.0/lib -L/Users/mc975/Downloads/web-crawler/webapp/foody_crawler/vendor/bundle/ruby/2.0.0/gems/nokogiri-1.6.3.1/ports/x86_64-apple-darwin13.1.0/libxslt/1.1.28/lib -L/usr/lib -L.  -L/Users/travis/.sm/pkg/active/lib -L/usr/lib -fPIC -Bstatic -fstack-protector   -arch x86_64  /Users/mc975/Downloads/web-crawler/webapp/foody_crawler/vendor/bundle/ruby/2.0.0/gems/nokogiri-1.6.3.1/ports/x86_64-apple-darwin13.1.0/libxslt/1.1.28/lib/libexslt.a -lm -liconv -lpthread -lz /Users/mc975/Downloads/web-crawler/webapp/foody_crawler/vendor/bundle/ruby/2.0.0/gems/nokogiri-1.6.3.1/ports/x86_64-apple-darwin13.1.0/libxml2/2.8.0/lib/libxml2.a /Users/mc975/Downloads/web-crawler/webapp/foody_crawler/vendor/bundle/ruby/2.0.0/gems/nokogiri-1.6.3.1/ports/x86_64-apple-darwin13.1.0/libxslt/1.1.28/lib/libxslt.a -lm -liconv -lpthread -lz /Users/mc975/Downloads/web-crawler/webapp/foody_crawler/vendor/bundle/ruby/2.0.0/gems/nokogiri-1.6.3.1/ports/x86_64-apple-darwin13.1.0/libxml2/2.8.0/lib/libxml2.a -llzma -lruby-static /Users/mc975/Downloads/web-crawler/webapp/foody_crawler/vendor/bundle/ruby/2.0.0/gems/nokogiri-1.6.3.1/ports/x86_64-apple-darwin13.1.0/libxslt/1.1.28/lib/libexslt.a -lm -liconv -lpthread -lz /Users/mc975/Downloads/web-crawler/webapp/foody_crawler/vendor/bundle/ruby/2.0.0/gems/nokogiri-1.6.3.1/ports/x86_64-apple-darwin13.1.0/libxml2/2.8.0/lib/libxml2.a /Users/mc975/Downloads/web-crawler/webapp/foody_crawler/vendor/bundle/ruby/2.0.0/gems/nokogiri-1.6.3.1/ports/x86_64-apple-darwin13.1.0/libxslt/1.1.28/lib/libxslt.a -lm -liconv -lpthread -lz /Users/mc975/Downloads/web-crawler/webapp/foody_crawler/vendor/bundle/ruby/2.0.0/gems/nokogiri-1.6.3.1/ports/x86_64-apple-darwin13.1.0/libxml2/2.8.0/lib/libxml2.a -llzma -lpthread -ldl -lobjc  "
conftest.c:5:15: warning: implicit declaration of function 'xmlRelaxNGSetParserStructuredErrors' is invalid in C99 [-Wimplicit-function-declaration]
int t(void) { xmlRelaxNGSetParserStructuredErrors(); return 0; }
              ^
1 warning generated.
ld: warning: directory not found for option '-L/Users/travis/.sm/pkg/active/lib'
checked program was:
/* begin */
 1: #include "ruby.h"
 2: 
 3: /*top*/
 4: extern int t(void);
 5: int t(void) { xmlRelaxNGSetParserStructuredErrors(); return 0; }
 6: int main(int argc, char **argv)
 7: {
 8:   if (argc > 1000000) {
 9:     printf("%p", &t);
10:   }
11: 
12:   return 0;
13: }
/* end */

--------------------

have_func: checking for xmlRelaxNGSetValidStructuredErrors()... -------------------- yes

"/usr/bin/clang -o conftest -I/Users/mc975/.rvm/rubies/ruby-2.0.0-p481/include/ruby-2.0.0/x86_64-darwin13.1.0 -I/Users/mc975/.rvm/rubies/ruby-2.0.0-p481/include/ruby-2.0.0/ruby/backward -I/Users/mc975/.rvm/rubies/ruby-2.0.0-p481/include/ruby-2.0.0 -I. -I/Users/mc975/Downloads/web-crawler/webapp/foody_crawler/vendor/bundle/ruby/2.0.0/gems/nokogiri-1.6.3.1/ports/x86_64-apple-darwin13.1.0/libxslt/1.1.28/include -I/Users/mc975/Downloads/web-crawler/webapp/foody_crawler/vendor/bundle/ruby/2.0.0/gems/nokogiri-1.6.3.1/ports/x86_64-apple-darwin13.1.0/libxml2/2.8.0/include/libxml2 -I/usr/include -I/Users/mc975/Downloads/web-crawler/webapp/foody_crawler/vendor/bundle/ruby/2.0.0/gems/nokogiri-1.6.3.1/ports/x86_64-apple-darwin13.1.0/libxml2/2.8.0/include/libxml2 -I/usr/include -D_XOPEN_SOURCE -D_DARWIN_C_SOURCE -D_DARWIN_UNLIMITED_SELECT -D_REENTRANT   -DNOKOGIRI_LIBXML2_PATH\=\"/Users/mc975/Downloads/web-crawler/webapp/foody_crawler/vendor/bundle/ruby/2.0.0/gems/nokogiri-1.6.3.1/ports/x86_64-apple-darwin13.1.0/libxml2/2.8.0\" -DNOKOGIRI_LIBXSLT_PATH\=\"/Users/mc975/Downloads/web-crawler/webapp/foody_crawler/vendor/bundle/ruby/2.0.0/gems/nokogiri-1.6.3.1/ports/x86_64-apple-darwin13.1.0/libxslt/1.1.28\" -O3 -I/Users/travis/.sm/pkg/active/include -fPIC -mmacosx-version-min=10.7 -pipe  -Wno-error=unused-command-line-argument-hard-error-in-future -DNOKOGIRI_USE_PACKAGED_LIBRARIES conftest.c  -L. -L/Users/mc975/.rvm/rubies/ruby-2.0.0-p481/lib -L/Users/mc975/Downloads/web-crawler/webapp/foody_crawler/vendor/bundle/ruby/2.0.0/gems/nokogiri-1.6.3.1/ports/x86_64-apple-darwin13.1.0/libxml2/2.8.0/lib -L/Users/mc975/Downloads/web-crawler/webapp/foody_crawler/vendor/bundle/ruby/2.0.0/gems/nokogiri-1.6.3.1/ports/x86_64-apple-darwin13.1.0/libxslt/1.1.28/lib -L/usr/lib -L.  -L/Users/travis/.sm/pkg/active/lib -L/usr/lib -fPIC -Bstatic -fstack-protector   -arch x86_64  /Users/mc975/Downloads/web-crawler/webapp/foody_crawler/vendor/bundle/ruby/2.0.0/gems/nokogiri-1.6.3.1/ports/x86_64-apple-darwin13.1.0/libxslt/1.1.28/lib/libexslt.a -lm -liconv -lpthread -lz /Users/mc975/Downloads/web-crawler/webapp/foody_crawler/vendor/bundle/ruby/2.0.0/gems/nokogiri-1.6.3.1/ports/x86_64-apple-darwin13.1.0/libxml2/2.8.0/lib/libxml2.a /Users/mc975/Downloads/web-crawler/webapp/foody_crawler/vendor/bundle/ruby/2.0.0/gems/nokogiri-1.6.3.1/ports/x86_64-apple-darwin13.1.0/libxslt/1.1.28/lib/libxslt.a -lm -liconv -lpthread -lz /Users/mc975/Downloads/web-crawler/webapp/foody_crawler/vendor/bundle/ruby/2.0.0/gems/nokogiri-1.6.3.1/ports/x86_64-apple-darwin13.1.0/libxml2/2.8.0/lib/libxml2.a -llzma -lruby-static /Users/mc975/Downloads/web-crawler/webapp/foody_crawler/vendor/bundle/ruby/2.0.0/gems/nokogiri-1.6.3.1/ports/x86_64-apple-darwin13.1.0/libxslt/1.1.28/lib/libexslt.a -lm -liconv -lpthread -lz /Users/mc975/Downloads/web-crawler/webapp/foody_crawler/vendor/bundle/ruby/2.0.0/gems/nokogiri-1.6.3.1/ports/x86_64-apple-darwin13.1.0/libxml2/2.8.0/lib/libxml2.a /Users/mc975/Downloads/web-crawler/webapp/foody_crawler/vendor/bundle/ruby/2.0.0/gems/nokogiri-1.6.3.1/ports/x86_64-apple-darwin13.1.0/libxslt/1.1.28/lib/libxslt.a -lm -liconv -lpthread -lz /Users/mc975/Downloads/web-crawler/webapp/foody_crawler/vendor/bundle/ruby/2.0.0/gems/nokogiri-1.6.3.1/ports/x86_64-apple-darwin13.1.0/libxml2/2.8.0/lib/libxml2.a -llzma -lpthread -ldl -lobjc  "
conftest.c:5:57: error: use of undeclared identifier 'xmlRelaxNGSetValidStructuredErrors'
int t(void) { void ((*volatile p)()); p = (void ((*)()))xmlRelaxNGSetValidStructuredErrors; return 0; }
                                                        ^
1 error generated.
checked program was:
/* begin */
 1: #include "ruby.h"
 2: 
 3: /*top*/
 4: extern int t(void);
 5: int t(void) { void ((*volatile p)()); p = (void ((*)()))xmlRelaxNGSetValidStructuredErrors; return 0; }
 6: int main(int argc, char **argv)
 7: {
 8:   if (argc > 1000000) {
 9:     printf("%p", &t);
10:   }
11: 
12:   return 0;
13: }
/* end */

"/usr/bin/clang -o conftest -I/Users/mc975/.rvm/rubies/ruby-2.0.0-p481/include/ruby-2.0.0/x86_64-darwin13.1.0 -I/Users/mc975/.rvm/rubies/ruby-2.0.0-p481/include/ruby-2.0.0/ruby/backward -I/Users/mc975/.rvm/rubies/ruby-2.0.0-p481/include/ruby-2.0.0 -I. -I/Users/mc975/Downloads/web-crawler/webapp/foody_crawler/vendor/bundle/ruby/2.0.0/gems/nokogiri-1.6.3.1/ports/x86_64-apple-darwin13.1.0/libxslt/1.1.28/include -I/Users/mc975/Downloads/web-crawler/webapp/foody_crawler/vendor/bundle/ruby/2.0.0/gems/nokogiri-1.6.3.1/ports/x86_64-apple-darwin13.1.0/libxml2/2.8.0/include/libxml2 -I/usr/include -I/Users/mc975/Downloads/web-crawler/webapp/foody_crawler/vendor/bundle/ruby/2.0.0/gems/nokogiri-1.6.3.1/ports/x86_64-apple-darwin13.1.0/libxml2/2.8.0/include/libxml2 -I/usr/include -D_XOPEN_SOURCE -D_DARWIN_C_SOURCE -D_DARWIN_UNLIMITED_SELECT -D_REENTRANT   -DNOKOGIRI_LIBXML2_PATH\=\"/Users/mc975/Downloads/web-crawler/webapp/foody_crawler/vendor/bundle/ruby/2.0.0/gems/nokogiri-1.6.3.1/ports/x86_64-apple-darwin13.1.0/libxml2/2.8.0\" -DNOKOGIRI_LIBXSLT_PATH\=\"/Users/mc975/Downloads/web-crawler/webapp/foody_crawler/vendor/bundle/ruby/2.0.0/gems/nokogiri-1.6.3.1/ports/x86_64-apple-darwin13.1.0/libxslt/1.1.28\" -O3 -I/Users/travis/.sm/pkg/active/include -fPIC -mmacosx-version-min=10.7 -pipe  -Wno-error=unused-command-line-argument-hard-error-in-future -DNOKOGIRI_USE_PACKAGED_LIBRARIES conftest.c  -L. -L/Users/mc975/.rvm/rubies/ruby-2.0.0-p481/lib -L/Users/mc975/Downloads/web-crawler/webapp/foody_crawler/vendor/bundle/ruby/2.0.0/gems/nokogiri-1.6.3.1/ports/x86_64-apple-darwin13.1.0/libxml2/2.8.0/lib -L/Users/mc975/Downloads/web-crawler/webapp/foody_crawler/vendor/bundle/ruby/2.0.0/gems/nokogiri-1.6.3.1/ports/x86_64-apple-darwin13.1.0/libxslt/1.1.28/lib -L/usr/lib -L.  -L/Users/travis/.sm/pkg/active/lib -L/usr/lib -fPIC -Bstatic -fstack-protector   -arch x86_64  /Users/mc975/Downloads/web-crawler/webapp/foody_crawler/vendor/bundle/ruby/2.0.0/gems/nokogiri-1.6.3.1/ports/x86_64-apple-darwin13.1.0/libxslt/1.1.28/lib/libexslt.a -lm -liconv -lpthread -lz /Users/mc975/Downloads/web-crawler/webapp/foody_crawler/vendor/bundle/ruby/2.0.0/gems/nokogiri-1.6.3.1/ports/x86_64-apple-darwin13.1.0/libxml2/2.8.0/lib/libxml2.a /Users/mc975/Downloads/web-crawler/webapp/foody_crawler/vendor/bundle/ruby/2.0.0/gems/nokogiri-1.6.3.1/ports/x86_64-apple-darwin13.1.0/libxslt/1.1.28/lib/libxslt.a -lm -liconv -lpthread -lz /Users/mc975/Downloads/web-crawler/webapp/foody_crawler/vendor/bundle/ruby/2.0.0/gems/nokogiri-1.6.3.1/ports/x86_64-apple-darwin13.1.0/libxml2/2.8.0/lib/libxml2.a -llzma -lruby-static /Users/mc975/Downloads/web-crawler/webapp/foody_crawler/vendor/bundle/ruby/2.0.0/gems/nokogiri-1.6.3.1/ports/x86_64-apple-darwin13.1.0/libxslt/1.1.28/lib/libexslt.a -lm -liconv -lpthread -lz /Users/mc975/Downloads/web-crawler/webapp/foody_crawler/vendor/bundle/ruby/2.0.0/gems/nokogiri-1.6.3.1/ports/x86_64-apple-darwin13.1.0/libxml2/2.8.0/lib/libxml2.a /Users/mc975/Downloads/web-crawler/webapp/foody_crawler/vendor/bundle/ruby/2.0.0/gems/nokogiri-1.6.3.1/ports/x86_64-apple-darwin13.1.0/libxslt/1.1.28/lib/libxslt.a -lm -liconv -lpthread -lz /Users/mc975/Downloads/web-crawler/webapp/foody_crawler/vendor/bundle/ruby/2.0.0/gems/nokogiri-1.6.3.1/ports/x86_64-apple-darwin13.1.0/libxml2/2.8.0/lib/libxml2.a -llzma -lpthread -ldl -lobjc  "
conftest.c:5:15: warning: implicit declaration of function 'xmlRelaxNGSetValidStructuredErrors' is invalid in C99 [-Wimplicit-function-declaration]
int t(void) { xmlRelaxNGSetValidStructuredErrors(); return 0; }
              ^
1 warning generated.
ld: warning: directory not found for option '-L/Users/travis/.sm/pkg/active/lib'
checked program was:
/* begin */
 1: #include "ruby.h"
 2: 
 3: /*top*/
 4: extern int t(void);
 5: int t(void) { xmlRelaxNGSetValidStructuredErrors(); return 0; }
 6: int main(int argc, char **argv)
 7: {
 8:   if (argc > 1000000) {
 9:     printf("%p", &t);
10:   }
11: 
12:   return 0;
13: }
/* end */

--------------------

have_func: checking for xmlSchemaSetValidStructuredErrors()... -------------------- yes

"/usr/bin/clang -o conftest -I/Users/mc975/.rvm/rubies/ruby-2.0.0-p481/include/ruby-2.0.0/x86_64-darwin13.1.0 -I/Users/mc975/.rvm/rubies/ruby-2.0.0-p481/include/ruby-2.0.0/ruby/backward -I/Users/mc975/.rvm/rubies/ruby-2.0.0-p481/include/ruby-2.0.0 -I. -I/Users/mc975/Downloads/web-crawler/webapp/foody_crawler/vendor/bundle/ruby/2.0.0/gems/nokogiri-1.6.3.1/ports/x86_64-apple-darwin13.1.0/libxslt/1.1.28/include -I/Users/mc975/Downloads/web-crawler/webapp/foody_crawler/vendor/bundle/ruby/2.0.0/gems/nokogiri-1.6.3.1/ports/x86_64-apple-darwin13.1.0/libxml2/2.8.0/include/libxml2 -I/usr/include -I/Users/mc975/Downloads/web-crawler/webapp/foody_crawler/vendor/bundle/ruby/2.0.0/gems/nokogiri-1.6.3.1/ports/x86_64-apple-darwin13.1.0/libxml2/2.8.0/include/libxml2 -I/usr/include -D_XOPEN_SOURCE -D_DARWIN_C_SOURCE -D_DARWIN_UNLIMITED_SELECT -D_REENTRANT   -DNOKOGIRI_LIBXML2_PATH\=\"/Users/mc975/Downloads/web-crawler/webapp/foody_crawler/vendor/bundle/ruby/2.0.0/gems/nokogiri-1.6.3.1/ports/x86_64-apple-darwin13.1.0/libxml2/2.8.0\" -DNOKOGIRI_LIBXSLT_PATH\=\"/Users/mc975/Downloads/web-crawler/webapp/foody_crawler/vendor/bundle/ruby/2.0.0/gems/nokogiri-1.6.3.1/ports/x86_64-apple-darwin13.1.0/libxslt/1.1.28\" -O3 -I/Users/travis/.sm/pkg/active/include -fPIC -mmacosx-version-min=10.7 -pipe  -Wno-error=unused-command-line-argument-hard-error-in-future -DNOKOGIRI_USE_PACKAGED_LIBRARIES conftest.c  -L. -L/Users/mc975/.rvm/rubies/ruby-2.0.0-p481/lib -L/Users/mc975/Downloads/web-crawler/webapp/foody_crawler/vendor/bundle/ruby/2.0.0/gems/nokogiri-1.6.3.1/ports/x86_64-apple-darwin13.1.0/libxml2/2.8.0/lib -L/Users/mc975/Downloads/web-crawler/webapp/foody_crawler/vendor/bundle/ruby/2.0.0/gems/nokogiri-1.6.3.1/ports/x86_64-apple-darwin13.1.0/libxslt/1.1.28/lib -L/usr/lib -L.  -L/Users/travis/.sm/pkg/active/lib -L/usr/lib -fPIC -Bstatic -fstack-protector   -arch x86_64  /Users/mc975/Downloads/web-crawler/webapp/foody_crawler/vendor/bundle/ruby/2.0.0/gems/nokogiri-1.6.3.1/ports/x86_64-apple-darwin13.1.0/libxslt/1.1.28/lib/libexslt.a -lm -liconv -lpthread -lz /Users/mc975/Downloads/web-crawler/webapp/foody_crawler/vendor/bundle/ruby/2.0.0/gems/nokogiri-1.6.3.1/ports/x86_64-apple-darwin13.1.0/libxml2/2.8.0/lib/libxml2.a /Users/mc975/Downloads/web-crawler/webapp/foody_crawler/vendor/bundle/ruby/2.0.0/gems/nokogiri-1.6.3.1/ports/x86_64-apple-darwin13.1.0/libxslt/1.1.28/lib/libxslt.a -lm -liconv -lpthread -lz /Users/mc975/Downloads/web-crawler/webapp/foody_crawler/vendor/bundle/ruby/2.0.0/gems/nokogiri-1.6.3.1/ports/x86_64-apple-darwin13.1.0/libxml2/2.8.0/lib/libxml2.a -llzma -lruby-static /Users/mc975/Downloads/web-crawler/webapp/foody_crawler/vendor/bundle/ruby/2.0.0/gems/nokogiri-1.6.3.1/ports/x86_64-apple-darwin13.1.0/libxslt/1.1.28/lib/libexslt.a -lm -liconv -lpthread -lz /Users/mc975/Downloads/web-crawler/webapp/foody_crawler/vendor/bundle/ruby/2.0.0/gems/nokogiri-1.6.3.1/ports/x86_64-apple-darwin13.1.0/libxml2/2.8.0/lib/libxml2.a /Users/mc975/Downloads/web-crawler/webapp/foody_crawler/vendor/bundle/ruby/2.0.0/gems/nokogiri-1.6.3.1/ports/x86_64-apple-darwin13.1.0/libxslt/1.1.28/lib/libxslt.a -lm -liconv -lpthread -lz /Users/mc975/Downloads/web-crawler/webapp/foody_crawler/vendor/bundle/ruby/2.0.0/gems/nokogiri-1.6.3.1/ports/x86_64-apple-darwin13.1.0/libxml2/2.8.0/lib/libxml2.a -llzma -lpthread -ldl -lobjc  "
conftest.c:5:57: error: use of undeclared identifier 'xmlSchemaSetValidStructuredErrors'
int t(void) { void ((*volatile p)()); p = (void ((*)()))xmlSchemaSetValidStructuredErrors; return 0; }
                                                        ^
1 error generated.
checked program was:
/* begin */
 1: #include "ruby.h"
 2: 
 3: /*top*/
 4: extern int t(void);
 5: int t(void) { void ((*volatile p)()); p = (void ((*)()))xmlSchemaSetValidStructuredErrors; return 0; }
 6: int main(int argc, char **argv)
 7: {
 8:   if (argc > 1000000) {
 9:     printf("%p", &t);
10:   }
11: 
12:   return 0;
13: }
/* end */

"/usr/bin/clang -o conftest -I/Users/mc975/.rvm/rubies/ruby-2.0.0-p481/include/ruby-2.0.0/x86_64-darwin13.1.0 -I/Users/mc975/.rvm/rubies/ruby-2.0.0-p481/include/ruby-2.0.0/ruby/backward -I/Users/mc975/.rvm/rubies/ruby-2.0.0-p481/include/ruby-2.0.0 -I. -I/Users/mc975/Downloads/web-crawler/webapp/foody_crawler/vendor/bundle/ruby/2.0.0/gems/nokogiri-1.6.3.1/ports/x86_64-apple-darwin13.1.0/libxslt/1.1.28/include -I/Users/mc975/Downloads/web-crawler/webapp/foody_crawler/vendor/bundle/ruby/2.0.0/gems/nokogiri-1.6.3.1/ports/x86_64-apple-darwin13.1.0/libxml2/2.8.0/include/libxml2 -I/usr/include -I/Users/mc975/Downloads/web-crawler/webapp/foody_crawler/vendor/bundle/ruby/2.0.0/gems/nokogiri-1.6.3.1/ports/x86_64-apple-darwin13.1.0/libxml2/2.8.0/include/libxml2 -I/usr/include -D_XOPEN_SOURCE -D_DARWIN_C_SOURCE -D_DARWIN_UNLIMITED_SELECT -D_REENTRANT   -DNOKOGIRI_LIBXML2_PATH\=\"/Users/mc975/Downloads/web-crawler/webapp/foody_crawler/vendor/bundle/ruby/2.0.0/gems/nokogiri-1.6.3.1/ports/x86_64-apple-darwin13.1.0/libxml2/2.8.0\" -DNOKOGIRI_LIBXSLT_PATH\=\"/Users/mc975/Downloads/web-crawler/webapp/foody_crawler/vendor/bundle/ruby/2.0.0/gems/nokogiri-1.6.3.1/ports/x86_64-apple-darwin13.1.0/libxslt/1.1.28\" -O3 -I/Users/travis/.sm/pkg/active/include -fPIC -mmacosx-version-min=10.7 -pipe  -Wno-error=unused-command-line-argument-hard-error-in-future -DNOKOGIRI_USE_PACKAGED_LIBRARIES conftest.c  -L. -L/Users/mc975/.rvm/rubies/ruby-2.0.0-p481/lib -L/Users/mc975/Downloads/web-crawler/webapp/foody_crawler/vendor/bundle/ruby/2.0.0/gems/nokogiri-1.6.3.1/ports/x86_64-apple-darwin13.1.0/libxml2/2.8.0/lib -L/Users/mc975/Downloads/web-crawler/webapp/foody_crawler/vendor/bundle/ruby/2.0.0/gems/nokogiri-1.6.3.1/ports/x86_64-apple-darwin13.1.0/libxslt/1.1.28/lib -L/usr/lib -L.  -L/Users/travis/.sm/pkg/active/lib -L/usr/lib -fPIC -Bstatic -fstack-protector   -arch x86_64  /Users/mc975/Downloads/web-crawler/webapp/foody_crawler/vendor/bundle/ruby/2.0.0/gems/nokogiri-1.6.3.1/ports/x86_64-apple-darwin13.1.0/libxslt/1.1.28/lib/libexslt.a -lm -liconv -lpthread -lz /Users/mc975/Downloads/web-crawler/webapp/foody_crawler/vendor/bundle/ruby/2.0.0/gems/nokogiri-1.6.3.1/ports/x86_64-apple-darwin13.1.0/libxml2/2.8.0/lib/libxml2.a /Users/mc975/Downloads/web-crawler/webapp/foody_crawler/vendor/bundle/ruby/2.0.0/gems/nokogiri-1.6.3.1/ports/x86_64-apple-darwin13.1.0/libxslt/1.1.28/lib/libxslt.a -lm -liconv -lpthread -lz /Users/mc975/Downloads/web-crawler/webapp/foody_crawler/vendor/bundle/ruby/2.0.0/gems/nokogiri-1.6.3.1/ports/x86_64-apple-darwin13.1.0/libxml2/2.8.0/lib/libxml2.a -llzma -lruby-static /Users/mc975/Downloads/web-crawler/webapp/foody_crawler/vendor/bundle/ruby/2.0.0/gems/nokogiri-1.6.3.1/ports/x86_64-apple-darwin13.1.0/libxslt/1.1.28/lib/libexslt.a -lm -liconv -lpthread -lz /Users/mc975/Downloads/web-crawler/webapp/foody_crawler/vendor/bundle/ruby/2.0.0/gems/nokogiri-1.6.3.1/ports/x86_64-apple-darwin13.1.0/libxml2/2.8.0/lib/libxml2.a /Users/mc975/Downloads/web-crawler/webapp/foody_crawler/vendor/bundle/ruby/2.0.0/gems/nokogiri-1.6.3.1/ports/x86_64-apple-darwin13.1.0/libxslt/1.1.28/lib/libxslt.a -lm -liconv -lpthread -lz /Users/mc975/Downloads/web-crawler/webapp/foody_crawler/vendor/bundle/ruby/2.0.0/gems/nokogiri-1.6.3.1/ports/x86_64-apple-darwin13.1.0/libxml2/2.8.0/lib/libxml2.a -llzma -lpthread -ldl -lobjc  "
conftest.c:5:15: warning: implicit declaration of function 'xmlSchemaSetValidStructuredErrors' is invalid in C99 [-Wimplicit-function-declaration]
int t(void) { xmlSchemaSetValidStructuredErrors(); return 0; }
              ^
1 warning generated.
ld: warning: directory not found for option '-L/Users/travis/.sm/pkg/active/lib'
checked program was:
/* begin */
 1: #include "ruby.h"
 2: 
 3: /*top*/
 4: extern int t(void);
 5: int t(void) { xmlSchemaSetValidStructuredErrors(); return 0; }
 6: int main(int argc, char **argv)
 7: {
 8:   if (argc > 1000000) {
 9:     printf("%p", &t);
10:   }
11: 
12:   return 0;
13: }
/* end */

--------------------

have_func: checking for xmlSchemaSetParserStructuredErrors()... -------------------- yes

"/usr/bin/clang -o conftest -I/Users/mc975/.rvm/rubies/ruby-2.0.0-p481/include/ruby-2.0.0/x86_64-darwin13.1.0 -I/Users/mc975/.rvm/rubies/ruby-2.0.0-p481/include/ruby-2.0.0/ruby/backward -I/Users/mc975/.rvm/rubies/ruby-2.0.0-p481/include/ruby-2.0.0 -I. -I/Users/mc975/Downloads/web-crawler/webapp/foody_crawler/vendor/bundle/ruby/2.0.0/gems/nokogiri-1.6.3.1/ports/x86_64-apple-darwin13.1.0/libxslt/1.1.28/include -I/Users/mc975/Downloads/web-crawler/webapp/foody_crawler/vendor/bundle/ruby/2.0.0/gems/nokogiri-1.6.3.1/ports/x86_64-apple-darwin13.1.0/libxml2/2.8.0/include/libxml2 -I/usr/include -I/Users/mc975/Downloads/web-crawler/webapp/foody_crawler/vendor/bundle/ruby/2.0.0/gems/nokogiri-1.6.3.1/ports/x86_64-apple-darwin13.1.0/libxml2/2.8.0/include/libxml2 -I/usr/include -D_XOPEN_SOURCE -D_DARWIN_C_SOURCE -D_DARWIN_UNLIMITED_SELECT -D_REENTRANT   -DNOKOGIRI_LIBXML2_PATH\=\"/Users/mc975/Downloads/web-crawler/webapp/foody_crawler/vendor/bundle/ruby/2.0.0/gems/nokogiri-1.6.3.1/ports/x86_64-apple-darwin13.1.0/libxml2/2.8.0\" -DNOKOGIRI_LIBXSLT_PATH\=\"/Users/mc975/Downloads/web-crawler/webapp/foody_crawler/vendor/bundle/ruby/2.0.0/gems/nokogiri-1.6.3.1/ports/x86_64-apple-darwin13.1.0/libxslt/1.1.28\" -O3 -I/Users/travis/.sm/pkg/active/include -fPIC -mmacosx-version-min=10.7 -pipe  -Wno-error=unused-command-line-argument-hard-error-in-future -DNOKOGIRI_USE_PACKAGED_LIBRARIES conftest.c  -L. -L/Users/mc975/.rvm/rubies/ruby-2.0.0-p481/lib -L/Users/mc975/Downloads/web-crawler/webapp/foody_crawler/vendor/bundle/ruby/2.0.0/gems/nokogiri-1.6.3.1/ports/x86_64-apple-darwin13.1.0/libxml2/2.8.0/lib -L/Users/mc975/Downloads/web-crawler/webapp/foody_crawler/vendor/bundle/ruby/2.0.0/gems/nokogiri-1.6.3.1/ports/x86_64-apple-darwin13.1.0/libxslt/1.1.28/lib -L/usr/lib -L.  -L/Users/travis/.sm/pkg/active/lib -L/usr/lib -fPIC -Bstatic -fstack-protector   -arch x86_64  /Users/mc975/Downloads/web-crawler/webapp/foody_crawler/vendor/bundle/ruby/2.0.0/gems/nokogiri-1.6.3.1/ports/x86_64-apple-darwin13.1.0/libxslt/1.1.28/lib/libexslt.a -lm -liconv -lpthread -lz /Users/mc975/Downloads/web-crawler/webapp/foody_crawler/vendor/bundle/ruby/2.0.0/gems/nokogiri-1.6.3.1/ports/x86_64-apple-darwin13.1.0/libxml2/2.8.0/lib/libxml2.a /Users/mc975/Downloads/web-crawler/webapp/foody_crawler/vendor/bundle/ruby/2.0.0/gems/nokogiri-1.6.3.1/ports/x86_64-apple-darwin13.1.0/libxslt/1.1.28/lib/libxslt.a -lm -liconv -lpthread -lz /Users/mc975/Downloads/web-crawler/webapp/foody_crawler/vendor/bundle/ruby/2.0.0/gems/nokogiri-1.6.3.1/ports/x86_64-apple-darwin13.1.0/libxml2/2.8.0/lib/libxml2.a -llzma -lruby-static /Users/mc975/Downloads/web-crawler/webapp/foody_crawler/vendor/bundle/ruby/2.0.0/gems/nokogiri-1.6.3.1/ports/x86_64-apple-darwin13.1.0/libxslt/1.1.28/lib/libexslt.a -lm -liconv -lpthread -lz /Users/mc975/Downloads/web-crawler/webapp/foody_crawler/vendor/bundle/ruby/2.0.0/gems/nokogiri-1.6.3.1/ports/x86_64-apple-darwin13.1.0/libxml2/2.8.0/lib/libxml2.a /Users/mc975/Downloads/web-crawler/webapp/foody_crawler/vendor/bundle/ruby/2.0.0/gems/nokogiri-1.6.3.1/ports/x86_64-apple-darwin13.1.0/libxslt/1.1.28/lib/libxslt.a -lm -liconv -lpthread -lz /Users/mc975/Downloads/web-crawler/webapp/foody_crawler/vendor/bundle/ruby/2.0.0/gems/nokogiri-1.6.3.1/ports/x86_64-apple-darwin13.1.0/libxml2/2.8.0/lib/libxml2.a -llzma -lpthread -ldl -lobjc  "
conftest.c:5:57: error: use of undeclared identifier 'xmlSchemaSetParserStructuredErrors'
int t(void) { void ((*volatile p)()); p = (void ((*)()))xmlSchemaSetParserStructuredErrors; return 0; }
                                                        ^
1 error generated.
checked program was:
/* begin */
 1: #include "ruby.h"
 2: 
 3: /*top*/
 4: extern int t(void);
 5: int t(void) { void ((*volatile p)()); p = (void ((*)()))xmlSchemaSetParserStructuredErrors; return 0; }
 6: int main(int argc, char **argv)
 7: {
 8:   if (argc > 1000000) {
 9:     printf("%p", &t);
10:   }
11: 
12:   return 0;
13: }
/* end */

"/usr/bin/clang -o conftest -I/Users/mc975/.rvm/rubies/ruby-2.0.0-p481/include/ruby-2.0.0/x86_64-darwin13.1.0 -I/Users/mc975/.rvm/rubies/ruby-2.0.0-p481/include/ruby-2.0.0/ruby/backward -I/Users/mc975/.rvm/rubies/ruby-2.0.0-p481/include/ruby-2.0.0 -I. -I/Users/mc975/Downloads/web-crawler/webapp/foody_crawler/vendor/bundle/ruby/2.0.0/gems/nokogiri-1.6.3.1/ports/x86_64-apple-darwin13.1.0/libxslt/1.1.28/include -I/Users/mc975/Downloads/web-crawler/webapp/foody_crawler/vendor/bundle/ruby/2.0.0/gems/nokogiri-1.6.3.1/ports/x86_64-apple-darwin13.1.0/libxml2/2.8.0/include/libxml2 -I/usr/include -I/Users/mc975/Downloads/web-crawler/webapp/foody_crawler/vendor/bundle/ruby/2.0.0/gems/nokogiri-1.6.3.1/ports/x86_64-apple-darwin13.1.0/libxml2/2.8.0/include/libxml2 -I/usr/include -D_XOPEN_SOURCE -D_DARWIN_C_SOURCE -D_DARWIN_UNLIMITED_SELECT -D_REENTRANT   -DNOKOGIRI_LIBXML2_PATH\=\"/Users/mc975/Downloads/web-crawler/webapp/foody_crawler/vendor/bundle/ruby/2.0.0/gems/nokogiri-1.6.3.1/ports/x86_64-apple-darwin13.1.0/libxml2/2.8.0\" -DNOKOGIRI_LIBXSLT_PATH\=\"/Users/mc975/Downloads/web-crawler/webapp/foody_crawler/vendor/bundle/ruby/2.0.0/gems/nokogiri-1.6.3.1/ports/x86_64-apple-darwin13.1.0/libxslt/1.1.28\" -O3 -I/Users/travis/.sm/pkg/active/include -fPIC -mmacosx-version-min=10.7 -pipe  -Wno-error=unused-command-line-argument-hard-error-in-future -DNOKOGIRI_USE_PACKAGED_LIBRARIES conftest.c  -L. -L/Users/mc975/.rvm/rubies/ruby-2.0.0-p481/lib -L/Users/mc975/Downloads/web-crawler/webapp/foody_crawler/vendor/bundle/ruby/2.0.0/gems/nokogiri-1.6.3.1/ports/x86_64-apple-darwin13.1.0/libxml2/2.8.0/lib -L/Users/mc975/Downloads/web-crawler/webapp/foody_crawler/vendor/bundle/ruby/2.0.0/gems/nokogiri-1.6.3.1/ports/x86_64-apple-darwin13.1.0/libxslt/1.1.28/lib -L/usr/lib -L.  -L/Users/travis/.sm/pkg/active/lib -L/usr/lib -fPIC -Bstatic -fstack-protector   -arch x86_64  /Users/mc975/Downloads/web-crawler/webapp/foody_crawler/vendor/bundle/ruby/2.0.0/gems/nokogiri-1.6.3.1/ports/x86_64-apple-darwin13.1.0/libxslt/1.1.28/lib/libexslt.a -lm -liconv -lpthread -lz /Users/mc975/Downloads/web-crawler/webapp/foody_crawler/vendor/bundle/ruby/2.0.0/gems/nokogiri-1.6.3.1/ports/x86_64-apple-darwin13.1.0/libxml2/2.8.0/lib/libxml2.a /Users/mc975/Downloads/web-crawler/webapp/foody_crawler/vendor/bundle/ruby/2.0.0/gems/nokogiri-1.6.3.1/ports/x86_64-apple-darwin13.1.0/libxslt/1.1.28/lib/libxslt.a -lm -liconv -lpthread -lz /Users/mc975/Downloads/web-crawler/webapp/foody_crawler/vendor/bundle/ruby/2.0.0/gems/nokogiri-1.6.3.1/ports/x86_64-apple-darwin13.1.0/libxml2/2.8.0/lib/libxml2.a -llzma -lruby-static /Users/mc975/Downloads/web-crawler/webapp/foody_crawler/vendor/bundle/ruby/2.0.0/gems/nokogiri-1.6.3.1/ports/x86_64-apple-darwin13.1.0/libxslt/1.1.28/lib/libexslt.a -lm -liconv -lpthread -lz /Users/mc975/Downloads/web-crawler/webapp/foody_crawler/vendor/bundle/ruby/2.0.0/gems/nokogiri-1.6.3.1/ports/x86_64-apple-darwin13.1.0/libxml2/2.8.0/lib/libxml2.a /Users/mc975/Downloads/web-crawler/webapp/foody_crawler/vendor/bundle/ruby/2.0.0/gems/nokogiri-1.6.3.1/ports/x86_64-apple-darwin13.1.0/libxslt/1.1.28/lib/libxslt.a -lm -liconv -lpthread -lz /Users/mc975/Downloads/web-crawler/webapp/foody_crawler/vendor/bundle/ruby/2.0.0/gems/nokogiri-1.6.3.1/ports/x86_64-apple-darwin13.1.0/libxml2/2.8.0/lib/libxml2.a -llzma -lpthread -ldl -lobjc  "
conftest.c:5:15: warning: implicit declaration of function 'xmlSchemaSetParserStructuredErrors' is invalid in C99 [-Wimplicit-function-declaration]
int t(void) { xmlSchemaSetParserStructuredErrors(); return 0; }
              ^
1 warning generated.
ld: warning: directory not found for option '-L/Users/travis/.sm/pkg/active/lib'
checked program was:
/* begin */
 1: #include "ruby.h"
 2: 
 3: /*top*/
 4: extern int t(void);
 5: int t(void) { xmlSchemaSetParserStructuredErrors(); return 0; }
 6: int main(int argc, char **argv)
 7: {
 8:   if (argc > 1000000) {
 9:     printf("%p", &t);
10:   }
11: 
12:   return 0;
13: }
/* end */

--------------------

