have_header: checking for iconv.h... -------------------- yes

"/usr/local/Cellar/gcc46/4.6.4/bin/gcc-4.6 -o conftest -I/Users/mc975/.rvm/rubies/ruby-1.9.3-p547/include/ruby-1.9.1/x86_64-darwin13.3.0 -I/Users/mc975/.rvm/rubies/ruby-1.9.3-p547/include/ruby-1.9.1/ruby/backward -I/Users/mc975/.rvm/rubies/ruby-1.9.3-p547/include/ruby-1.9.1 -I. -I/usr/include -D_XOPEN_SOURCE -D_DARWIN_C_SOURCE   -I/usr/local/opt/libyaml/include -I/usr/local/opt/readline/include -I/usr/local/opt/libksba/include -I/usr/local/opt/openssl/include  -O3 -ggdb -Wall -Wextra -Wno-unused-parameter -Wno-parentheses -Wno-long-long -Wno-missing-field-initializers -Wpointer-arith -Wwrite-strings -Wdeclaration-after-statement -Wimplicit-function-declaration  -fno-common -pipe  -O3 -Wall -Wcast-qual -Wwrite-strings -Wconversion -Wmissing-noreturn -Winline conftest.c  -L. -L/Users/mc975/.rvm/rubies/ruby-1.9.3-p547/lib -L/usr/lib -L/usr/local/opt/libyaml/lib -L/usr/local/opt/readline/lib -L/usr/local/opt/libksba/lib -L/usr/local/opt/openssl/lib -L. -L/usr/local/lib -L/usr/local/opt/libyaml/lib -L/usr/local/opt/readline/lib -L/usr/local/opt/libksba/lib -L/usr/local/opt/openssl/lib      -lruby.1.9.1  -lpthread -ldl -lobjc  "
checked program was:
/* begin */
1: #include "ruby.h"
2: 
3: int main(int argc, char **argv)
4: {
5:   return 0;
6: }
/* end */

"/usr/local/Cellar/gcc46/4.6.4/bin/gcc-4.6 -E -I/Users/mc975/.rvm/rubies/ruby-1.9.3-p547/include/ruby-1.9.1/x86_64-darwin13.3.0 -I/Users/mc975/.rvm/rubies/ruby-1.9.3-p547/include/ruby-1.9.1/ruby/backward -I/Users/mc975/.rvm/rubies/ruby-1.9.3-p547/include/ruby-1.9.1 -I. -I/usr/include -D_XOPEN_SOURCE -D_DARWIN_C_SOURCE   -I/usr/local/opt/libyaml/include -I/usr/local/opt/readline/include -I/usr/local/opt/libksba/include -I/usr/local/opt/openssl/include  -O3 -ggdb -Wall -Wextra -Wno-unused-parameter -Wno-parentheses -Wno-long-long -Wno-missing-field-initializers -Wpointer-arith -Wwrite-strings -Wdeclaration-after-statement -Wimplicit-function-declaration  -fno-common -pipe  -O3 -Wall -Wcast-qual -Wwrite-strings -Wconversion -Wmissing-noreturn -Winline  conftest.c -o conftest.i"
checked program was:
/* begin */
1: #include "ruby.h"
2: 
3: #include <iconv.h>
/* end */

--------------------

have_func: checking for iconv_open() in iconv.h... -------------------- no

"/usr/local/Cellar/gcc46/4.6.4/bin/gcc-4.6 -o conftest -I/Users/mc975/.rvm/rubies/ruby-1.9.3-p547/include/ruby-1.9.1/x86_64-darwin13.3.0 -I/Users/mc975/.rvm/rubies/ruby-1.9.3-p547/include/ruby-1.9.1/ruby/backward -I/Users/mc975/.rvm/rubies/ruby-1.9.3-p547/include/ruby-1.9.1 -I. -I/usr/include -D_XOPEN_SOURCE -D_DARWIN_C_SOURCE   -I/usr/local/opt/libyaml/include -I/usr/local/opt/readline/include -I/usr/local/opt/libksba/include -I/usr/local/opt/openssl/include  -O3 -ggdb -Wall -Wextra -Wno-unused-parameter -Wno-parentheses -Wno-long-long -Wno-missing-field-initializers -Wpointer-arith -Wwrite-strings -Wdeclaration-after-statement -Wimplicit-function-declaration  -fno-common -pipe  -O3 -Wall -Wcast-qual -Wwrite-strings -Wconversion -Wmissing-noreturn -Winline conftest.c  -L. -L/Users/mc975/.rvm/rubies/ruby-1.9.3-p547/lib -L/usr/lib -L/usr/local/opt/libyaml/lib -L/usr/local/opt/readline/lib -L/usr/local/opt/libksba/lib -L/usr/local/opt/openssl/lib -L. -L/usr/local/lib -L/usr/local/opt/libyaml/lib -L/usr/local/opt/readline/lib -L/usr/local/opt/libksba/lib -L/usr/local/opt/openssl/lib      -lruby.1.9.1  -lpthread -ldl -lobjc  "
conftest.c: In function 't':
conftest.c:6:28: warning: variable 'p' set but not used [-Wunused-but-set-variable]
Undefined symbols for architecture x86_64:
  "_iconv_open", referenced from:
      _t in ccK7Dug6.o
ld: symbol(s) not found for architecture x86_64
collect2: ld returned 1 exit status
checked program was:
/* begin */
 1: #include "ruby.h"
 2: 
 3: #include <iconv.h>
 4: 
 5: /*top*/
 6: int t() { void ((*volatile p)()); p = (void ((*)()))iconv_open; return 0; }
 7: int main(int argc, char **argv)
 8: {
 9:   if (argc > 1000000) {
10:     printf("%p", &t);
11:   }
12: 
13:   return 0;
14: }
/* end */

"/usr/local/Cellar/gcc46/4.6.4/bin/gcc-4.6 -o conftest -I/Users/mc975/.rvm/rubies/ruby-1.9.3-p547/include/ruby-1.9.1/x86_64-darwin13.3.0 -I/Users/mc975/.rvm/rubies/ruby-1.9.3-p547/include/ruby-1.9.1/ruby/backward -I/Users/mc975/.rvm/rubies/ruby-1.9.3-p547/include/ruby-1.9.1 -I. -I/usr/include -D_XOPEN_SOURCE -D_DARWIN_C_SOURCE   -I/usr/local/opt/libyaml/include -I/usr/local/opt/readline/include -I/usr/local/opt/libksba/include -I/usr/local/opt/openssl/include  -O3 -ggdb -Wall -Wextra -Wno-unused-parameter -Wno-parentheses -Wno-long-long -Wno-missing-field-initializers -Wpointer-arith -Wwrite-strings -Wdeclaration-after-statement -Wimplicit-function-declaration  -fno-common -pipe  -O3 -Wall -Wcast-qual -Wwrite-strings -Wconversion -Wmissing-noreturn -Winline conftest.c  -L. -L/Users/mc975/.rvm/rubies/ruby-1.9.3-p547/lib -L/usr/lib -L/usr/local/opt/libyaml/lib -L/usr/local/opt/readline/lib -L/usr/local/opt/libksba/lib -L/usr/local/opt/openssl/lib -L. -L/usr/local/lib -L/usr/local/opt/libyaml/lib -L/usr/local/opt/readline/lib -L/usr/local/opt/libksba/lib -L/usr/local/opt/openssl/lib      -lruby.1.9.1  -lpthread -ldl -lobjc  "
conftest.c: In function 't':
conftest.c:6:1: error: too few arguments to function 'iconv_open'
/usr/include/iconv.h:62:9: note: declared here
checked program was:
/* begin */
 1: #include "ruby.h"
 2: 
 3: #include <iconv.h>
 4: 
 5: /*top*/
 6: int t() { iconv_open(); return 0; }
 7: int main(int argc, char **argv)
 8: {
 9:   if (argc > 1000000) {
10:     printf("%p", &t);
11:   }
12: 
13:   return 0;
14: }
/* end */

--------------------

have_library: checking for iconv_open() in -liconv... -------------------- yes

"/usr/local/Cellar/gcc46/4.6.4/bin/gcc-4.6 -o conftest -I/Users/mc975/.rvm/rubies/ruby-1.9.3-p547/include/ruby-1.9.1/x86_64-darwin13.3.0 -I/Users/mc975/.rvm/rubies/ruby-1.9.3-p547/include/ruby-1.9.1/ruby/backward -I/Users/mc975/.rvm/rubies/ruby-1.9.3-p547/include/ruby-1.9.1 -I. -I/usr/include -D_XOPEN_SOURCE -D_DARWIN_C_SOURCE   -I/usr/local/opt/libyaml/include -I/usr/local/opt/readline/include -I/usr/local/opt/libksba/include -I/usr/local/opt/openssl/include  -O3 -ggdb -Wall -Wextra -Wno-unused-parameter -Wno-parentheses -Wno-long-long -Wno-missing-field-initializers -Wpointer-arith -Wwrite-strings -Wdeclaration-after-statement -Wimplicit-function-declaration  -fno-common -pipe  -O3 -Wall -Wcast-qual -Wwrite-strings -Wconversion -Wmissing-noreturn -Winline conftest.c  -L. -L/Users/mc975/.rvm/rubies/ruby-1.9.3-p547/lib -L/usr/lib -L/usr/local/opt/libyaml/lib -L/usr/local/opt/readline/lib -L/usr/local/opt/libksba/lib -L/usr/local/opt/openssl/lib -L. -L/usr/local/lib -L/usr/local/opt/libyaml/lib -L/usr/local/opt/readline/lib -L/usr/local/opt/libksba/lib -L/usr/local/opt/openssl/lib      -lruby.1.9.1 -liconv  -lpthread -ldl -lobjc  "
conftest.c: In function 't':
conftest.c:6:28: warning: variable 'p' set but not used [-Wunused-but-set-variable]
checked program was:
/* begin */
 1: #include "ruby.h"
 2: 
 3: #include <iconv.h>
 4: 
 5: /*top*/
 6: int t() { void ((*volatile p)()); p = (void ((*)()))iconv_open; return 0; }
 7: int main(int argc, char **argv)
 8: {
 9:   if (argc > 1000000) {
10:     printf("%p", &t);
11:   }
12: 
13:   return 0;
14: }
/* end */

--------------------

have_library: checking for main() in -llzma... -------------------- yes

"/usr/local/Cellar/gcc46/4.6.4/bin/gcc-4.6 -o conftest -I/Users/mc975/.rvm/rubies/ruby-1.9.3-p547/include/ruby-1.9.1/x86_64-darwin13.3.0 -I/Users/mc975/.rvm/rubies/ruby-1.9.3-p547/include/ruby-1.9.1/ruby/backward -I/Users/mc975/.rvm/rubies/ruby-1.9.3-p547/include/ruby-1.9.1 -I. -D_XOPEN_SOURCE -D_DARWIN_C_SOURCE   -I/usr/local/opt/libyaml/include -I/usr/local/opt/readline/include -I/usr/local/opt/libksba/include -I/usr/local/opt/openssl/include  -O3 -ggdb -Wall -Wextra -Wno-unused-parameter -Wno-parentheses -Wno-long-long -Wno-missing-field-initializers -Wpointer-arith -Wwrite-strings -Wdeclaration-after-statement -Wimplicit-function-declaration  -fno-common -pipe  -O3 -Wall -Wcast-qual -Wwrite-strings -Wconversion -Wmissing-noreturn -Winline -DNOKOGIRI_USE_PACKAGED_LIBRARIES conftest.c  -L. -L/Users/mc975/.rvm/rubies/ruby-1.9.3-p547/lib -L/usr/local/opt/libyaml/lib -L/usr/local/opt/readline/lib -L/usr/local/opt/libksba/lib -L/usr/local/opt/openssl/lib -L. -L/usr/local/lib -L/usr/local/opt/libyaml/lib -L/usr/local/opt/readline/lib -L/usr/local/opt/libksba/lib -L/usr/local/opt/openssl/lib      -lruby.1.9.1 -llzma  -lpthread -ldl -lobjc  "
conftest.c: In function 't':
conftest.c:4:53: error: 'main' undeclared (first use in this function)
conftest.c:4:53: note: each undeclared identifier is reported only once for each function it appears in
conftest.c:4:28: warning: variable 'p' set but not used [-Wunused-but-set-variable]
checked program was:
/* begin */
 1: #include "ruby.h"
 2: 
 3: /*top*/
 4: int t() { void ((*volatile p)()); p = (void ((*)()))main; return 0; }
 5: int main(int argc, char **argv)
 6: {
 7:   if (argc > 1000000) {
 8:     printf("%p", &t);
 9:   }
10: 
11:   return 0;
12: }
/* end */

"/usr/local/Cellar/gcc46/4.6.4/bin/gcc-4.6 -o conftest -I/Users/mc975/.rvm/rubies/ruby-1.9.3-p547/include/ruby-1.9.1/x86_64-darwin13.3.0 -I/Users/mc975/.rvm/rubies/ruby-1.9.3-p547/include/ruby-1.9.1/ruby/backward -I/Users/mc975/.rvm/rubies/ruby-1.9.3-p547/include/ruby-1.9.1 -I. -D_XOPEN_SOURCE -D_DARWIN_C_SOURCE   -I/usr/local/opt/libyaml/include -I/usr/local/opt/readline/include -I/usr/local/opt/libksba/include -I/usr/local/opt/openssl/include  -O3 -ggdb -Wall -Wextra -Wno-unused-parameter -Wno-parentheses -Wno-long-long -Wno-missing-field-initializers -Wpointer-arith -Wwrite-strings -Wdeclaration-after-statement -Wimplicit-function-declaration  -fno-common -pipe  -O3 -Wall -Wcast-qual -Wwrite-strings -Wconversion -Wmissing-noreturn -Winline -DNOKOGIRI_USE_PACKAGED_LIBRARIES conftest.c  -L. -L/Users/mc975/.rvm/rubies/ruby-1.9.3-p547/lib -L/usr/local/opt/libyaml/lib -L/usr/local/opt/readline/lib -L/usr/local/opt/libksba/lib -L/usr/local/opt/openssl/lib -L. -L/usr/local/lib -L/usr/local/opt/libyaml/lib -L/usr/local/opt/readline/lib -L/usr/local/opt/libksba/lib -L/usr/local/opt/openssl/lib      -lruby.1.9.1 -llzma  -lpthread -ldl -lobjc  "
conftest.c: In function 't':
conftest.c:4:1: warning: implicit declaration of function 'main' [-Wimplicit-function-declaration]
checked program was:
/* begin */
 1: #include "ruby.h"
 2: 
 3: /*top*/
 4: int t() { main(); return 0; }
 5: int main(int argc, char **argv)
 6: {
 7:   if (argc > 1000000) {
 8:     printf("%p", &t);
 9:   }
10: 
11:   return 0;
12: }
/* end */

--------------------

have_func: checking for xmlParseDoc() in libxml/parser.h... -------------------- yes

"/usr/local/Cellar/gcc46/4.6.4/bin/gcc-4.6 -o conftest -I/Users/mc975/.rvm/rubies/ruby-1.9.3-p547/include/ruby-1.9.1/x86_64-darwin13.3.0 -I/Users/mc975/.rvm/rubies/ruby-1.9.3-p547/include/ruby-1.9.1/ruby/backward -I/Users/mc975/.rvm/rubies/ruby-1.9.3-p547/include/ruby-1.9.1 -I. -I/Users/mc975/Downloads/web-crawler/webapp/foody_crawler/vendor/bundle/ruby/1.9.1/gems/nokogiri-1.6.3.1/ports/x86_64-apple-darwin13.3.0/libxslt/1.1.28/include -I/Users/mc975/Downloads/web-crawler/webapp/foody_crawler/vendor/bundle/ruby/1.9.1/gems/nokogiri-1.6.3.1/ports/x86_64-apple-darwin13.3.0/libxml2/2.8.0/include/libxml2 -I/usr/include -I/Users/mc975/Downloads/web-crawler/webapp/foody_crawler/vendor/bundle/ruby/1.9.1/gems/nokogiri-1.6.3.1/ports/x86_64-apple-darwin13.3.0/libxml2/2.8.0/include/libxml2 -I/usr/include -D_XOPEN_SOURCE -D_DARWIN_C_SOURCE   -I/usr/local/opt/libyaml/include -I/usr/local/opt/readline/include -I/usr/local/opt/libksba/include -I/usr/local/opt/openssl/include -DNOKOGIRI_LIBXML2_PATH\=\"/Users/mc975/Downloads/web-crawler/webapp/foody_crawler/vendor/bundle/ruby/1.9.1/gems/nokogiri-1.6.3.1/ports/x86_64-apple-darwin13.3.0/libxml2/2.8.0\" -DNOKOGIRI_LIBXSLT_PATH\=\"/Users/mc975/Downloads/web-crawler/webapp/foody_crawler/vendor/bundle/ruby/1.9.1/gems/nokogiri-1.6.3.1/ports/x86_64-apple-darwin13.3.0/libxslt/1.1.28\"  -O3 -ggdb -Wall -Wextra -Wno-unused-parameter -Wno-parentheses -Wno-long-long -Wno-missing-field-initializers -Wpointer-arith -Wwrite-strings -Wdeclaration-after-statement -Wimplicit-function-declaration  -fno-common -pipe  -O3 -Wall -Wcast-qual -Wwrite-strings -Wconversion -Wmissing-noreturn -Winline -DNOKOGIRI_USE_PACKAGED_LIBRARIES conftest.c  -L. -L/Users/mc975/.rvm/rubies/ruby-1.9.3-p547/lib -L/Users/mc975/Downloads/web-crawler/webapp/foody_crawler/vendor/bundle/ruby/1.9.1/gems/nokogiri-1.6.3.1/ports/x86_64-apple-darwin13.3.0/libxml2/2.8.0/lib -L/Users/mc975/Downloads/web-crawler/webapp/foody_crawler/vendor/bundle/ruby/1.9.1/gems/nokogiri-1.6.3.1/ports/x86_64-apple-darwin13.3.0/libxslt/1.1.28/lib -L/usr/local/opt/libyaml/lib -L/usr/local/opt/readline/lib -L/usr/local/opt/libksba/lib -L/usr/local/opt/openssl/lib -L/usr/lib -L. -L/usr/local/lib -L/usr/local/opt/libyaml/lib -L/usr/local/opt/readline/lib -L/usr/local/opt/libksba/lib -L/usr/local/opt/openssl/lib     /Users/mc975/Downloads/web-crawler/webapp/foody_crawler/vendor/bundle/ruby/1.9.1/gems/nokogiri-1.6.3.1/ports/x86_64-apple-darwin13.3.0/libxslt/1.1.28/lib/libexslt.a -lm -liconv -lpthread -lz /Users/mc975/Downloads/web-crawler/webapp/foody_crawler/vendor/bundle/ruby/1.9.1/gems/nokogiri-1.6.3.1/ports/x86_64-apple-darwin13.3.0/libxml2/2.8.0/lib/libxml2.a /Users/mc975/Downloads/web-crawler/webapp/foody_crawler/vendor/bundle/ruby/1.9.1/gems/nokogiri-1.6.3.1/ports/x86_64-apple-darwin13.3.0/libxslt/1.1.28/lib/libxslt.a -lm -liconv -lpthread -lz /Users/mc975/Downloads/web-crawler/webapp/foody_crawler/vendor/bundle/ruby/1.9.1/gems/nokogiri-1.6.3.1/ports/x86_64-apple-darwin13.3.0/libxml2/2.8.0/lib/libxml2.a -llzma -lruby.1.9.1 /Users/mc975/Downloads/web-crawler/webapp/foody_crawler/vendor/bundle/ruby/1.9.1/gems/nokogiri-1.6.3.1/ports/x86_64-apple-darwin13.3.0/libxslt/1.1.28/lib/libexslt.a -lm -liconv -lpthread -lz /Users/mc975/Downloads/web-crawler/webapp/foody_crawler/vendor/bundle/ruby/1.9.1/gems/nokogiri-1.6.3.1/ports/x86_64-apple-darwin13.3.0/libxml2/2.8.0/lib/libxml2.a /Users/mc975/Downloads/web-crawler/webapp/foody_crawler/vendor/bundle/ruby/1.9.1/gems/nokogiri-1.6.3.1/ports/x86_64-apple-darwin13.3.0/libxslt/1.1.28/lib/libxslt.a -lm -liconv -lpthread -lz /Users/mc975/Downloads/web-crawler/webapp/foody_crawler/vendor/bundle/ruby/1.9.1/gems/nokogiri-1.6.3.1/ports/x86_64-apple-darwin13.3.0/libxml2/2.8.0/lib/libxml2.a -llzma -lpthread -ldl -lobjc  "
conftest.c: In function 't':
conftest.c:6:28: warning: variable 'p' set but not used [-Wunused-but-set-variable]
checked program was:
/* begin */
 1: #include "ruby.h"
 2: 
 3: #include <libxml/parser.h>
 4: 
 5: /*top*/
 6: int t() { void ((*volatile p)()); p = (void ((*)()))xmlParseDoc; return 0; }
 7: int main(int argc, char **argv)
 8: {
 9:   if (argc > 1000000) {
10:     printf("%p", &t);
11:   }
12: 
13:   return 0;
14: }
/* end */

--------------------

have_func: checking for xsltParseStylesheetDoc() in libxslt/xslt.h... -------------------- yes

"/usr/local/Cellar/gcc46/4.6.4/bin/gcc-4.6 -o conftest -I/Users/mc975/.rvm/rubies/ruby-1.9.3-p547/include/ruby-1.9.1/x86_64-darwin13.3.0 -I/Users/mc975/.rvm/rubies/ruby-1.9.3-p547/include/ruby-1.9.1/ruby/backward -I/Users/mc975/.rvm/rubies/ruby-1.9.3-p547/include/ruby-1.9.1 -I. -I/Users/mc975/Downloads/web-crawler/webapp/foody_crawler/vendor/bundle/ruby/1.9.1/gems/nokogiri-1.6.3.1/ports/x86_64-apple-darwin13.3.0/libxslt/1.1.28/include -I/Users/mc975/Downloads/web-crawler/webapp/foody_crawler/vendor/bundle/ruby/1.9.1/gems/nokogiri-1.6.3.1/ports/x86_64-apple-darwin13.3.0/libxml2/2.8.0/include/libxml2 -I/usr/include -I/Users/mc975/Downloads/web-crawler/webapp/foody_crawler/vendor/bundle/ruby/1.9.1/gems/nokogiri-1.6.3.1/ports/x86_64-apple-darwin13.3.0/libxml2/2.8.0/include/libxml2 -I/usr/include -D_XOPEN_SOURCE -D_DARWIN_C_SOURCE   -I/usr/local/opt/libyaml/include -I/usr/local/opt/readline/include -I/usr/local/opt/libksba/include -I/usr/local/opt/openssl/include -DNOKOGIRI_LIBXML2_PATH\=\"/Users/mc975/Downloads/web-crawler/webapp/foody_crawler/vendor/bundle/ruby/1.9.1/gems/nokogiri-1.6.3.1/ports/x86_64-apple-darwin13.3.0/libxml2/2.8.0\" -DNOKOGIRI_LIBXSLT_PATH\=\"/Users/mc975/Downloads/web-crawler/webapp/foody_crawler/vendor/bundle/ruby/1.9.1/gems/nokogiri-1.6.3.1/ports/x86_64-apple-darwin13.3.0/libxslt/1.1.28\"  -O3 -ggdb -Wall -Wextra -Wno-unused-parameter -Wno-parentheses -Wno-long-long -Wno-missing-field-initializers -Wpointer-arith -Wwrite-strings -Wdeclaration-after-statement -Wimplicit-function-declaration  -fno-common -pipe  -O3 -Wall -Wcast-qual -Wwrite-strings -Wconversion -Wmissing-noreturn -Winline -DNOKOGIRI_USE_PACKAGED_LIBRARIES conftest.c  -L. -L/Users/mc975/.rvm/rubies/ruby-1.9.3-p547/lib -L/Users/mc975/Downloads/web-crawler/webapp/foody_crawler/vendor/bundle/ruby/1.9.1/gems/nokogiri-1.6.3.1/ports/x86_64-apple-darwin13.3.0/libxml2/2.8.0/lib -L/Users/mc975/Downloads/web-crawler/webapp/foody_crawler/vendor/bundle/ruby/1.9.1/gems/nokogiri-1.6.3.1/ports/x86_64-apple-darwin13.3.0/libxslt/1.1.28/lib -L/usr/local/opt/libyaml/lib -L/usr/local/opt/readline/lib -L/usr/local/opt/libksba/lib -L/usr/local/opt/openssl/lib -L/usr/lib -L. -L/usr/local/lib -L/usr/local/opt/libyaml/lib -L/usr/local/opt/readline/lib -L/usr/local/opt/libksba/lib -L/usr/local/opt/openssl/lib     /Users/mc975/Downloads/web-crawler/webapp/foody_crawler/vendor/bundle/ruby/1.9.1/gems/nokogiri-1.6.3.1/ports/x86_64-apple-darwin13.3.0/libxslt/1.1.28/lib/libexslt.a -lm -liconv -lpthread -lz /Users/mc975/Downloads/web-crawler/webapp/foody_crawler/vendor/bundle/ruby/1.9.1/gems/nokogiri-1.6.3.1/ports/x86_64-apple-darwin13.3.0/libxml2/2.8.0/lib/libxml2.a /Users/mc975/Downloads/web-crawler/webapp/foody_crawler/vendor/bundle/ruby/1.9.1/gems/nokogiri-1.6.3.1/ports/x86_64-apple-darwin13.3.0/libxslt/1.1.28/lib/libxslt.a -lm -liconv -lpthread -lz /Users/mc975/Downloads/web-crawler/webapp/foody_crawler/vendor/bundle/ruby/1.9.1/gems/nokogiri-1.6.3.1/ports/x86_64-apple-darwin13.3.0/libxml2/2.8.0/lib/libxml2.a -llzma -lruby.1.9.1 /Users/mc975/Downloads/web-crawler/webapp/foody_crawler/vendor/bundle/ruby/1.9.1/gems/nokogiri-1.6.3.1/ports/x86_64-apple-darwin13.3.0/libxslt/1.1.28/lib/libexslt.a -lm -liconv -lpthread -lz /Users/mc975/Downloads/web-crawler/webapp/foody_crawler/vendor/bundle/ruby/1.9.1/gems/nokogiri-1.6.3.1/ports/x86_64-apple-darwin13.3.0/libxml2/2.8.0/lib/libxml2.a /Users/mc975/Downloads/web-crawler/webapp/foody_crawler/vendor/bundle/ruby/1.9.1/gems/nokogiri-1.6.3.1/ports/x86_64-apple-darwin13.3.0/libxslt/1.1.28/lib/libxslt.a -lm -liconv -lpthread -lz /Users/mc975/Downloads/web-crawler/webapp/foody_crawler/vendor/bundle/ruby/1.9.1/gems/nokogiri-1.6.3.1/ports/x86_64-apple-darwin13.3.0/libxml2/2.8.0/lib/libxml2.a -llzma -lpthread -ldl -lobjc  "
conftest.c: In function 't':
conftest.c:6:53: error: 'xsltParseStylesheetDoc' undeclared (first use in this function)
conftest.c:6:53: note: each undeclared identifier is reported only once for each function it appears in
conftest.c:6:28: warning: variable 'p' set but not used [-Wunused-but-set-variable]
checked program was:
/* begin */
 1: #include "ruby.h"
 2: 
 3: #include <libxslt/xslt.h>
 4: 
 5: /*top*/
 6: int t() { void ((*volatile p)()); p = (void ((*)()))xsltParseStylesheetDoc; return 0; }
 7: int main(int argc, char **argv)
 8: {
 9:   if (argc > 1000000) {
10:     printf("%p", &t);
11:   }
12: 
13:   return 0;
14: }
/* end */

"/usr/local/Cellar/gcc46/4.6.4/bin/gcc-4.6 -o conftest -I/Users/mc975/.rvm/rubies/ruby-1.9.3-p547/include/ruby-1.9.1/x86_64-darwin13.3.0 -I/Users/mc975/.rvm/rubies/ruby-1.9.3-p547/include/ruby-1.9.1/ruby/backward -I/Users/mc975/.rvm/rubies/ruby-1.9.3-p547/include/ruby-1.9.1 -I. -I/Users/mc975/Downloads/web-crawler/webapp/foody_crawler/vendor/bundle/ruby/1.9.1/gems/nokogiri-1.6.3.1/ports/x86_64-apple-darwin13.3.0/libxslt/1.1.28/include -I/Users/mc975/Downloads/web-crawler/webapp/foody_crawler/vendor/bundle/ruby/1.9.1/gems/nokogiri-1.6.3.1/ports/x86_64-apple-darwin13.3.0/libxml2/2.8.0/include/libxml2 -I/usr/include -I/Users/mc975/Downloads/web-crawler/webapp/foody_crawler/vendor/bundle/ruby/1.9.1/gems/nokogiri-1.6.3.1/ports/x86_64-apple-darwin13.3.0/libxml2/2.8.0/include/libxml2 -I/usr/include -D_XOPEN_SOURCE -D_DARWIN_C_SOURCE   -I/usr/local/opt/libyaml/include -I/usr/local/opt/readline/include -I/usr/local/opt/libksba/include -I/usr/local/opt/openssl/include -DNOKOGIRI_LIBXML2_PATH\=\"/Users/mc975/Downloads/web-crawler/webapp/foody_crawler/vendor/bundle/ruby/1.9.1/gems/nokogiri-1.6.3.1/ports/x86_64-apple-darwin13.3.0/libxml2/2.8.0\" -DNOKOGIRI_LIBXSLT_PATH\=\"/Users/mc975/Downloads/web-crawler/webapp/foody_crawler/vendor/bundle/ruby/1.9.1/gems/nokogiri-1.6.3.1/ports/x86_64-apple-darwin13.3.0/libxslt/1.1.28\"  -O3 -ggdb -Wall -Wextra -Wno-unused-parameter -Wno-parentheses -Wno-long-long -Wno-missing-field-initializers -Wpointer-arith -Wwrite-strings -Wdeclaration-after-statement -Wimplicit-function-declaration  -fno-common -pipe  -O3 -Wall -Wcast-qual -Wwrite-strings -Wconversion -Wmissing-noreturn -Winline -DNOKOGIRI_USE_PACKAGED_LIBRARIES conftest.c  -L. -L/Users/mc975/.rvm/rubies/ruby-1.9.3-p547/lib -L/Users/mc975/Downloads/web-crawler/webapp/foody_crawler/vendor/bundle/ruby/1.9.1/gems/nokogiri-1.6.3.1/ports/x86_64-apple-darwin13.3.0/libxml2/2.8.0/lib -L/Users/mc975/Downloads/web-crawler/webapp/foody_crawler/vendor/bundle/ruby/1.9.1/gems/nokogiri-1.6.3.1/ports/x86_64-apple-darwin13.3.0/libxslt/1.1.28/lib -L/usr/local/opt/libyaml/lib -L/usr/local/opt/readline/lib -L/usr/local/opt/libksba/lib -L/usr/local/opt/openssl/lib -L/usr/lib -L. -L/usr/local/lib -L/usr/local/opt/libyaml/lib -L/usr/local/opt/readline/lib -L/usr/local/opt/libksba/lib -L/usr/local/opt/openssl/lib     /Users/mc975/Downloads/web-crawler/webapp/foody_crawler/vendor/bundle/ruby/1.9.1/gems/nokogiri-1.6.3.1/ports/x86_64-apple-darwin13.3.0/libxslt/1.1.28/lib/libexslt.a -lm -liconv -lpthread -lz /Users/mc975/Downloads/web-crawler/webapp/foody_crawler/vendor/bundle/ruby/1.9.1/gems/nokogiri-1.6.3.1/ports/x86_64-apple-darwin13.3.0/libxml2/2.8.0/lib/libxml2.a /Users/mc975/Downloads/web-crawler/webapp/foody_crawler/vendor/bundle/ruby/1.9.1/gems/nokogiri-1.6.3.1/ports/x86_64-apple-darwin13.3.0/libxslt/1.1.28/lib/libxslt.a -lm -liconv -lpthread -lz /Users/mc975/Downloads/web-crawler/webapp/foody_crawler/vendor/bundle/ruby/1.9.1/gems/nokogiri-1.6.3.1/ports/x86_64-apple-darwin13.3.0/libxml2/2.8.0/lib/libxml2.a -llzma -lruby.1.9.1 /Users/mc975/Downloads/web-crawler/webapp/foody_crawler/vendor/bundle/ruby/1.9.1/gems/nokogiri-1.6.3.1/ports/x86_64-apple-darwin13.3.0/libxslt/1.1.28/lib/libexslt.a -lm -liconv -lpthread -lz /Users/mc975/Downloads/web-crawler/webapp/foody_crawler/vendor/bundle/ruby/1.9.1/gems/nokogiri-1.6.3.1/ports/x86_64-apple-darwin13.3.0/libxml2/2.8.0/lib/libxml2.a /Users/mc975/Downloads/web-crawler/webapp/foody_crawler/vendor/bundle/ruby/1.9.1/gems/nokogiri-1.6.3.1/ports/x86_64-apple-darwin13.3.0/libxslt/1.1.28/lib/libxslt.a -lm -liconv -lpthread -lz /Users/mc975/Downloads/web-crawler/webapp/foody_crawler/vendor/bundle/ruby/1.9.1/gems/nokogiri-1.6.3.1/ports/x86_64-apple-darwin13.3.0/libxml2/2.8.0/lib/libxml2.a -llzma -lpthread -ldl -lobjc  "
conftest.c: In function 't':
conftest.c:6:1: warning: implicit declaration of function 'xsltParseStylesheetDoc' [-Wimplicit-function-declaration]
checked program was:
/* begin */
 1: #include "ruby.h"
 2: 
 3: #include <libxslt/xslt.h>
 4: 
 5: /*top*/
 6: int t() { xsltParseStylesheetDoc(); return 0; }
 7: int main(int argc, char **argv)
 8: {
 9:   if (argc > 1000000) {
10:     printf("%p", &t);
11:   }
12: 
13:   return 0;
14: }
/* end */

--------------------

have_func: checking for exsltFuncRegister() in libexslt/exslt.h... -------------------- yes

"/usr/local/Cellar/gcc46/4.6.4/bin/gcc-4.6 -o conftest -I/Users/mc975/.rvm/rubies/ruby-1.9.3-p547/include/ruby-1.9.1/x86_64-darwin13.3.0 -I/Users/mc975/.rvm/rubies/ruby-1.9.3-p547/include/ruby-1.9.1/ruby/backward -I/Users/mc975/.rvm/rubies/ruby-1.9.3-p547/include/ruby-1.9.1 -I. -I/Users/mc975/Downloads/web-crawler/webapp/foody_crawler/vendor/bundle/ruby/1.9.1/gems/nokogiri-1.6.3.1/ports/x86_64-apple-darwin13.3.0/libxslt/1.1.28/include -I/Users/mc975/Downloads/web-crawler/webapp/foody_crawler/vendor/bundle/ruby/1.9.1/gems/nokogiri-1.6.3.1/ports/x86_64-apple-darwin13.3.0/libxml2/2.8.0/include/libxml2 -I/usr/include -I/Users/mc975/Downloads/web-crawler/webapp/foody_crawler/vendor/bundle/ruby/1.9.1/gems/nokogiri-1.6.3.1/ports/x86_64-apple-darwin13.3.0/libxml2/2.8.0/include/libxml2 -I/usr/include -D_XOPEN_SOURCE -D_DARWIN_C_SOURCE   -I/usr/local/opt/libyaml/include -I/usr/local/opt/readline/include -I/usr/local/opt/libksba/include -I/usr/local/opt/openssl/include -DNOKOGIRI_LIBXML2_PATH\=\"/Users/mc975/Downloads/web-crawler/webapp/foody_crawler/vendor/bundle/ruby/1.9.1/gems/nokogiri-1.6.3.1/ports/x86_64-apple-darwin13.3.0/libxml2/2.8.0\" -DNOKOGIRI_LIBXSLT_PATH\=\"/Users/mc975/Downloads/web-crawler/webapp/foody_crawler/vendor/bundle/ruby/1.9.1/gems/nokogiri-1.6.3.1/ports/x86_64-apple-darwin13.3.0/libxslt/1.1.28\"  -O3 -ggdb -Wall -Wextra -Wno-unused-parameter -Wno-parentheses -Wno-long-long -Wno-missing-field-initializers -Wpointer-arith -Wwrite-strings -Wdeclaration-after-statement -Wimplicit-function-declaration  -fno-common -pipe  -O3 -Wall -Wcast-qual -Wwrite-strings -Wconversion -Wmissing-noreturn -Winline -DNOKOGIRI_USE_PACKAGED_LIBRARIES conftest.c  -L. -L/Users/mc975/.rvm/rubies/ruby-1.9.3-p547/lib -L/Users/mc975/Downloads/web-crawler/webapp/foody_crawler/vendor/bundle/ruby/1.9.1/gems/nokogiri-1.6.3.1/ports/x86_64-apple-darwin13.3.0/libxml2/2.8.0/lib -L/Users/mc975/Downloads/web-crawler/webapp/foody_crawler/vendor/bundle/ruby/1.9.1/gems/nokogiri-1.6.3.1/ports/x86_64-apple-darwin13.3.0/libxslt/1.1.28/lib -L/usr/local/opt/libyaml/lib -L/usr/local/opt/readline/lib -L/usr/local/opt/libksba/lib -L/usr/local/opt/openssl/lib -L/usr/lib -L. -L/usr/local/lib -L/usr/local/opt/libyaml/lib -L/usr/local/opt/readline/lib -L/usr/local/opt/libksba/lib -L/usr/local/opt/openssl/lib     /Users/mc975/Downloads/web-crawler/webapp/foody_crawler/vendor/bundle/ruby/1.9.1/gems/nokogiri-1.6.3.1/ports/x86_64-apple-darwin13.3.0/libxslt/1.1.28/lib/libexslt.a -lm -liconv -lpthread -lz /Users/mc975/Downloads/web-crawler/webapp/foody_crawler/vendor/bundle/ruby/1.9.1/gems/nokogiri-1.6.3.1/ports/x86_64-apple-darwin13.3.0/libxml2/2.8.0/lib/libxml2.a /Users/mc975/Downloads/web-crawler/webapp/foody_crawler/vendor/bundle/ruby/1.9.1/gems/nokogiri-1.6.3.1/ports/x86_64-apple-darwin13.3.0/libxslt/1.1.28/lib/libxslt.a -lm -liconv -lpthread -lz /Users/mc975/Downloads/web-crawler/webapp/foody_crawler/vendor/bundle/ruby/1.9.1/gems/nokogiri-1.6.3.1/ports/x86_64-apple-darwin13.3.0/libxml2/2.8.0/lib/libxml2.a -llzma -lruby.1.9.1 /Users/mc975/Downloads/web-crawler/webapp/foody_crawler/vendor/bundle/ruby/1.9.1/gems/nokogiri-1.6.3.1/ports/x86_64-apple-darwin13.3.0/libxslt/1.1.28/lib/libexslt.a -lm -liconv -lpthread -lz /Users/mc975/Downloads/web-crawler/webapp/foody_crawler/vendor/bundle/ruby/1.9.1/gems/nokogiri-1.6.3.1/ports/x86_64-apple-darwin13.3.0/libxml2/2.8.0/lib/libxml2.a /Users/mc975/Downloads/web-crawler/webapp/foody_crawler/vendor/bundle/ruby/1.9.1/gems/nokogiri-1.6.3.1/ports/x86_64-apple-darwin13.3.0/libxslt/1.1.28/lib/libxslt.a -lm -liconv -lpthread -lz /Users/mc975/Downloads/web-crawler/webapp/foody_crawler/vendor/bundle/ruby/1.9.1/gems/nokogiri-1.6.3.1/ports/x86_64-apple-darwin13.3.0/libxml2/2.8.0/lib/libxml2.a -llzma -lpthread -ldl -lobjc  "
conftest.c: In function 't':
conftest.c:6:28: warning: variable 'p' set but not used [-Wunused-but-set-variable]
checked program was:
/* begin */
 1: #include "ruby.h"
 2: 
 3: #include <libexslt/exslt.h>
 4: 
 5: /*top*/
 6: int t() { void ((*volatile p)()); p = (void ((*)()))exsltFuncRegister; return 0; }
 7: int main(int argc, char **argv)
 8: {
 9:   if (argc > 1000000) {
10:     printf("%p", &t);
11:   }
12: 
13:   return 0;
14: }
/* end */

--------------------

have_func: checking for xmlHasFeature()... -------------------- yes

"/usr/local/Cellar/gcc46/4.6.4/bin/gcc-4.6 -o conftest -I/Users/mc975/.rvm/rubies/ruby-1.9.3-p547/include/ruby-1.9.1/x86_64-darwin13.3.0 -I/Users/mc975/.rvm/rubies/ruby-1.9.3-p547/include/ruby-1.9.1/ruby/backward -I/Users/mc975/.rvm/rubies/ruby-1.9.3-p547/include/ruby-1.9.1 -I. -I/Users/mc975/Downloads/web-crawler/webapp/foody_crawler/vendor/bundle/ruby/1.9.1/gems/nokogiri-1.6.3.1/ports/x86_64-apple-darwin13.3.0/libxslt/1.1.28/include -I/Users/mc975/Downloads/web-crawler/webapp/foody_crawler/vendor/bundle/ruby/1.9.1/gems/nokogiri-1.6.3.1/ports/x86_64-apple-darwin13.3.0/libxml2/2.8.0/include/libxml2 -I/usr/include -I/Users/mc975/Downloads/web-crawler/webapp/foody_crawler/vendor/bundle/ruby/1.9.1/gems/nokogiri-1.6.3.1/ports/x86_64-apple-darwin13.3.0/libxml2/2.8.0/include/libxml2 -I/usr/include -D_XOPEN_SOURCE -D_DARWIN_C_SOURCE   -I/usr/local/opt/libyaml/include -I/usr/local/opt/readline/include -I/usr/local/opt/libksba/include -I/usr/local/opt/openssl/include -DNOKOGIRI_LIBXML2_PATH\=\"/Users/mc975/Downloads/web-crawler/webapp/foody_crawler/vendor/bundle/ruby/1.9.1/gems/nokogiri-1.6.3.1/ports/x86_64-apple-darwin13.3.0/libxml2/2.8.0\" -DNOKOGIRI_LIBXSLT_PATH\=\"/Users/mc975/Downloads/web-crawler/webapp/foody_crawler/vendor/bundle/ruby/1.9.1/gems/nokogiri-1.6.3.1/ports/x86_64-apple-darwin13.3.0/libxslt/1.1.28\"  -O3 -ggdb -Wall -Wextra -Wno-unused-parameter -Wno-parentheses -Wno-long-long -Wno-missing-field-initializers -Wpointer-arith -Wwrite-strings -Wdeclaration-after-statement -Wimplicit-function-declaration  -fno-common -pipe  -O3 -Wall -Wcast-qual -Wwrite-strings -Wconversion -Wmissing-noreturn -Winline -DNOKOGIRI_USE_PACKAGED_LIBRARIES conftest.c  -L. -L/Users/mc975/.rvm/rubies/ruby-1.9.3-p547/lib -L/Users/mc975/Downloads/web-crawler/webapp/foody_crawler/vendor/bundle/ruby/1.9.1/gems/nokogiri-1.6.3.1/ports/x86_64-apple-darwin13.3.0/libxml2/2.8.0/lib -L/Users/mc975/Downloads/web-crawler/webapp/foody_crawler/vendor/bundle/ruby/1.9.1/gems/nokogiri-1.6.3.1/ports/x86_64-apple-darwin13.3.0/libxslt/1.1.28/lib -L/usr/local/opt/libyaml/lib -L/usr/local/opt/readline/lib -L/usr/local/opt/libksba/lib -L/usr/local/opt/openssl/lib -L/usr/lib -L. -L/usr/local/lib -L/usr/local/opt/libyaml/lib -L/usr/local/opt/readline/lib -L/usr/local/opt/libksba/lib -L/usr/local/opt/openssl/lib     /Users/mc975/Downloads/web-crawler/webapp/foody_crawler/vendor/bundle/ruby/1.9.1/gems/nokogiri-1.6.3.1/ports/x86_64-apple-darwin13.3.0/libxslt/1.1.28/lib/libexslt.a -lm -liconv -lpthread -lz /Users/mc975/Downloads/web-crawler/webapp/foody_crawler/vendor/bundle/ruby/1.9.1/gems/nokogiri-1.6.3.1/ports/x86_64-apple-darwin13.3.0/libxml2/2.8.0/lib/libxml2.a /Users/mc975/Downloads/web-crawler/webapp/foody_crawler/vendor/bundle/ruby/1.9.1/gems/nokogiri-1.6.3.1/ports/x86_64-apple-darwin13.3.0/libxslt/1.1.28/lib/libxslt.a -lm -liconv -lpthread -lz /Users/mc975/Downloads/web-crawler/webapp/foody_crawler/vendor/bundle/ruby/1.9.1/gems/nokogiri-1.6.3.1/ports/x86_64-apple-darwin13.3.0/libxml2/2.8.0/lib/libxml2.a -llzma -lruby.1.9.1 /Users/mc975/Downloads/web-crawler/webapp/foody_crawler/vendor/bundle/ruby/1.9.1/gems/nokogiri-1.6.3.1/ports/x86_64-apple-darwin13.3.0/libxslt/1.1.28/lib/libexslt.a -lm -liconv -lpthread -lz /Users/mc975/Downloads/web-crawler/webapp/foody_crawler/vendor/bundle/ruby/1.9.1/gems/nokogiri-1.6.3.1/ports/x86_64-apple-darwin13.3.0/libxml2/2.8.0/lib/libxml2.a /Users/mc975/Downloads/web-crawler/webapp/foody_crawler/vendor/bundle/ruby/1.9.1/gems/nokogiri-1.6.3.1/ports/x86_64-apple-darwin13.3.0/libxslt/1.1.28/lib/libxslt.a -lm -liconv -lpthread -lz /Users/mc975/Downloads/web-crawler/webapp/foody_crawler/vendor/bundle/ruby/1.9.1/gems/nokogiri-1.6.3.1/ports/x86_64-apple-darwin13.3.0/libxml2/2.8.0/lib/libxml2.a -llzma -lpthread -ldl -lobjc  "
conftest.c: In function 't':
conftest.c:4:53: error: 'xmlHasFeature' undeclared (first use in this function)
conftest.c:4:53: note: each undeclared identifier is reported only once for each function it appears in
conftest.c:4:28: warning: variable 'p' set but not used [-Wunused-but-set-variable]
checked program was:
/* begin */
 1: #include "ruby.h"
 2: 
 3: /*top*/
 4: int t() { void ((*volatile p)()); p = (void ((*)()))xmlHasFeature; return 0; }
 5: int main(int argc, char **argv)
 6: {
 7:   if (argc > 1000000) {
 8:     printf("%p", &t);
 9:   }
10: 
11:   return 0;
12: }
/* end */

"/usr/local/Cellar/gcc46/4.6.4/bin/gcc-4.6 -o conftest -I/Users/mc975/.rvm/rubies/ruby-1.9.3-p547/include/ruby-1.9.1/x86_64-darwin13.3.0 -I/Users/mc975/.rvm/rubies/ruby-1.9.3-p547/include/ruby-1.9.1/ruby/backward -I/Users/mc975/.rvm/rubies/ruby-1.9.3-p547/include/ruby-1.9.1 -I. -I/Users/mc975/Downloads/web-crawler/webapp/foody_crawler/vendor/bundle/ruby/1.9.1/gems/nokogiri-1.6.3.1/ports/x86_64-apple-darwin13.3.0/libxslt/1.1.28/include -I/Users/mc975/Downloads/web-crawler/webapp/foody_crawler/vendor/bundle/ruby/1.9.1/gems/nokogiri-1.6.3.1/ports/x86_64-apple-darwin13.3.0/libxml2/2.8.0/include/libxml2 -I/usr/include -I/Users/mc975/Downloads/web-crawler/webapp/foody_crawler/vendor/bundle/ruby/1.9.1/gems/nokogiri-1.6.3.1/ports/x86_64-apple-darwin13.3.0/libxml2/2.8.0/include/libxml2 -I/usr/include -D_XOPEN_SOURCE -D_DARWIN_C_SOURCE   -I/usr/local/opt/libyaml/include -I/usr/local/opt/readline/include -I/usr/local/opt/libksba/include -I/usr/local/opt/openssl/include -DNOKOGIRI_LIBXML2_PATH\=\"/Users/mc975/Downloads/web-crawler/webapp/foody_crawler/vendor/bundle/ruby/1.9.1/gems/nokogiri-1.6.3.1/ports/x86_64-apple-darwin13.3.0/libxml2/2.8.0\" -DNOKOGIRI_LIBXSLT_PATH\=\"/Users/mc975/Downloads/web-crawler/webapp/foody_crawler/vendor/bundle/ruby/1.9.1/gems/nokogiri-1.6.3.1/ports/x86_64-apple-darwin13.3.0/libxslt/1.1.28\"  -O3 -ggdb -Wall -Wextra -Wno-unused-parameter -Wno-parentheses -Wno-long-long -Wno-missing-field-initializers -Wpointer-arith -Wwrite-strings -Wdeclaration-after-statement -Wimplicit-function-declaration  -fno-common -pipe  -O3 -Wall -Wcast-qual -Wwrite-strings -Wconversion -Wmissing-noreturn -Winline -DNOKOGIRI_USE_PACKAGED_LIBRARIES conftest.c  -L. -L/Users/mc975/.rvm/rubies/ruby-1.9.3-p547/lib -L/Users/mc975/Downloads/web-crawler/webapp/foody_crawler/vendor/bundle/ruby/1.9.1/gems/nokogiri-1.6.3.1/ports/x86_64-apple-darwin13.3.0/libxml2/2.8.0/lib -L/Users/mc975/Downloads/web-crawler/webapp/foody_crawler/vendor/bundle/ruby/1.9.1/gems/nokogiri-1.6.3.1/ports/x86_64-apple-darwin13.3.0/libxslt/1.1.28/lib -L/usr/local/opt/libyaml/lib -L/usr/local/opt/readline/lib -L/usr/local/opt/libksba/lib -L/usr/local/opt/openssl/lib -L/usr/lib -L. -L/usr/local/lib -L/usr/local/opt/libyaml/lib -L/usr/local/opt/readline/lib -L/usr/local/opt/libksba/lib -L/usr/local/opt/openssl/lib     /Users/mc975/Downloads/web-crawler/webapp/foody_crawler/vendor/bundle/ruby/1.9.1/gems/nokogiri-1.6.3.1/ports/x86_64-apple-darwin13.3.0/libxslt/1.1.28/lib/libexslt.a -lm -liconv -lpthread -lz /Users/mc975/Downloads/web-crawler/webapp/foody_crawler/vendor/bundle/ruby/1.9.1/gems/nokogiri-1.6.3.1/ports/x86_64-apple-darwin13.3.0/libxml2/2.8.0/lib/libxml2.a /Users/mc975/Downloads/web-crawler/webapp/foody_crawler/vendor/bundle/ruby/1.9.1/gems/nokogiri-1.6.3.1/ports/x86_64-apple-darwin13.3.0/libxslt/1.1.28/lib/libxslt.a -lm -liconv -lpthread -lz /Users/mc975/Downloads/web-crawler/webapp/foody_crawler/vendor/bundle/ruby/1.9.1/gems/nokogiri-1.6.3.1/ports/x86_64-apple-darwin13.3.0/libxml2/2.8.0/lib/libxml2.a -llzma -lruby.1.9.1 /Users/mc975/Downloads/web-crawler/webapp/foody_crawler/vendor/bundle/ruby/1.9.1/gems/nokogiri-1.6.3.1/ports/x86_64-apple-darwin13.3.0/libxslt/1.1.28/lib/libexslt.a -lm -liconv -lpthread -lz /Users/mc975/Downloads/web-crawler/webapp/foody_crawler/vendor/bundle/ruby/1.9.1/gems/nokogiri-1.6.3.1/ports/x86_64-apple-darwin13.3.0/libxml2/2.8.0/lib/libxml2.a /Users/mc975/Downloads/web-crawler/webapp/foody_crawler/vendor/bundle/ruby/1.9.1/gems/nokogiri-1.6.3.1/ports/x86_64-apple-darwin13.3.0/libxslt/1.1.28/lib/libxslt.a -lm -liconv -lpthread -lz /Users/mc975/Downloads/web-crawler/webapp/foody_crawler/vendor/bundle/ruby/1.9.1/gems/nokogiri-1.6.3.1/ports/x86_64-apple-darwin13.3.0/libxml2/2.8.0/lib/libxml2.a -llzma -lpthread -ldl -lobjc  "
conftest.c: In function 't':
conftest.c:4:1: warning: implicit declaration of function 'xmlHasFeature' [-Wimplicit-function-declaration]
checked program was:
/* begin */
 1: #include "ruby.h"
 2: 
 3: /*top*/
 4: int t() { xmlHasFeature(); return 0; }
 5: int main(int argc, char **argv)
 6: {
 7:   if (argc > 1000000) {
 8:     printf("%p", &t);
 9:   }
10: 
11:   return 0;
12: }
/* end */

--------------------

have_func: checking for xmlFirstElementChild()... -------------------- yes

"/usr/local/Cellar/gcc46/4.6.4/bin/gcc-4.6 -o conftest -I/Users/mc975/.rvm/rubies/ruby-1.9.3-p547/include/ruby-1.9.1/x86_64-darwin13.3.0 -I/Users/mc975/.rvm/rubies/ruby-1.9.3-p547/include/ruby-1.9.1/ruby/backward -I/Users/mc975/.rvm/rubies/ruby-1.9.3-p547/include/ruby-1.9.1 -I. -I/Users/mc975/Downloads/web-crawler/webapp/foody_crawler/vendor/bundle/ruby/1.9.1/gems/nokogiri-1.6.3.1/ports/x86_64-apple-darwin13.3.0/libxslt/1.1.28/include -I/Users/mc975/Downloads/web-crawler/webapp/foody_crawler/vendor/bundle/ruby/1.9.1/gems/nokogiri-1.6.3.1/ports/x86_64-apple-darwin13.3.0/libxml2/2.8.0/include/libxml2 -I/usr/include -I/Users/mc975/Downloads/web-crawler/webapp/foody_crawler/vendor/bundle/ruby/1.9.1/gems/nokogiri-1.6.3.1/ports/x86_64-apple-darwin13.3.0/libxml2/2.8.0/include/libxml2 -I/usr/include -D_XOPEN_SOURCE -D_DARWIN_C_SOURCE   -I/usr/local/opt/libyaml/include -I/usr/local/opt/readline/include -I/usr/local/opt/libksba/include -I/usr/local/opt/openssl/include -DNOKOGIRI_LIBXML2_PATH\=\"/Users/mc975/Downloads/web-crawler/webapp/foody_crawler/vendor/bundle/ruby/1.9.1/gems/nokogiri-1.6.3.1/ports/x86_64-apple-darwin13.3.0/libxml2/2.8.0\" -DNOKOGIRI_LIBXSLT_PATH\=\"/Users/mc975/Downloads/web-crawler/webapp/foody_crawler/vendor/bundle/ruby/1.9.1/gems/nokogiri-1.6.3.1/ports/x86_64-apple-darwin13.3.0/libxslt/1.1.28\"  -O3 -ggdb -Wall -Wextra -Wno-unused-parameter -Wno-parentheses -Wno-long-long -Wno-missing-field-initializers -Wpointer-arith -Wwrite-strings -Wdeclaration-after-statement -Wimplicit-function-declaration  -fno-common -pipe  -O3 -Wall -Wcast-qual -Wwrite-strings -Wconversion -Wmissing-noreturn -Winline -DNOKOGIRI_USE_PACKAGED_LIBRARIES conftest.c  -L. -L/Users/mc975/.rvm/rubies/ruby-1.9.3-p547/lib -L/Users/mc975/Downloads/web-crawler/webapp/foody_crawler/vendor/bundle/ruby/1.9.1/gems/nokogiri-1.6.3.1/ports/x86_64-apple-darwin13.3.0/libxml2/2.8.0/lib -L/Users/mc975/Downloads/web-crawler/webapp/foody_crawler/vendor/bundle/ruby/1.9.1/gems/nokogiri-1.6.3.1/ports/x86_64-apple-darwin13.3.0/libxslt/1.1.28/lib -L/usr/local/opt/libyaml/lib -L/usr/local/opt/readline/lib -L/usr/local/opt/libksba/lib -L/usr/local/opt/openssl/lib -L/usr/lib -L. -L/usr/local/lib -L/usr/local/opt/libyaml/lib -L/usr/local/opt/readline/lib -L/usr/local/opt/libksba/lib -L/usr/local/opt/openssl/lib     /Users/mc975/Downloads/web-crawler/webapp/foody_crawler/vendor/bundle/ruby/1.9.1/gems/nokogiri-1.6.3.1/ports/x86_64-apple-darwin13.3.0/libxslt/1.1.28/lib/libexslt.a -lm -liconv -lpthread -lz /Users/mc975/Downloads/web-crawler/webapp/foody_crawler/vendor/bundle/ruby/1.9.1/gems/nokogiri-1.6.3.1/ports/x86_64-apple-darwin13.3.0/libxml2/2.8.0/lib/libxml2.a /Users/mc975/Downloads/web-crawler/webapp/foody_crawler/vendor/bundle/ruby/1.9.1/gems/nokogiri-1.6.3.1/ports/x86_64-apple-darwin13.3.0/libxslt/1.1.28/lib/libxslt.a -lm -liconv -lpthread -lz /Users/mc975/Downloads/web-crawler/webapp/foody_crawler/vendor/bundle/ruby/1.9.1/gems/nokogiri-1.6.3.1/ports/x86_64-apple-darwin13.3.0/libxml2/2.8.0/lib/libxml2.a -llzma -lruby.1.9.1 /Users/mc975/Downloads/web-crawler/webapp/foody_crawler/vendor/bundle/ruby/1.9.1/gems/nokogiri-1.6.3.1/ports/x86_64-apple-darwin13.3.0/libxslt/1.1.28/lib/libexslt.a -lm -liconv -lpthread -lz /Users/mc975/Downloads/web-crawler/webapp/foody_crawler/vendor/bundle/ruby/1.9.1/gems/nokogiri-1.6.3.1/ports/x86_64-apple-darwin13.3.0/libxml2/2.8.0/lib/libxml2.a /Users/mc975/Downloads/web-crawler/webapp/foody_crawler/vendor/bundle/ruby/1.9.1/gems/nokogiri-1.6.3.1/ports/x86_64-apple-darwin13.3.0/libxslt/1.1.28/lib/libxslt.a -lm -liconv -lpthread -lz /Users/mc975/Downloads/web-crawler/webapp/foody_crawler/vendor/bundle/ruby/1.9.1/gems/nokogiri-1.6.3.1/ports/x86_64-apple-darwin13.3.0/libxml2/2.8.0/lib/libxml2.a -llzma -lpthread -ldl -lobjc  "
conftest.c: In function 't':
conftest.c:4:53: error: 'xmlFirstElementChild' undeclared (first use in this function)
conftest.c:4:53: note: each undeclared identifier is reported only once for each function it appears in
conftest.c:4:28: warning: variable 'p' set but not used [-Wunused-but-set-variable]
checked program was:
/* begin */
 1: #include "ruby.h"
 2: 
 3: /*top*/
 4: int t() { void ((*volatile p)()); p = (void ((*)()))xmlFirstElementChild; return 0; }
 5: int main(int argc, char **argv)
 6: {
 7:   if (argc > 1000000) {
 8:     printf("%p", &t);
 9:   }
10: 
11:   return 0;
12: }
/* end */

"/usr/local/Cellar/gcc46/4.6.4/bin/gcc-4.6 -o conftest -I/Users/mc975/.rvm/rubies/ruby-1.9.3-p547/include/ruby-1.9.1/x86_64-darwin13.3.0 -I/Users/mc975/.rvm/rubies/ruby-1.9.3-p547/include/ruby-1.9.1/ruby/backward -I/Users/mc975/.rvm/rubies/ruby-1.9.3-p547/include/ruby-1.9.1 -I. -I/Users/mc975/Downloads/web-crawler/webapp/foody_crawler/vendor/bundle/ruby/1.9.1/gems/nokogiri-1.6.3.1/ports/x86_64-apple-darwin13.3.0/libxslt/1.1.28/include -I/Users/mc975/Downloads/web-crawler/webapp/foody_crawler/vendor/bundle/ruby/1.9.1/gems/nokogiri-1.6.3.1/ports/x86_64-apple-darwin13.3.0/libxml2/2.8.0/include/libxml2 -I/usr/include -I/Users/mc975/Downloads/web-crawler/webapp/foody_crawler/vendor/bundle/ruby/1.9.1/gems/nokogiri-1.6.3.1/ports/x86_64-apple-darwin13.3.0/libxml2/2.8.0/include/libxml2 -I/usr/include -D_XOPEN_SOURCE -D_DARWIN_C_SOURCE   -I/usr/local/opt/libyaml/include -I/usr/local/opt/readline/include -I/usr/local/opt/libksba/include -I/usr/local/opt/openssl/include -DNOKOGIRI_LIBXML2_PATH\=\"/Users/mc975/Downloads/web-crawler/webapp/foody_crawler/vendor/bundle/ruby/1.9.1/gems/nokogiri-1.6.3.1/ports/x86_64-apple-darwin13.3.0/libxml2/2.8.0\" -DNOKOGIRI_LIBXSLT_PATH\=\"/Users/mc975/Downloads/web-crawler/webapp/foody_crawler/vendor/bundle/ruby/1.9.1/gems/nokogiri-1.6.3.1/ports/x86_64-apple-darwin13.3.0/libxslt/1.1.28\"  -O3 -ggdb -Wall -Wextra -Wno-unused-parameter -Wno-parentheses -Wno-long-long -Wno-missing-field-initializers -Wpointer-arith -Wwrite-strings -Wdeclaration-after-statement -Wimplicit-function-declaration  -fno-common -pipe  -O3 -Wall -Wcast-qual -Wwrite-strings -Wconversion -Wmissing-noreturn -Winline -DNOKOGIRI_USE_PACKAGED_LIBRARIES conftest.c  -L. -L/Users/mc975/.rvm/rubies/ruby-1.9.3-p547/lib -L/Users/mc975/Downloads/web-crawler/webapp/foody_crawler/vendor/bundle/ruby/1.9.1/gems/nokogiri-1.6.3.1/ports/x86_64-apple-darwin13.3.0/libxml2/2.8.0/lib -L/Users/mc975/Downloads/web-crawler/webapp/foody_crawler/vendor/bundle/ruby/1.9.1/gems/nokogiri-1.6.3.1/ports/x86_64-apple-darwin13.3.0/libxslt/1.1.28/lib -L/usr/local/opt/libyaml/lib -L/usr/local/opt/readline/lib -L/usr/local/opt/libksba/lib -L/usr/local/opt/openssl/lib -L/usr/lib -L. -L/usr/local/lib -L/usr/local/opt/libyaml/lib -L/usr/local/opt/readline/lib -L/usr/local/opt/libksba/lib -L/usr/local/opt/openssl/lib     /Users/mc975/Downloads/web-crawler/webapp/foody_crawler/vendor/bundle/ruby/1.9.1/gems/nokogiri-1.6.3.1/ports/x86_64-apple-darwin13.3.0/libxslt/1.1.28/lib/libexslt.a -lm -liconv -lpthread -lz /Users/mc975/Downloads/web-crawler/webapp/foody_crawler/vendor/bundle/ruby/1.9.1/gems/nokogiri-1.6.3.1/ports/x86_64-apple-darwin13.3.0/libxml2/2.8.0/lib/libxml2.a /Users/mc975/Downloads/web-crawler/webapp/foody_crawler/vendor/bundle/ruby/1.9.1/gems/nokogiri-1.6.3.1/ports/x86_64-apple-darwin13.3.0/libxslt/1.1.28/lib/libxslt.a -lm -liconv -lpthread -lz /Users/mc975/Downloads/web-crawler/webapp/foody_crawler/vendor/bundle/ruby/1.9.1/gems/nokogiri-1.6.3.1/ports/x86_64-apple-darwin13.3.0/libxml2/2.8.0/lib/libxml2.a -llzma -lruby.1.9.1 /Users/mc975/Downloads/web-crawler/webapp/foody_crawler/vendor/bundle/ruby/1.9.1/gems/nokogiri-1.6.3.1/ports/x86_64-apple-darwin13.3.0/libxslt/1.1.28/lib/libexslt.a -lm -liconv -lpthread -lz /Users/mc975/Downloads/web-crawler/webapp/foody_crawler/vendor/bundle/ruby/1.9.1/gems/nokogiri-1.6.3.1/ports/x86_64-apple-darwin13.3.0/libxml2/2.8.0/lib/libxml2.a /Users/mc975/Downloads/web-crawler/webapp/foody_crawler/vendor/bundle/ruby/1.9.1/gems/nokogiri-1.6.3.1/ports/x86_64-apple-darwin13.3.0/libxslt/1.1.28/lib/libxslt.a -lm -liconv -lpthread -lz /Users/mc975/Downloads/web-crawler/webapp/foody_crawler/vendor/bundle/ruby/1.9.1/gems/nokogiri-1.6.3.1/ports/x86_64-apple-darwin13.3.0/libxml2/2.8.0/lib/libxml2.a -llzma -lpthread -ldl -lobjc  "
conftest.c: In function 't':
conftest.c:4:1: warning: implicit declaration of function 'xmlFirstElementChild' [-Wimplicit-function-declaration]
checked program was:
/* begin */
 1: #include "ruby.h"
 2: 
 3: /*top*/
 4: int t() { xmlFirstElementChild(); return 0; }
 5: int main(int argc, char **argv)
 6: {
 7:   if (argc > 1000000) {
 8:     printf("%p", &t);
 9:   }
10: 
11:   return 0;
12: }
/* end */

--------------------

have_func: checking for xmlRelaxNGSetParserStructuredErrors()... -------------------- yes

"/usr/local/Cellar/gcc46/4.6.4/bin/gcc-4.6 -o conftest -I/Users/mc975/.rvm/rubies/ruby-1.9.3-p547/include/ruby-1.9.1/x86_64-darwin13.3.0 -I/Users/mc975/.rvm/rubies/ruby-1.9.3-p547/include/ruby-1.9.1/ruby/backward -I/Users/mc975/.rvm/rubies/ruby-1.9.3-p547/include/ruby-1.9.1 -I. -I/Users/mc975/Downloads/web-crawler/webapp/foody_crawler/vendor/bundle/ruby/1.9.1/gems/nokogiri-1.6.3.1/ports/x86_64-apple-darwin13.3.0/libxslt/1.1.28/include -I/Users/mc975/Downloads/web-crawler/webapp/foody_crawler/vendor/bundle/ruby/1.9.1/gems/nokogiri-1.6.3.1/ports/x86_64-apple-darwin13.3.0/libxml2/2.8.0/include/libxml2 -I/usr/include -I/Users/mc975/Downloads/web-crawler/webapp/foody_crawler/vendor/bundle/ruby/1.9.1/gems/nokogiri-1.6.3.1/ports/x86_64-apple-darwin13.3.0/libxml2/2.8.0/include/libxml2 -I/usr/include -D_XOPEN_SOURCE -D_DARWIN_C_SOURCE   -I/usr/local/opt/libyaml/include -I/usr/local/opt/readline/include -I/usr/local/opt/libksba/include -I/usr/local/opt/openssl/include -DNOKOGIRI_LIBXML2_PATH\=\"/Users/mc975/Downloads/web-crawler/webapp/foody_crawler/vendor/bundle/ruby/1.9.1/gems/nokogiri-1.6.3.1/ports/x86_64-apple-darwin13.3.0/libxml2/2.8.0\" -DNOKOGIRI_LIBXSLT_PATH\=\"/Users/mc975/Downloads/web-crawler/webapp/foody_crawler/vendor/bundle/ruby/1.9.1/gems/nokogiri-1.6.3.1/ports/x86_64-apple-darwin13.3.0/libxslt/1.1.28\"  -O3 -ggdb -Wall -Wextra -Wno-unused-parameter -Wno-parentheses -Wno-long-long -Wno-missing-field-initializers -Wpointer-arith -Wwrite-strings -Wdeclaration-after-statement -Wimplicit-function-declaration  -fno-common -pipe  -O3 -Wall -Wcast-qual -Wwrite-strings -Wconversion -Wmissing-noreturn -Winline -DNOKOGIRI_USE_PACKAGED_LIBRARIES conftest.c  -L. -L/Users/mc975/.rvm/rubies/ruby-1.9.3-p547/lib -L/Users/mc975/Downloads/web-crawler/webapp/foody_crawler/vendor/bundle/ruby/1.9.1/gems/nokogiri-1.6.3.1/ports/x86_64-apple-darwin13.3.0/libxml2/2.8.0/lib -L/Users/mc975/Downloads/web-crawler/webapp/foody_crawler/vendor/bundle/ruby/1.9.1/gems/nokogiri-1.6.3.1/ports/x86_64-apple-darwin13.3.0/libxslt/1.1.28/lib -L/usr/local/opt/libyaml/lib -L/usr/local/opt/readline/lib -L/usr/local/opt/libksba/lib -L/usr/local/opt/openssl/lib -L/usr/lib -L. -L/usr/local/lib -L/usr/local/opt/libyaml/lib -L/usr/local/opt/readline/lib -L/usr/local/opt/libksba/lib -L/usr/local/opt/openssl/lib     /Users/mc975/Downloads/web-crawler/webapp/foody_crawler/vendor/bundle/ruby/1.9.1/gems/nokogiri-1.6.3.1/ports/x86_64-apple-darwin13.3.0/libxslt/1.1.28/lib/libexslt.a -lm -liconv -lpthread -lz /Users/mc975/Downloads/web-crawler/webapp/foody_crawler/vendor/bundle/ruby/1.9.1/gems/nokogiri-1.6.3.1/ports/x86_64-apple-darwin13.3.0/libxml2/2.8.0/lib/libxml2.a /Users/mc975/Downloads/web-crawler/webapp/foody_crawler/vendor/bundle/ruby/1.9.1/gems/nokogiri-1.6.3.1/ports/x86_64-apple-darwin13.3.0/libxslt/1.1.28/lib/libxslt.a -lm -liconv -lpthread -lz /Users/mc975/Downloads/web-crawler/webapp/foody_crawler/vendor/bundle/ruby/1.9.1/gems/nokogiri-1.6.3.1/ports/x86_64-apple-darwin13.3.0/libxml2/2.8.0/lib/libxml2.a -llzma -lruby.1.9.1 /Users/mc975/Downloads/web-crawler/webapp/foody_crawler/vendor/bundle/ruby/1.9.1/gems/nokogiri-1.6.3.1/ports/x86_64-apple-darwin13.3.0/libxslt/1.1.28/lib/libexslt.a -lm -liconv -lpthread -lz /Users/mc975/Downloads/web-crawler/webapp/foody_crawler/vendor/bundle/ruby/1.9.1/gems/nokogiri-1.6.3.1/ports/x86_64-apple-darwin13.3.0/libxml2/2.8.0/lib/libxml2.a /Users/mc975/Downloads/web-crawler/webapp/foody_crawler/vendor/bundle/ruby/1.9.1/gems/nokogiri-1.6.3.1/ports/x86_64-apple-darwin13.3.0/libxslt/1.1.28/lib/libxslt.a -lm -liconv -lpthread -lz /Users/mc975/Downloads/web-crawler/webapp/foody_crawler/vendor/bundle/ruby/1.9.1/gems/nokogiri-1.6.3.1/ports/x86_64-apple-darwin13.3.0/libxml2/2.8.0/lib/libxml2.a -llzma -lpthread -ldl -lobjc  "
conftest.c: In function 't':
conftest.c:4:53: error: 'xmlRelaxNGSetParserStructuredErrors' undeclared (first use in this function)
conftest.c:4:53: note: each undeclared identifier is reported only once for each function it appears in
conftest.c:4:28: warning: variable 'p' set but not used [-Wunused-but-set-variable]
checked program was:
/* begin */
 1: #include "ruby.h"
 2: 
 3: /*top*/
 4: int t() { void ((*volatile p)()); p = (void ((*)()))xmlRelaxNGSetParserStructuredErrors; return 0; }
 5: int main(int argc, char **argv)
 6: {
 7:   if (argc > 1000000) {
 8:     printf("%p", &t);
 9:   }
10: 
11:   return 0;
12: }
/* end */

"/usr/local/Cellar/gcc46/4.6.4/bin/gcc-4.6 -o conftest -I/Users/mc975/.rvm/rubies/ruby-1.9.3-p547/include/ruby-1.9.1/x86_64-darwin13.3.0 -I/Users/mc975/.rvm/rubies/ruby-1.9.3-p547/include/ruby-1.9.1/ruby/backward -I/Users/mc975/.rvm/rubies/ruby-1.9.3-p547/include/ruby-1.9.1 -I. -I/Users/mc975/Downloads/web-crawler/webapp/foody_crawler/vendor/bundle/ruby/1.9.1/gems/nokogiri-1.6.3.1/ports/x86_64-apple-darwin13.3.0/libxslt/1.1.28/include -I/Users/mc975/Downloads/web-crawler/webapp/foody_crawler/vendor/bundle/ruby/1.9.1/gems/nokogiri-1.6.3.1/ports/x86_64-apple-darwin13.3.0/libxml2/2.8.0/include/libxml2 -I/usr/include -I/Users/mc975/Downloads/web-crawler/webapp/foody_crawler/vendor/bundle/ruby/1.9.1/gems/nokogiri-1.6.3.1/ports/x86_64-apple-darwin13.3.0/libxml2/2.8.0/include/libxml2 -I/usr/include -D_XOPEN_SOURCE -D_DARWIN_C_SOURCE   -I/usr/local/opt/libyaml/include -I/usr/local/opt/readline/include -I/usr/local/opt/libksba/include -I/usr/local/opt/openssl/include -DNOKOGIRI_LIBXML2_PATH\=\"/Users/mc975/Downloads/web-crawler/webapp/foody_crawler/vendor/bundle/ruby/1.9.1/gems/nokogiri-1.6.3.1/ports/x86_64-apple-darwin13.3.0/libxml2/2.8.0\" -DNOKOGIRI_LIBXSLT_PATH\=\"/Users/mc975/Downloads/web-crawler/webapp/foody_crawler/vendor/bundle/ruby/1.9.1/gems/nokogiri-1.6.3.1/ports/x86_64-apple-darwin13.3.0/libxslt/1.1.28\"  -O3 -ggdb -Wall -Wextra -Wno-unused-parameter -Wno-parentheses -Wno-long-long -Wno-missing-field-initializers -Wpointer-arith -Wwrite-strings -Wdeclaration-after-statement -Wimplicit-function-declaration  -fno-common -pipe  -O3 -Wall -Wcast-qual -Wwrite-strings -Wconversion -Wmissing-noreturn -Winline -DNOKOGIRI_USE_PACKAGED_LIBRARIES conftest.c  -L. -L/Users/mc975/.rvm/rubies/ruby-1.9.3-p547/lib -L/Users/mc975/Downloads/web-crawler/webapp/foody_crawler/vendor/bundle/ruby/1.9.1/gems/nokogiri-1.6.3.1/ports/x86_64-apple-darwin13.3.0/libxml2/2.8.0/lib -L/Users/mc975/Downloads/web-crawler/webapp/foody_crawler/vendor/bundle/ruby/1.9.1/gems/nokogiri-1.6.3.1/ports/x86_64-apple-darwin13.3.0/libxslt/1.1.28/lib -L/usr/local/opt/libyaml/lib -L/usr/local/opt/readline/lib -L/usr/local/opt/libksba/lib -L/usr/local/opt/openssl/lib -L/usr/lib -L. -L/usr/local/lib -L/usr/local/opt/libyaml/lib -L/usr/local/opt/readline/lib -L/usr/local/opt/libksba/lib -L/usr/local/opt/openssl/lib     /Users/mc975/Downloads/web-crawler/webapp/foody_crawler/vendor/bundle/ruby/1.9.1/gems/nokogiri-1.6.3.1/ports/x86_64-apple-darwin13.3.0/libxslt/1.1.28/lib/libexslt.a -lm -liconv -lpthread -lz /Users/mc975/Downloads/web-crawler/webapp/foody_crawler/vendor/bundle/ruby/1.9.1/gems/nokogiri-1.6.3.1/ports/x86_64-apple-darwin13.3.0/libxml2/2.8.0/lib/libxml2.a /Users/mc975/Downloads/web-crawler/webapp/foody_crawler/vendor/bundle/ruby/1.9.1/gems/nokogiri-1.6.3.1/ports/x86_64-apple-darwin13.3.0/libxslt/1.1.28/lib/libxslt.a -lm -liconv -lpthread -lz /Users/mc975/Downloads/web-crawler/webapp/foody_crawler/vendor/bundle/ruby/1.9.1/gems/nokogiri-1.6.3.1/ports/x86_64-apple-darwin13.3.0/libxml2/2.8.0/lib/libxml2.a -llzma -lruby.1.9.1 /Users/mc975/Downloads/web-crawler/webapp/foody_crawler/vendor/bundle/ruby/1.9.1/gems/nokogiri-1.6.3.1/ports/x86_64-apple-darwin13.3.0/libxslt/1.1.28/lib/libexslt.a -lm -liconv -lpthread -lz /Users/mc975/Downloads/web-crawler/webapp/foody_crawler/vendor/bundle/ruby/1.9.1/gems/nokogiri-1.6.3.1/ports/x86_64-apple-darwin13.3.0/libxml2/2.8.0/lib/libxml2.a /Users/mc975/Downloads/web-crawler/webapp/foody_crawler/vendor/bundle/ruby/1.9.1/gems/nokogiri-1.6.3.1/ports/x86_64-apple-darwin13.3.0/libxslt/1.1.28/lib/libxslt.a -lm -liconv -lpthread -lz /Users/mc975/Downloads/web-crawler/webapp/foody_crawler/vendor/bundle/ruby/1.9.1/gems/nokogiri-1.6.3.1/ports/x86_64-apple-darwin13.3.0/libxml2/2.8.0/lib/libxml2.a -llzma -lpthread -ldl -lobjc  "
conftest.c: In function 't':
conftest.c:4:1: warning: implicit declaration of function 'xmlRelaxNGSetParserStructuredErrors' [-Wimplicit-function-declaration]
checked program was:
/* begin */
 1: #include "ruby.h"
 2: 
 3: /*top*/
 4: int t() { xmlRelaxNGSetParserStructuredErrors(); return 0; }
 5: int main(int argc, char **argv)
 6: {
 7:   if (argc > 1000000) {
 8:     printf("%p", &t);
 9:   }
10: 
11:   return 0;
12: }
/* end */

--------------------

have_func: checking for xmlRelaxNGSetParserStructuredErrors()... -------------------- yes

"/usr/local/Cellar/gcc46/4.6.4/bin/gcc-4.6 -o conftest -I/Users/mc975/.rvm/rubies/ruby-1.9.3-p547/include/ruby-1.9.1/x86_64-darwin13.3.0 -I/Users/mc975/.rvm/rubies/ruby-1.9.3-p547/include/ruby-1.9.1/ruby/backward -I/Users/mc975/.rvm/rubies/ruby-1.9.3-p547/include/ruby-1.9.1 -I. -I/Users/mc975/Downloads/web-crawler/webapp/foody_crawler/vendor/bundle/ruby/1.9.1/gems/nokogiri-1.6.3.1/ports/x86_64-apple-darwin13.3.0/libxslt/1.1.28/include -I/Users/mc975/Downloads/web-crawler/webapp/foody_crawler/vendor/bundle/ruby/1.9.1/gems/nokogiri-1.6.3.1/ports/x86_64-apple-darwin13.3.0/libxml2/2.8.0/include/libxml2 -I/usr/include -I/Users/mc975/Downloads/web-crawler/webapp/foody_crawler/vendor/bundle/ruby/1.9.1/gems/nokogiri-1.6.3.1/ports/x86_64-apple-darwin13.3.0/libxml2/2.8.0/include/libxml2 -I/usr/include -D_XOPEN_SOURCE -D_DARWIN_C_SOURCE   -I/usr/local/opt/libyaml/include -I/usr/local/opt/readline/include -I/usr/local/opt/libksba/include -I/usr/local/opt/openssl/include -DNOKOGIRI_LIBXML2_PATH\=\"/Users/mc975/Downloads/web-crawler/webapp/foody_crawler/vendor/bundle/ruby/1.9.1/gems/nokogiri-1.6.3.1/ports/x86_64-apple-darwin13.3.0/libxml2/2.8.0\" -DNOKOGIRI_LIBXSLT_PATH\=\"/Users/mc975/Downloads/web-crawler/webapp/foody_crawler/vendor/bundle/ruby/1.9.1/gems/nokogiri-1.6.3.1/ports/x86_64-apple-darwin13.3.0/libxslt/1.1.28\"  -O3 -ggdb -Wall -Wextra -Wno-unused-parameter -Wno-parentheses -Wno-long-long -Wno-missing-field-initializers -Wpointer-arith -Wwrite-strings -Wdeclaration-after-statement -Wimplicit-function-declaration  -fno-common -pipe  -O3 -Wall -Wcast-qual -Wwrite-strings -Wconversion -Wmissing-noreturn -Winline -DNOKOGIRI_USE_PACKAGED_LIBRARIES conftest.c  -L. -L/Users/mc975/.rvm/rubies/ruby-1.9.3-p547/lib -L/Users/mc975/Downloads/web-crawler/webapp/foody_crawler/vendor/bundle/ruby/1.9.1/gems/nokogiri-1.6.3.1/ports/x86_64-apple-darwin13.3.0/libxml2/2.8.0/lib -L/Users/mc975/Downloads/web-crawler/webapp/foody_crawler/vendor/bundle/ruby/1.9.1/gems/nokogiri-1.6.3.1/ports/x86_64-apple-darwin13.3.0/libxslt/1.1.28/lib -L/usr/local/opt/libyaml/lib -L/usr/local/opt/readline/lib -L/usr/local/opt/libksba/lib -L/usr/local/opt/openssl/lib -L/usr/lib -L. -L/usr/local/lib -L/usr/local/opt/libyaml/lib -L/usr/local/opt/readline/lib -L/usr/local/opt/libksba/lib -L/usr/local/opt/openssl/lib     /Users/mc975/Downloads/web-crawler/webapp/foody_crawler/vendor/bundle/ruby/1.9.1/gems/nokogiri-1.6.3.1/ports/x86_64-apple-darwin13.3.0/libxslt/1.1.28/lib/libexslt.a -lm -liconv -lpthread -lz /Users/mc975/Downloads/web-crawler/webapp/foody_crawler/vendor/bundle/ruby/1.9.1/gems/nokogiri-1.6.3.1/ports/x86_64-apple-darwin13.3.0/libxml2/2.8.0/lib/libxml2.a /Users/mc975/Downloads/web-crawler/webapp/foody_crawler/vendor/bundle/ruby/1.9.1/gems/nokogiri-1.6.3.1/ports/x86_64-apple-darwin13.3.0/libxslt/1.1.28/lib/libxslt.a -lm -liconv -lpthread -lz /Users/mc975/Downloads/web-crawler/webapp/foody_crawler/vendor/bundle/ruby/1.9.1/gems/nokogiri-1.6.3.1/ports/x86_64-apple-darwin13.3.0/libxml2/2.8.0/lib/libxml2.a -llzma -lruby.1.9.1 /Users/mc975/Downloads/web-crawler/webapp/foody_crawler/vendor/bundle/ruby/1.9.1/gems/nokogiri-1.6.3.1/ports/x86_64-apple-darwin13.3.0/libxslt/1.1.28/lib/libexslt.a -lm -liconv -lpthread -lz /Users/mc975/Downloads/web-crawler/webapp/foody_crawler/vendor/bundle/ruby/1.9.1/gems/nokogiri-1.6.3.1/ports/x86_64-apple-darwin13.3.0/libxml2/2.8.0/lib/libxml2.a /Users/mc975/Downloads/web-crawler/webapp/foody_crawler/vendor/bundle/ruby/1.9.1/gems/nokogiri-1.6.3.1/ports/x86_64-apple-darwin13.3.0/libxslt/1.1.28/lib/libxslt.a -lm -liconv -lpthread -lz /Users/mc975/Downloads/web-crawler/webapp/foody_crawler/vendor/bundle/ruby/1.9.1/gems/nokogiri-1.6.3.1/ports/x86_64-apple-darwin13.3.0/libxml2/2.8.0/lib/libxml2.a -llzma -lpthread -ldl -lobjc  "
conftest.c: In function 't':
conftest.c:4:53: error: 'xmlRelaxNGSetParserStructuredErrors' undeclared (first use in this function)
conftest.c:4:53: note: each undeclared identifier is reported only once for each function it appears in
conftest.c:4:28: warning: variable 'p' set but not used [-Wunused-but-set-variable]
checked program was:
/* begin */
 1: #include "ruby.h"
 2: 
 3: /*top*/
 4: int t() { void ((*volatile p)()); p = (void ((*)()))xmlRelaxNGSetParserStructuredErrors; return 0; }
 5: int main(int argc, char **argv)
 6: {
 7:   if (argc > 1000000) {
 8:     printf("%p", &t);
 9:   }
10: 
11:   return 0;
12: }
/* end */

"/usr/local/Cellar/gcc46/4.6.4/bin/gcc-4.6 -o conftest -I/Users/mc975/.rvm/rubies/ruby-1.9.3-p547/include/ruby-1.9.1/x86_64-darwin13.3.0 -I/Users/mc975/.rvm/rubies/ruby-1.9.3-p547/include/ruby-1.9.1/ruby/backward -I/Users/mc975/.rvm/rubies/ruby-1.9.3-p547/include/ruby-1.9.1 -I. -I/Users/mc975/Downloads/web-crawler/webapp/foody_crawler/vendor/bundle/ruby/1.9.1/gems/nokogiri-1.6.3.1/ports/x86_64-apple-darwin13.3.0/libxslt/1.1.28/include -I/Users/mc975/Downloads/web-crawler/webapp/foody_crawler/vendor/bundle/ruby/1.9.1/gems/nokogiri-1.6.3.1/ports/x86_64-apple-darwin13.3.0/libxml2/2.8.0/include/libxml2 -I/usr/include -I/Users/mc975/Downloads/web-crawler/webapp/foody_crawler/vendor/bundle/ruby/1.9.1/gems/nokogiri-1.6.3.1/ports/x86_64-apple-darwin13.3.0/libxml2/2.8.0/include/libxml2 -I/usr/include -D_XOPEN_SOURCE -D_DARWIN_C_SOURCE   -I/usr/local/opt/libyaml/include -I/usr/local/opt/readline/include -I/usr/local/opt/libksba/include -I/usr/local/opt/openssl/include -DNOKOGIRI_LIBXML2_PATH\=\"/Users/mc975/Downloads/web-crawler/webapp/foody_crawler/vendor/bundle/ruby/1.9.1/gems/nokogiri-1.6.3.1/ports/x86_64-apple-darwin13.3.0/libxml2/2.8.0\" -DNOKOGIRI_LIBXSLT_PATH\=\"/Users/mc975/Downloads/web-crawler/webapp/foody_crawler/vendor/bundle/ruby/1.9.1/gems/nokogiri-1.6.3.1/ports/x86_64-apple-darwin13.3.0/libxslt/1.1.28\"  -O3 -ggdb -Wall -Wextra -Wno-unused-parameter -Wno-parentheses -Wno-long-long -Wno-missing-field-initializers -Wpointer-arith -Wwrite-strings -Wdeclaration-after-statement -Wimplicit-function-declaration  -fno-common -pipe  -O3 -Wall -Wcast-qual -Wwrite-strings -Wconversion -Wmissing-noreturn -Winline -DNOKOGIRI_USE_PACKAGED_LIBRARIES conftest.c  -L. -L/Users/mc975/.rvm/rubies/ruby-1.9.3-p547/lib -L/Users/mc975/Downloads/web-crawler/webapp/foody_crawler/vendor/bundle/ruby/1.9.1/gems/nokogiri-1.6.3.1/ports/x86_64-apple-darwin13.3.0/libxml2/2.8.0/lib -L/Users/mc975/Downloads/web-crawler/webapp/foody_crawler/vendor/bundle/ruby/1.9.1/gems/nokogiri-1.6.3.1/ports/x86_64-apple-darwin13.3.0/libxslt/1.1.28/lib -L/usr/local/opt/libyaml/lib -L/usr/local/opt/readline/lib -L/usr/local/opt/libksba/lib -L/usr/local/opt/openssl/lib -L/usr/lib -L. -L/usr/local/lib -L/usr/local/opt/libyaml/lib -L/usr/local/opt/readline/lib -L/usr/local/opt/libksba/lib -L/usr/local/opt/openssl/lib     /Users/mc975/Downloads/web-crawler/webapp/foody_crawler/vendor/bundle/ruby/1.9.1/gems/nokogiri-1.6.3.1/ports/x86_64-apple-darwin13.3.0/libxslt/1.1.28/lib/libexslt.a -lm -liconv -lpthread -lz /Users/mc975/Downloads/web-crawler/webapp/foody_crawler/vendor/bundle/ruby/1.9.1/gems/nokogiri-1.6.3.1/ports/x86_64-apple-darwin13.3.0/libxml2/2.8.0/lib/libxml2.a /Users/mc975/Downloads/web-crawler/webapp/foody_crawler/vendor/bundle/ruby/1.9.1/gems/nokogiri-1.6.3.1/ports/x86_64-apple-darwin13.3.0/libxslt/1.1.28/lib/libxslt.a -lm -liconv -lpthread -lz /Users/mc975/Downloads/web-crawler/webapp/foody_crawler/vendor/bundle/ruby/1.9.1/gems/nokogiri-1.6.3.1/ports/x86_64-apple-darwin13.3.0/libxml2/2.8.0/lib/libxml2.a -llzma -lruby.1.9.1 /Users/mc975/Downloads/web-crawler/webapp/foody_crawler/vendor/bundle/ruby/1.9.1/gems/nokogiri-1.6.3.1/ports/x86_64-apple-darwin13.3.0/libxslt/1.1.28/lib/libexslt.a -lm -liconv -lpthread -lz /Users/mc975/Downloads/web-crawler/webapp/foody_crawler/vendor/bundle/ruby/1.9.1/gems/nokogiri-1.6.3.1/ports/x86_64-apple-darwin13.3.0/libxml2/2.8.0/lib/libxml2.a /Users/mc975/Downloads/web-crawler/webapp/foody_crawler/vendor/bundle/ruby/1.9.1/gems/nokogiri-1.6.3.1/ports/x86_64-apple-darwin13.3.0/libxslt/1.1.28/lib/libxslt.a -lm -liconv -lpthread -lz /Users/mc975/Downloads/web-crawler/webapp/foody_crawler/vendor/bundle/ruby/1.9.1/gems/nokogiri-1.6.3.1/ports/x86_64-apple-darwin13.3.0/libxml2/2.8.0/lib/libxml2.a -llzma -lpthread -ldl -lobjc  "
conftest.c: In function 't':
conftest.c:4:1: warning: implicit declaration of function 'xmlRelaxNGSetParserStructuredErrors' [-Wimplicit-function-declaration]
checked program was:
/* begin */
 1: #include "ruby.h"
 2: 
 3: /*top*/
 4: int t() { xmlRelaxNGSetParserStructuredErrors(); return 0; }
 5: int main(int argc, char **argv)
 6: {
 7:   if (argc > 1000000) {
 8:     printf("%p", &t);
 9:   }
10: 
11:   return 0;
12: }
/* end */

--------------------

have_func: checking for xmlRelaxNGSetValidStructuredErrors()... -------------------- yes

"/usr/local/Cellar/gcc46/4.6.4/bin/gcc-4.6 -o conftest -I/Users/mc975/.rvm/rubies/ruby-1.9.3-p547/include/ruby-1.9.1/x86_64-darwin13.3.0 -I/Users/mc975/.rvm/rubies/ruby-1.9.3-p547/include/ruby-1.9.1/ruby/backward -I/Users/mc975/.rvm/rubies/ruby-1.9.3-p547/include/ruby-1.9.1 -I. -I/Users/mc975/Downloads/web-crawler/webapp/foody_crawler/vendor/bundle/ruby/1.9.1/gems/nokogiri-1.6.3.1/ports/x86_64-apple-darwin13.3.0/libxslt/1.1.28/include -I/Users/mc975/Downloads/web-crawler/webapp/foody_crawler/vendor/bundle/ruby/1.9.1/gems/nokogiri-1.6.3.1/ports/x86_64-apple-darwin13.3.0/libxml2/2.8.0/include/libxml2 -I/usr/include -I/Users/mc975/Downloads/web-crawler/webapp/foody_crawler/vendor/bundle/ruby/1.9.1/gems/nokogiri-1.6.3.1/ports/x86_64-apple-darwin13.3.0/libxml2/2.8.0/include/libxml2 -I/usr/include -D_XOPEN_SOURCE -D_DARWIN_C_SOURCE   -I/usr/local/opt/libyaml/include -I/usr/local/opt/readline/include -I/usr/local/opt/libksba/include -I/usr/local/opt/openssl/include -DNOKOGIRI_LIBXML2_PATH\=\"/Users/mc975/Downloads/web-crawler/webapp/foody_crawler/vendor/bundle/ruby/1.9.1/gems/nokogiri-1.6.3.1/ports/x86_64-apple-darwin13.3.0/libxml2/2.8.0\" -DNOKOGIRI_LIBXSLT_PATH\=\"/Users/mc975/Downloads/web-crawler/webapp/foody_crawler/vendor/bundle/ruby/1.9.1/gems/nokogiri-1.6.3.1/ports/x86_64-apple-darwin13.3.0/libxslt/1.1.28\"  -O3 -ggdb -Wall -Wextra -Wno-unused-parameter -Wno-parentheses -Wno-long-long -Wno-missing-field-initializers -Wpointer-arith -Wwrite-strings -Wdeclaration-after-statement -Wimplicit-function-declaration  -fno-common -pipe  -O3 -Wall -Wcast-qual -Wwrite-strings -Wconversion -Wmissing-noreturn -Winline -DNOKOGIRI_USE_PACKAGED_LIBRARIES conftest.c  -L. -L/Users/mc975/.rvm/rubies/ruby-1.9.3-p547/lib -L/Users/mc975/Downloads/web-crawler/webapp/foody_crawler/vendor/bundle/ruby/1.9.1/gems/nokogiri-1.6.3.1/ports/x86_64-apple-darwin13.3.0/libxml2/2.8.0/lib -L/Users/mc975/Downloads/web-crawler/webapp/foody_crawler/vendor/bundle/ruby/1.9.1/gems/nokogiri-1.6.3.1/ports/x86_64-apple-darwin13.3.0/libxslt/1.1.28/lib -L/usr/local/opt/libyaml/lib -L/usr/local/opt/readline/lib -L/usr/local/opt/libksba/lib -L/usr/local/opt/openssl/lib -L/usr/lib -L. -L/usr/local/lib -L/usr/local/opt/libyaml/lib -L/usr/local/opt/readline/lib -L/usr/local/opt/libksba/lib -L/usr/local/opt/openssl/lib     /Users/mc975/Downloads/web-crawler/webapp/foody_crawler/vendor/bundle/ruby/1.9.1/gems/nokogiri-1.6.3.1/ports/x86_64-apple-darwin13.3.0/libxslt/1.1.28/lib/libexslt.a -lm -liconv -lpthread -lz /Users/mc975/Downloads/web-crawler/webapp/foody_crawler/vendor/bundle/ruby/1.9.1/gems/nokogiri-1.6.3.1/ports/x86_64-apple-darwin13.3.0/libxml2/2.8.0/lib/libxml2.a /Users/mc975/Downloads/web-crawler/webapp/foody_crawler/vendor/bundle/ruby/1.9.1/gems/nokogiri-1.6.3.1/ports/x86_64-apple-darwin13.3.0/libxslt/1.1.28/lib/libxslt.a -lm -liconv -lpthread -lz /Users/mc975/Downloads/web-crawler/webapp/foody_crawler/vendor/bundle/ruby/1.9.1/gems/nokogiri-1.6.3.1/ports/x86_64-apple-darwin13.3.0/libxml2/2.8.0/lib/libxml2.a -llzma -lruby.1.9.1 /Users/mc975/Downloads/web-crawler/webapp/foody_crawler/vendor/bundle/ruby/1.9.1/gems/nokogiri-1.6.3.1/ports/x86_64-apple-darwin13.3.0/libxslt/1.1.28/lib/libexslt.a -lm -liconv -lpthread -lz /Users/mc975/Downloads/web-crawler/webapp/foody_crawler/vendor/bundle/ruby/1.9.1/gems/nokogiri-1.6.3.1/ports/x86_64-apple-darwin13.3.0/libxml2/2.8.0/lib/libxml2.a /Users/mc975/Downloads/web-crawler/webapp/foody_crawler/vendor/bundle/ruby/1.9.1/gems/nokogiri-1.6.3.1/ports/x86_64-apple-darwin13.3.0/libxslt/1.1.28/lib/libxslt.a -lm -liconv -lpthread -lz /Users/mc975/Downloads/web-crawler/webapp/foody_crawler/vendor/bundle/ruby/1.9.1/gems/nokogiri-1.6.3.1/ports/x86_64-apple-darwin13.3.0/libxml2/2.8.0/lib/libxml2.a -llzma -lpthread -ldl -lobjc  "
conftest.c: In function 't':
conftest.c:4:53: error: 'xmlRelaxNGSetValidStructuredErrors' undeclared (first use in this function)
conftest.c:4:53: note: each undeclared identifier is reported only once for each function it appears in
conftest.c:4:28: warning: variable 'p' set but not used [-Wunused-but-set-variable]
checked program was:
/* begin */
 1: #include "ruby.h"
 2: 
 3: /*top*/
 4: int t() { void ((*volatile p)()); p = (void ((*)()))xmlRelaxNGSetValidStructuredErrors; return 0; }
 5: int main(int argc, char **argv)
 6: {
 7:   if (argc > 1000000) {
 8:     printf("%p", &t);
 9:   }
10: 
11:   return 0;
12: }
/* end */

"/usr/local/Cellar/gcc46/4.6.4/bin/gcc-4.6 -o conftest -I/Users/mc975/.rvm/rubies/ruby-1.9.3-p547/include/ruby-1.9.1/x86_64-darwin13.3.0 -I/Users/mc975/.rvm/rubies/ruby-1.9.3-p547/include/ruby-1.9.1/ruby/backward -I/Users/mc975/.rvm/rubies/ruby-1.9.3-p547/include/ruby-1.9.1 -I. -I/Users/mc975/Downloads/web-crawler/webapp/foody_crawler/vendor/bundle/ruby/1.9.1/gems/nokogiri-1.6.3.1/ports/x86_64-apple-darwin13.3.0/libxslt/1.1.28/include -I/Users/mc975/Downloads/web-crawler/webapp/foody_crawler/vendor/bundle/ruby/1.9.1/gems/nokogiri-1.6.3.1/ports/x86_64-apple-darwin13.3.0/libxml2/2.8.0/include/libxml2 -I/usr/include -I/Users/mc975/Downloads/web-crawler/webapp/foody_crawler/vendor/bundle/ruby/1.9.1/gems/nokogiri-1.6.3.1/ports/x86_64-apple-darwin13.3.0/libxml2/2.8.0/include/libxml2 -I/usr/include -D_XOPEN_SOURCE -D_DARWIN_C_SOURCE   -I/usr/local/opt/libyaml/include -I/usr/local/opt/readline/include -I/usr/local/opt/libksba/include -I/usr/local/opt/openssl/include -DNOKOGIRI_LIBXML2_PATH\=\"/Users/mc975/Downloads/web-crawler/webapp/foody_crawler/vendor/bundle/ruby/1.9.1/gems/nokogiri-1.6.3.1/ports/x86_64-apple-darwin13.3.0/libxml2/2.8.0\" -DNOKOGIRI_LIBXSLT_PATH\=\"/Users/mc975/Downloads/web-crawler/webapp/foody_crawler/vendor/bundle/ruby/1.9.1/gems/nokogiri-1.6.3.1/ports/x86_64-apple-darwin13.3.0/libxslt/1.1.28\"  -O3 -ggdb -Wall -Wextra -Wno-unused-parameter -Wno-parentheses -Wno-long-long -Wno-missing-field-initializers -Wpointer-arith -Wwrite-strings -Wdeclaration-after-statement -Wimplicit-function-declaration  -fno-common -pipe  -O3 -Wall -Wcast-qual -Wwrite-strings -Wconversion -Wmissing-noreturn -Winline -DNOKOGIRI_USE_PACKAGED_LIBRARIES conftest.c  -L. -L/Users/mc975/.rvm/rubies/ruby-1.9.3-p547/lib -L/Users/mc975/Downloads/web-crawler/webapp/foody_crawler/vendor/bundle/ruby/1.9.1/gems/nokogiri-1.6.3.1/ports/x86_64-apple-darwin13.3.0/libxml2/2.8.0/lib -L/Users/mc975/Downloads/web-crawler/webapp/foody_crawler/vendor/bundle/ruby/1.9.1/gems/nokogiri-1.6.3.1/ports/x86_64-apple-darwin13.3.0/libxslt/1.1.28/lib -L/usr/local/opt/libyaml/lib -L/usr/local/opt/readline/lib -L/usr/local/opt/libksba/lib -L/usr/local/opt/openssl/lib -L/usr/lib -L. -L/usr/local/lib -L/usr/local/opt/libyaml/lib -L/usr/local/opt/readline/lib -L/usr/local/opt/libksba/lib -L/usr/local/opt/openssl/lib     /Users/mc975/Downloads/web-crawler/webapp/foody_crawler/vendor/bundle/ruby/1.9.1/gems/nokogiri-1.6.3.1/ports/x86_64-apple-darwin13.3.0/libxslt/1.1.28/lib/libexslt.a -lm -liconv -lpthread -lz /Users/mc975/Downloads/web-crawler/webapp/foody_crawler/vendor/bundle/ruby/1.9.1/gems/nokogiri-1.6.3.1/ports/x86_64-apple-darwin13.3.0/libxml2/2.8.0/lib/libxml2.a /Users/mc975/Downloads/web-crawler/webapp/foody_crawler/vendor/bundle/ruby/1.9.1/gems/nokogiri-1.6.3.1/ports/x86_64-apple-darwin13.3.0/libxslt/1.1.28/lib/libxslt.a -lm -liconv -lpthread -lz /Users/mc975/Downloads/web-crawler/webapp/foody_crawler/vendor/bundle/ruby/1.9.1/gems/nokogiri-1.6.3.1/ports/x86_64-apple-darwin13.3.0/libxml2/2.8.0/lib/libxml2.a -llzma -lruby.1.9.1 /Users/mc975/Downloads/web-crawler/webapp/foody_crawler/vendor/bundle/ruby/1.9.1/gems/nokogiri-1.6.3.1/ports/x86_64-apple-darwin13.3.0/libxslt/1.1.28/lib/libexslt.a -lm -liconv -lpthread -lz /Users/mc975/Downloads/web-crawler/webapp/foody_crawler/vendor/bundle/ruby/1.9.1/gems/nokogiri-1.6.3.1/ports/x86_64-apple-darwin13.3.0/libxml2/2.8.0/lib/libxml2.a /Users/mc975/Downloads/web-crawler/webapp/foody_crawler/vendor/bundle/ruby/1.9.1/gems/nokogiri-1.6.3.1/ports/x86_64-apple-darwin13.3.0/libxslt/1.1.28/lib/libxslt.a -lm -liconv -lpthread -lz /Users/mc975/Downloads/web-crawler/webapp/foody_crawler/vendor/bundle/ruby/1.9.1/gems/nokogiri-1.6.3.1/ports/x86_64-apple-darwin13.3.0/libxml2/2.8.0/lib/libxml2.a -llzma -lpthread -ldl -lobjc  "
conftest.c: In function 't':
conftest.c:4:1: warning: implicit declaration of function 'xmlRelaxNGSetValidStructuredErrors' [-Wimplicit-function-declaration]
checked program was:
/* begin */
 1: #include "ruby.h"
 2: 
 3: /*top*/
 4: int t() { xmlRelaxNGSetValidStructuredErrors(); return 0; }
 5: int main(int argc, char **argv)
 6: {
 7:   if (argc > 1000000) {
 8:     printf("%p", &t);
 9:   }
10: 
11:   return 0;
12: }
/* end */

--------------------

have_func: checking for xmlSchemaSetValidStructuredErrors()... -------------------- yes

"/usr/local/Cellar/gcc46/4.6.4/bin/gcc-4.6 -o conftest -I/Users/mc975/.rvm/rubies/ruby-1.9.3-p547/include/ruby-1.9.1/x86_64-darwin13.3.0 -I/Users/mc975/.rvm/rubies/ruby-1.9.3-p547/include/ruby-1.9.1/ruby/backward -I/Users/mc975/.rvm/rubies/ruby-1.9.3-p547/include/ruby-1.9.1 -I. -I/Users/mc975/Downloads/web-crawler/webapp/foody_crawler/vendor/bundle/ruby/1.9.1/gems/nokogiri-1.6.3.1/ports/x86_64-apple-darwin13.3.0/libxslt/1.1.28/include -I/Users/mc975/Downloads/web-crawler/webapp/foody_crawler/vendor/bundle/ruby/1.9.1/gems/nokogiri-1.6.3.1/ports/x86_64-apple-darwin13.3.0/libxml2/2.8.0/include/libxml2 -I/usr/include -I/Users/mc975/Downloads/web-crawler/webapp/foody_crawler/vendor/bundle/ruby/1.9.1/gems/nokogiri-1.6.3.1/ports/x86_64-apple-darwin13.3.0/libxml2/2.8.0/include/libxml2 -I/usr/include -D_XOPEN_SOURCE -D_DARWIN_C_SOURCE   -I/usr/local/opt/libyaml/include -I/usr/local/opt/readline/include -I/usr/local/opt/libksba/include -I/usr/local/opt/openssl/include -DNOKOGIRI_LIBXML2_PATH\=\"/Users/mc975/Downloads/web-crawler/webapp/foody_crawler/vendor/bundle/ruby/1.9.1/gems/nokogiri-1.6.3.1/ports/x86_64-apple-darwin13.3.0/libxml2/2.8.0\" -DNOKOGIRI_LIBXSLT_PATH\=\"/Users/mc975/Downloads/web-crawler/webapp/foody_crawler/vendor/bundle/ruby/1.9.1/gems/nokogiri-1.6.3.1/ports/x86_64-apple-darwin13.3.0/libxslt/1.1.28\"  -O3 -ggdb -Wall -Wextra -Wno-unused-parameter -Wno-parentheses -Wno-long-long -Wno-missing-field-initializers -Wpointer-arith -Wwrite-strings -Wdeclaration-after-statement -Wimplicit-function-declaration  -fno-common -pipe  -O3 -Wall -Wcast-qual -Wwrite-strings -Wconversion -Wmissing-noreturn -Winline -DNOKOGIRI_USE_PACKAGED_LIBRARIES conftest.c  -L. -L/Users/mc975/.rvm/rubies/ruby-1.9.3-p547/lib -L/Users/mc975/Downloads/web-crawler/webapp/foody_crawler/vendor/bundle/ruby/1.9.1/gems/nokogiri-1.6.3.1/ports/x86_64-apple-darwin13.3.0/libxml2/2.8.0/lib -L/Users/mc975/Downloads/web-crawler/webapp/foody_crawler/vendor/bundle/ruby/1.9.1/gems/nokogiri-1.6.3.1/ports/x86_64-apple-darwin13.3.0/libxslt/1.1.28/lib -L/usr/local/opt/libyaml/lib -L/usr/local/opt/readline/lib -L/usr/local/opt/libksba/lib -L/usr/local/opt/openssl/lib -L/usr/lib -L. -L/usr/local/lib -L/usr/local/opt/libyaml/lib -L/usr/local/opt/readline/lib -L/usr/local/opt/libksba/lib -L/usr/local/opt/openssl/lib     /Users/mc975/Downloads/web-crawler/webapp/foody_crawler/vendor/bundle/ruby/1.9.1/gems/nokogiri-1.6.3.1/ports/x86_64-apple-darwin13.3.0/libxslt/1.1.28/lib/libexslt.a -lm -liconv -lpthread -lz /Users/mc975/Downloads/web-crawler/webapp/foody_crawler/vendor/bundle/ruby/1.9.1/gems/nokogiri-1.6.3.1/ports/x86_64-apple-darwin13.3.0/libxml2/2.8.0/lib/libxml2.a /Users/mc975/Downloads/web-crawler/webapp/foody_crawler/vendor/bundle/ruby/1.9.1/gems/nokogiri-1.6.3.1/ports/x86_64-apple-darwin13.3.0/libxslt/1.1.28/lib/libxslt.a -lm -liconv -lpthread -lz /Users/mc975/Downloads/web-crawler/webapp/foody_crawler/vendor/bundle/ruby/1.9.1/gems/nokogiri-1.6.3.1/ports/x86_64-apple-darwin13.3.0/libxml2/2.8.0/lib/libxml2.a -llzma -lruby.1.9.1 /Users/mc975/Downloads/web-crawler/webapp/foody_crawler/vendor/bundle/ruby/1.9.1/gems/nokogiri-1.6.3.1/ports/x86_64-apple-darwin13.3.0/libxslt/1.1.28/lib/libexslt.a -lm -liconv -lpthread -lz /Users/mc975/Downloads/web-crawler/webapp/foody_crawler/vendor/bundle/ruby/1.9.1/gems/nokogiri-1.6.3.1/ports/x86_64-apple-darwin13.3.0/libxml2/2.8.0/lib/libxml2.a /Users/mc975/Downloads/web-crawler/webapp/foody_crawler/vendor/bundle/ruby/1.9.1/gems/nokogiri-1.6.3.1/ports/x86_64-apple-darwin13.3.0/libxslt/1.1.28/lib/libxslt.a -lm -liconv -lpthread -lz /Users/mc975/Downloads/web-crawler/webapp/foody_crawler/vendor/bundle/ruby/1.9.1/gems/nokogiri-1.6.3.1/ports/x86_64-apple-darwin13.3.0/libxml2/2.8.0/lib/libxml2.a -llzma -lpthread -ldl -lobjc  "
conftest.c: In function 't':
conftest.c:4:53: error: 'xmlSchemaSetValidStructuredErrors' undeclared (first use in this function)
conftest.c:4:53: note: each undeclared identifier is reported only once for each function it appears in
conftest.c:4:28: warning: variable 'p' set but not used [-Wunused-but-set-variable]
checked program was:
/* begin */
 1: #include "ruby.h"
 2: 
 3: /*top*/
 4: int t() { void ((*volatile p)()); p = (void ((*)()))xmlSchemaSetValidStructuredErrors; return 0; }
 5: int main(int argc, char **argv)
 6: {
 7:   if (argc > 1000000) {
 8:     printf("%p", &t);
 9:   }
10: 
11:   return 0;
12: }
/* end */

"/usr/local/Cellar/gcc46/4.6.4/bin/gcc-4.6 -o conftest -I/Users/mc975/.rvm/rubies/ruby-1.9.3-p547/include/ruby-1.9.1/x86_64-darwin13.3.0 -I/Users/mc975/.rvm/rubies/ruby-1.9.3-p547/include/ruby-1.9.1/ruby/backward -I/Users/mc975/.rvm/rubies/ruby-1.9.3-p547/include/ruby-1.9.1 -I. -I/Users/mc975/Downloads/web-crawler/webapp/foody_crawler/vendor/bundle/ruby/1.9.1/gems/nokogiri-1.6.3.1/ports/x86_64-apple-darwin13.3.0/libxslt/1.1.28/include -I/Users/mc975/Downloads/web-crawler/webapp/foody_crawler/vendor/bundle/ruby/1.9.1/gems/nokogiri-1.6.3.1/ports/x86_64-apple-darwin13.3.0/libxml2/2.8.0/include/libxml2 -I/usr/include -I/Users/mc975/Downloads/web-crawler/webapp/foody_crawler/vendor/bundle/ruby/1.9.1/gems/nokogiri-1.6.3.1/ports/x86_64-apple-darwin13.3.0/libxml2/2.8.0/include/libxml2 -I/usr/include -D_XOPEN_SOURCE -D_DARWIN_C_SOURCE   -I/usr/local/opt/libyaml/include -I/usr/local/opt/readline/include -I/usr/local/opt/libksba/include -I/usr/local/opt/openssl/include -DNOKOGIRI_LIBXML2_PATH\=\"/Users/mc975/Downloads/web-crawler/webapp/foody_crawler/vendor/bundle/ruby/1.9.1/gems/nokogiri-1.6.3.1/ports/x86_64-apple-darwin13.3.0/libxml2/2.8.0\" -DNOKOGIRI_LIBXSLT_PATH\=\"/Users/mc975/Downloads/web-crawler/webapp/foody_crawler/vendor/bundle/ruby/1.9.1/gems/nokogiri-1.6.3.1/ports/x86_64-apple-darwin13.3.0/libxslt/1.1.28\"  -O3 -ggdb -Wall -Wextra -Wno-unused-parameter -Wno-parentheses -Wno-long-long -Wno-missing-field-initializers -Wpointer-arith -Wwrite-strings -Wdeclaration-after-statement -Wimplicit-function-declaration  -fno-common -pipe  -O3 -Wall -Wcast-qual -Wwrite-strings -Wconversion -Wmissing-noreturn -Winline -DNOKOGIRI_USE_PACKAGED_LIBRARIES conftest.c  -L. -L/Users/mc975/.rvm/rubies/ruby-1.9.3-p547/lib -L/Users/mc975/Downloads/web-crawler/webapp/foody_crawler/vendor/bundle/ruby/1.9.1/gems/nokogiri-1.6.3.1/ports/x86_64-apple-darwin13.3.0/libxml2/2.8.0/lib -L/Users/mc975/Downloads/web-crawler/webapp/foody_crawler/vendor/bundle/ruby/1.9.1/gems/nokogiri-1.6.3.1/ports/x86_64-apple-darwin13.3.0/libxslt/1.1.28/lib -L/usr/local/opt/libyaml/lib -L/usr/local/opt/readline/lib -L/usr/local/opt/libksba/lib -L/usr/local/opt/openssl/lib -L/usr/lib -L. -L/usr/local/lib -L/usr/local/opt/libyaml/lib -L/usr/local/opt/readline/lib -L/usr/local/opt/libksba/lib -L/usr/local/opt/openssl/lib     /Users/mc975/Downloads/web-crawler/webapp/foody_crawler/vendor/bundle/ruby/1.9.1/gems/nokogiri-1.6.3.1/ports/x86_64-apple-darwin13.3.0/libxslt/1.1.28/lib/libexslt.a -lm -liconv -lpthread -lz /Users/mc975/Downloads/web-crawler/webapp/foody_crawler/vendor/bundle/ruby/1.9.1/gems/nokogiri-1.6.3.1/ports/x86_64-apple-darwin13.3.0/libxml2/2.8.0/lib/libxml2.a /Users/mc975/Downloads/web-crawler/webapp/foody_crawler/vendor/bundle/ruby/1.9.1/gems/nokogiri-1.6.3.1/ports/x86_64-apple-darwin13.3.0/libxslt/1.1.28/lib/libxslt.a -lm -liconv -lpthread -lz /Users/mc975/Downloads/web-crawler/webapp/foody_crawler/vendor/bundle/ruby/1.9.1/gems/nokogiri-1.6.3.1/ports/x86_64-apple-darwin13.3.0/libxml2/2.8.0/lib/libxml2.a -llzma -lruby.1.9.1 /Users/mc975/Downloads/web-crawler/webapp/foody_crawler/vendor/bundle/ruby/1.9.1/gems/nokogiri-1.6.3.1/ports/x86_64-apple-darwin13.3.0/libxslt/1.1.28/lib/libexslt.a -lm -liconv -lpthread -lz /Users/mc975/Downloads/web-crawler/webapp/foody_crawler/vendor/bundle/ruby/1.9.1/gems/nokogiri-1.6.3.1/ports/x86_64-apple-darwin13.3.0/libxml2/2.8.0/lib/libxml2.a /Users/mc975/Downloads/web-crawler/webapp/foody_crawler/vendor/bundle/ruby/1.9.1/gems/nokogiri-1.6.3.1/ports/x86_64-apple-darwin13.3.0/libxslt/1.1.28/lib/libxslt.a -lm -liconv -lpthread -lz /Users/mc975/Downloads/web-crawler/webapp/foody_crawler/vendor/bundle/ruby/1.9.1/gems/nokogiri-1.6.3.1/ports/x86_64-apple-darwin13.3.0/libxml2/2.8.0/lib/libxml2.a -llzma -lpthread -ldl -lobjc  "
conftest.c: In function 't':
conftest.c:4:1: warning: implicit declaration of function 'xmlSchemaSetValidStructuredErrors' [-Wimplicit-function-declaration]
checked program was:
/* begin */
 1: #include "ruby.h"
 2: 
 3: /*top*/
 4: int t() { xmlSchemaSetValidStructuredErrors(); return 0; }
 5: int main(int argc, char **argv)
 6: {
 7:   if (argc > 1000000) {
 8:     printf("%p", &t);
 9:   }
10: 
11:   return 0;
12: }
/* end */

--------------------

have_func: checking for xmlSchemaSetParserStructuredErrors()... -------------------- yes

"/usr/local/Cellar/gcc46/4.6.4/bin/gcc-4.6 -o conftest -I/Users/mc975/.rvm/rubies/ruby-1.9.3-p547/include/ruby-1.9.1/x86_64-darwin13.3.0 -I/Users/mc975/.rvm/rubies/ruby-1.9.3-p547/include/ruby-1.9.1/ruby/backward -I/Users/mc975/.rvm/rubies/ruby-1.9.3-p547/include/ruby-1.9.1 -I. -I/Users/mc975/Downloads/web-crawler/webapp/foody_crawler/vendor/bundle/ruby/1.9.1/gems/nokogiri-1.6.3.1/ports/x86_64-apple-darwin13.3.0/libxslt/1.1.28/include -I/Users/mc975/Downloads/web-crawler/webapp/foody_crawler/vendor/bundle/ruby/1.9.1/gems/nokogiri-1.6.3.1/ports/x86_64-apple-darwin13.3.0/libxml2/2.8.0/include/libxml2 -I/usr/include -I/Users/mc975/Downloads/web-crawler/webapp/foody_crawler/vendor/bundle/ruby/1.9.1/gems/nokogiri-1.6.3.1/ports/x86_64-apple-darwin13.3.0/libxml2/2.8.0/include/libxml2 -I/usr/include -D_XOPEN_SOURCE -D_DARWIN_C_SOURCE   -I/usr/local/opt/libyaml/include -I/usr/local/opt/readline/include -I/usr/local/opt/libksba/include -I/usr/local/opt/openssl/include -DNOKOGIRI_LIBXML2_PATH\=\"/Users/mc975/Downloads/web-crawler/webapp/foody_crawler/vendor/bundle/ruby/1.9.1/gems/nokogiri-1.6.3.1/ports/x86_64-apple-darwin13.3.0/libxml2/2.8.0\" -DNOKOGIRI_LIBXSLT_PATH\=\"/Users/mc975/Downloads/web-crawler/webapp/foody_crawler/vendor/bundle/ruby/1.9.1/gems/nokogiri-1.6.3.1/ports/x86_64-apple-darwin13.3.0/libxslt/1.1.28\"  -O3 -ggdb -Wall -Wextra -Wno-unused-parameter -Wno-parentheses -Wno-long-long -Wno-missing-field-initializers -Wpointer-arith -Wwrite-strings -Wdeclaration-after-statement -Wimplicit-function-declaration  -fno-common -pipe  -O3 -Wall -Wcast-qual -Wwrite-strings -Wconversion -Wmissing-noreturn -Winline -DNOKOGIRI_USE_PACKAGED_LIBRARIES conftest.c  -L. -L/Users/mc975/.rvm/rubies/ruby-1.9.3-p547/lib -L/Users/mc975/Downloads/web-crawler/webapp/foody_crawler/vendor/bundle/ruby/1.9.1/gems/nokogiri-1.6.3.1/ports/x86_64-apple-darwin13.3.0/libxml2/2.8.0/lib -L/Users/mc975/Downloads/web-crawler/webapp/foody_crawler/vendor/bundle/ruby/1.9.1/gems/nokogiri-1.6.3.1/ports/x86_64-apple-darwin13.3.0/libxslt/1.1.28/lib -L/usr/local/opt/libyaml/lib -L/usr/local/opt/readline/lib -L/usr/local/opt/libksba/lib -L/usr/local/opt/openssl/lib -L/usr/lib -L. -L/usr/local/lib -L/usr/local/opt/libyaml/lib -L/usr/local/opt/readline/lib -L/usr/local/opt/libksba/lib -L/usr/local/opt/openssl/lib     /Users/mc975/Downloads/web-crawler/webapp/foody_crawler/vendor/bundle/ruby/1.9.1/gems/nokogiri-1.6.3.1/ports/x86_64-apple-darwin13.3.0/libxslt/1.1.28/lib/libexslt.a -lm -liconv -lpthread -lz /Users/mc975/Downloads/web-crawler/webapp/foody_crawler/vendor/bundle/ruby/1.9.1/gems/nokogiri-1.6.3.1/ports/x86_64-apple-darwin13.3.0/libxml2/2.8.0/lib/libxml2.a /Users/mc975/Downloads/web-crawler/webapp/foody_crawler/vendor/bundle/ruby/1.9.1/gems/nokogiri-1.6.3.1/ports/x86_64-apple-darwin13.3.0/libxslt/1.1.28/lib/libxslt.a -lm -liconv -lpthread -lz /Users/mc975/Downloads/web-crawler/webapp/foody_crawler/vendor/bundle/ruby/1.9.1/gems/nokogiri-1.6.3.1/ports/x86_64-apple-darwin13.3.0/libxml2/2.8.0/lib/libxml2.a -llzma -lruby.1.9.1 /Users/mc975/Downloads/web-crawler/webapp/foody_crawler/vendor/bundle/ruby/1.9.1/gems/nokogiri-1.6.3.1/ports/x86_64-apple-darwin13.3.0/libxslt/1.1.28/lib/libexslt.a -lm -liconv -lpthread -lz /Users/mc975/Downloads/web-crawler/webapp/foody_crawler/vendor/bundle/ruby/1.9.1/gems/nokogiri-1.6.3.1/ports/x86_64-apple-darwin13.3.0/libxml2/2.8.0/lib/libxml2.a /Users/mc975/Downloads/web-crawler/webapp/foody_crawler/vendor/bundle/ruby/1.9.1/gems/nokogiri-1.6.3.1/ports/x86_64-apple-darwin13.3.0/libxslt/1.1.28/lib/libxslt.a -lm -liconv -lpthread -lz /Users/mc975/Downloads/web-crawler/webapp/foody_crawler/vendor/bundle/ruby/1.9.1/gems/nokogiri-1.6.3.1/ports/x86_64-apple-darwin13.3.0/libxml2/2.8.0/lib/libxml2.a -llzma -lpthread -ldl -lobjc  "
conftest.c: In function 't':
conftest.c:4:53: error: 'xmlSchemaSetParserStructuredErrors' undeclared (first use in this function)
conftest.c:4:53: note: each undeclared identifier is reported only once for each function it appears in
conftest.c:4:28: warning: variable 'p' set but not used [-Wunused-but-set-variable]
checked program was:
/* begin */
 1: #include "ruby.h"
 2: 
 3: /*top*/
 4: int t() { void ((*volatile p)()); p = (void ((*)()))xmlSchemaSetParserStructuredErrors; return 0; }
 5: int main(int argc, char **argv)
 6: {
 7:   if (argc > 1000000) {
 8:     printf("%p", &t);
 9:   }
10: 
11:   return 0;
12: }
/* end */

"/usr/local/Cellar/gcc46/4.6.4/bin/gcc-4.6 -o conftest -I/Users/mc975/.rvm/rubies/ruby-1.9.3-p547/include/ruby-1.9.1/x86_64-darwin13.3.0 -I/Users/mc975/.rvm/rubies/ruby-1.9.3-p547/include/ruby-1.9.1/ruby/backward -I/Users/mc975/.rvm/rubies/ruby-1.9.3-p547/include/ruby-1.9.1 -I. -I/Users/mc975/Downloads/web-crawler/webapp/foody_crawler/vendor/bundle/ruby/1.9.1/gems/nokogiri-1.6.3.1/ports/x86_64-apple-darwin13.3.0/libxslt/1.1.28/include -I/Users/mc975/Downloads/web-crawler/webapp/foody_crawler/vendor/bundle/ruby/1.9.1/gems/nokogiri-1.6.3.1/ports/x86_64-apple-darwin13.3.0/libxml2/2.8.0/include/libxml2 -I/usr/include -I/Users/mc975/Downloads/web-crawler/webapp/foody_crawler/vendor/bundle/ruby/1.9.1/gems/nokogiri-1.6.3.1/ports/x86_64-apple-darwin13.3.0/libxml2/2.8.0/include/libxml2 -I/usr/include -D_XOPEN_SOURCE -D_DARWIN_C_SOURCE   -I/usr/local/opt/libyaml/include -I/usr/local/opt/readline/include -I/usr/local/opt/libksba/include -I/usr/local/opt/openssl/include -DNOKOGIRI_LIBXML2_PATH\=\"/Users/mc975/Downloads/web-crawler/webapp/foody_crawler/vendor/bundle/ruby/1.9.1/gems/nokogiri-1.6.3.1/ports/x86_64-apple-darwin13.3.0/libxml2/2.8.0\" -DNOKOGIRI_LIBXSLT_PATH\=\"/Users/mc975/Downloads/web-crawler/webapp/foody_crawler/vendor/bundle/ruby/1.9.1/gems/nokogiri-1.6.3.1/ports/x86_64-apple-darwin13.3.0/libxslt/1.1.28\"  -O3 -ggdb -Wall -Wextra -Wno-unused-parameter -Wno-parentheses -Wno-long-long -Wno-missing-field-initializers -Wpointer-arith -Wwrite-strings -Wdeclaration-after-statement -Wimplicit-function-declaration  -fno-common -pipe  -O3 -Wall -Wcast-qual -Wwrite-strings -Wconversion -Wmissing-noreturn -Winline -DNOKOGIRI_USE_PACKAGED_LIBRARIES conftest.c  -L. -L/Users/mc975/.rvm/rubies/ruby-1.9.3-p547/lib -L/Users/mc975/Downloads/web-crawler/webapp/foody_crawler/vendor/bundle/ruby/1.9.1/gems/nokogiri-1.6.3.1/ports/x86_64-apple-darwin13.3.0/libxml2/2.8.0/lib -L/Users/mc975/Downloads/web-crawler/webapp/foody_crawler/vendor/bundle/ruby/1.9.1/gems/nokogiri-1.6.3.1/ports/x86_64-apple-darwin13.3.0/libxslt/1.1.28/lib -L/usr/local/opt/libyaml/lib -L/usr/local/opt/readline/lib -L/usr/local/opt/libksba/lib -L/usr/local/opt/openssl/lib -L/usr/lib -L. -L/usr/local/lib -L/usr/local/opt/libyaml/lib -L/usr/local/opt/readline/lib -L/usr/local/opt/libksba/lib -L/usr/local/opt/openssl/lib     /Users/mc975/Downloads/web-crawler/webapp/foody_crawler/vendor/bundle/ruby/1.9.1/gems/nokogiri-1.6.3.1/ports/x86_64-apple-darwin13.3.0/libxslt/1.1.28/lib/libexslt.a -lm -liconv -lpthread -lz /Users/mc975/Downloads/web-crawler/webapp/foody_crawler/vendor/bundle/ruby/1.9.1/gems/nokogiri-1.6.3.1/ports/x86_64-apple-darwin13.3.0/libxml2/2.8.0/lib/libxml2.a /Users/mc975/Downloads/web-crawler/webapp/foody_crawler/vendor/bundle/ruby/1.9.1/gems/nokogiri-1.6.3.1/ports/x86_64-apple-darwin13.3.0/libxslt/1.1.28/lib/libxslt.a -lm -liconv -lpthread -lz /Users/mc975/Downloads/web-crawler/webapp/foody_crawler/vendor/bundle/ruby/1.9.1/gems/nokogiri-1.6.3.1/ports/x86_64-apple-darwin13.3.0/libxml2/2.8.0/lib/libxml2.a -llzma -lruby.1.9.1 /Users/mc975/Downloads/web-crawler/webapp/foody_crawler/vendor/bundle/ruby/1.9.1/gems/nokogiri-1.6.3.1/ports/x86_64-apple-darwin13.3.0/libxslt/1.1.28/lib/libexslt.a -lm -liconv -lpthread -lz /Users/mc975/Downloads/web-crawler/webapp/foody_crawler/vendor/bundle/ruby/1.9.1/gems/nokogiri-1.6.3.1/ports/x86_64-apple-darwin13.3.0/libxml2/2.8.0/lib/libxml2.a /Users/mc975/Downloads/web-crawler/webapp/foody_crawler/vendor/bundle/ruby/1.9.1/gems/nokogiri-1.6.3.1/ports/x86_64-apple-darwin13.3.0/libxslt/1.1.28/lib/libxslt.a -lm -liconv -lpthread -lz /Users/mc975/Downloads/web-crawler/webapp/foody_crawler/vendor/bundle/ruby/1.9.1/gems/nokogiri-1.6.3.1/ports/x86_64-apple-darwin13.3.0/libxml2/2.8.0/lib/libxml2.a -llzma -lpthread -ldl -lobjc  "
conftest.c: In function 't':
conftest.c:4:1: warning: implicit declaration of function 'xmlSchemaSetParserStructuredErrors' [-Wimplicit-function-declaration]
checked program was:
/* begin */
 1: #include "ruby.h"
 2: 
 3: /*top*/
 4: int t() { xmlSchemaSetParserStructuredErrors(); return 0; }
 5: int main(int argc, char **argv)
 6: {
 7:   if (argc > 1000000) {
 8:     printf("%p", &t);
 9:   }
10: 
11:   return 0;
12: }
/* end */

--------------------

